::1 - - [29/Sep/2020:16:21:38 +0200] "GET / HTTP/1.1" 200 1598
::1 - - [29/Sep/2020:16:21:38 +0200] "GET /?getimg=title HTTP/1.1" 200 6119
::1 - - [29/Sep/2020:16:21:38 +0200] "GET /?getimg=folder HTTP/1.1" 200 537
::1 - - [29/Sep/2020:16:21:38 +0200] "GET /?getimg=favicon HTTP/1.1" 200 5430
::1 - - [29/Sep/2020:16:21:40 +0200] "GET /my-app HTTP/1.1" 301 331
::1 - - [29/Sep/2020:16:21:40 +0200] "GET /my-app/ HTTP/1.1" 200 769
::1 - - [29/Sep/2020:16:21:40 +0200] "GET /icons/blank.gif HTTP/1.1" 200 148
::1 - - [29/Sep/2020:16:21:40 +0200] "GET /icons/back.gif HTTP/1.1" 200 216
::1 - - [29/Sep/2020:16:21:40 +0200] "GET /favicon.ico HTTP/1.1" 404 308
::1 - - [29/Sep/2020:16:22:55 +0200] "GET / HTTP/1.1" 200 1632
::1 - - [29/Sep/2020:16:22:56 +0200] "GET /?getimg=title HTTP/1.1" 200 6119
::1 - - [29/Sep/2020:16:22:56 +0200] "GET /?getimg=folder HTTP/1.1" 200 537
::1 - - [29/Sep/2020:16:22:58 +0200] "GET /testFonctionnementUWAMP HTTP/1.1" 301 348
::1 - - [29/Sep/2020:16:22:58 +0200] "GET /testFonctionnementUWAMP/ HTTP/1.1" 200 1452
::1 - - [29/Sep/2020:16:22:58 +0200] "GET /icons/blank.gif HTTP/1.1" 304 -
::1 - - [29/Sep/2020:16:22:58 +0200] "GET /icons/back.gif HTTP/1.1" 304 -
::1 - - [29/Sep/2020:16:22:58 +0200] "GET /icons/folder.gif HTTP/1.1" 200 225
::1 - - [29/Sep/2020:16:22:58 +0200] "GET /icons/unknown.gif HTTP/1.1" 200 245
::1 - - [29/Sep/2020:16:22:59 +0200] "GET /testFonctionnementUWAMP/testFonctionnement.php HTTP/1.1" 200 1759
::1 - - [29/Sep/2020:16:22:59 +0200] "GET /testFonctionnementUWAMP/bootstrap/css/bootstrap.css HTTP/1.1" 200 146010
::1 - - [29/Sep/2020:16:26:56 +0200] "GET /mysql/ HTTP/1.1" 200 3086
::1 - - [29/Sep/2020:16:26:56 +0200] "GET /mysql/js/codemirror/lib/codemirror.css?v=4.5.4.1 HTTP/1.1" 200 7771
::1 - - [29/Sep/2020:16:26:56 +0200] "GET /mysql/js/codemirror/addon/lint/lint.css?v=4.5.4.1 HTTP/1.1" 200 3068
::1 - - [29/Sep/2020:16:26:56 +0200] "GET /mysql/themes/pmahomme/jquery/jquery-ui-1.11.2.css HTTP/1.1" 200 35212
::1 - - [29/Sep/2020:16:26:56 +0200] "GET /mysql/js/codemirror/addon/hint/show-hint.css?v=4.5.4.1 HTTP/1.1" 200 662
::1 - - [29/Sep/2020:16:26:56 +0200] "GET /mysql/themes/pmahomme/css/printview.css?v=4.5.4.1 HTTP/1.1" 200 3082
::1 - - [29/Sep/2020:16:26:56 +0200] "GET /mysql/phpmyadmin.css.php?nocache=4804168170ltr HTTP/1.1" 200 20076
::1 - - [29/Sep/2020:16:26:56 +0200] "GET /mysql/js/messages.php?lang=fr&db=&collation_connection=utf8_unicode_ci&token=c50ccbce96161b5497829e3aab0fc095&v=4.5.4.1 HTTP/1.1" 200 9507
::1 - - [29/Sep/2020:16:26:56 +0200] "GET /mysql/js/get_scripts.js.php?scripts%5B%5D=jquery/jquery-1.11.1.min.js&scripts%5B%5D=sprintf.js&scripts%5B%5D=ajax.js&scripts%5B%5D=keyhandler.js&scripts%5B%5D=jquery/jquery-ui-1.11.2.min.js&scripts%5B%5D=jquery/jquery.cookie.js&scripts%5B%5D=jquery/jquery.mousewheel.js&scripts%5B%5D=jquery/jquery.event.drag-2.2.js&scripts%5B%5D=jquery/jquery-ui-timepicker-addon.js&scripts%5B%5D=jquery/jquery.ba-hashchange-1.3.js&scripts%5B%5D=jquery/jquery.debounce-1.0.5.js&scripts%5B%5D=menu-resizer.js&scripts%5B%5D=cross_framing_protection.js&scripts%5B%5D=rte.js&scripts%5B%5D=tracekit/tracekit.js&scripts%5B%5D=error_report.js&scripts%5B%5D=doclinks.js&scripts%5B%5D=functions.js&scripts%5B%5D=navigation.js&scripts%5B%5D=indexes.js&v=4.5.4.1 HTTP/1.1" 200 216429
::1 - - [29/Sep/2020:16:26:56 +0200] "GET /mysql/js/get_scripts.js.php?scripts%5B%5D=common.js&scripts%5B%5D=config.js&scripts%5B%5D=page_settings.js&scripts%5B%5D=codemirror/lib/codemirror.js&scripts%5B%5D=codemirror/mode/sql/sql.js&scripts%5B%5D=codemirror/addon/runmode/runmode.js&scripts%5B%5D=codemirror/addon/hint/show-hint.js&scripts%5B%5D=codemirror/addon/hint/sql-hint.js&scripts%5B%5D=codemirror/addon/lint/lint.js&scripts%5B%5D=codemirror/addon/lint/sql-lint.js&scripts%5B%5D=console.js&v=4.5.4.1 HTTP/1.1" 200 129440
::1 - - [29/Sep/2020:16:26:56 +0200] "GET /mysql/js/get_image.js.php?theme=pmahomme&v=4.5.4.1 HTTP/1.1" 200 1822
::1 - - [29/Sep/2020:16:26:56 +0200] "GET /mysql/js/whitelist.php?lang=fr&db=&collation_connection=utf8_unicode_ci&token=c50ccbce96161b5497829e3aab0fc095&v=4.5.4.1 HTTP/1.1" 200 482
::1 - - [29/Sep/2020:16:26:58 +0200] "GET /mysql/themes/dot.gif HTTP/1.1" 200 43
::1 - - [29/Sep/2020:16:26:58 +0200] "GET /mysql/themes/pmahomme/img/logo_right.png HTTP/1.1" 200 4548
::1 - - [29/Sep/2020:16:26:58 +0200] "GET /mysql/themes/pmahomme/img/sprites.png?v=4.5.4.1 HTTP/1.1" 200 46795
::1 - - [29/Sep/2020:16:26:58 +0200] "GET /mysql/favicon.ico HTTP/1.1" 200 22486
::1 - - [29/Sep/2020:16:27:04 +0200] "POST /mysql/index.php HTTP/1.1" 302 25
::1 - - [29/Sep/2020:16:27:04 +0200] "GET /mysql/index.php?token=c50ccbce96161b5497829e3aab0fc095&phpMyAdmin=p5t171ecqibjerjl2hl9dlctg179dk6s HTTP/1.1" 200 13397
::1 - - [29/Sep/2020:16:27:05 +0200] "GET /mysql/phpmyadmin.css.php?nocache=6405557795ltr HTTP/1.1" 200 20076
::1 - - [29/Sep/2020:16:27:05 +0200] "GET /mysql/js/whitelist.php?lang=fr&db=&token=c50ccbce96161b5497829e3aab0fc095&v=4.5.4.1 HTTP/1.1" 200 482
::1 - - [29/Sep/2020:16:27:05 +0200] "GET /mysql/js/messages.php?lang=fr&db=&token=c50ccbce96161b5497829e3aab0fc095&v=4.5.4.1 HTTP/1.1" 200 9507
::1 - - [29/Sep/2020:16:27:05 +0200] "GET /mysql/themes/pmahomme/img/logo_left.png HTTP/1.1" 200 2327
::1 - - [29/Sep/2020:16:27:05 +0200] "GET /mysql/themes/pmahomme/img/ajax_clock_small.gif HTTP/1.1" 200 1810
::1 - - [29/Sep/2020:16:27:05 +0200] "GET /mysql/themes/pmahomme/img/s_collapseall.png HTTP/1.1" 200 170
::1 - - [29/Sep/2020:16:27:06 +0200] "GET /mysql/themes/pmahomme/img/left_nav_bg.png HTTP/1.1" 200 297
::1 - - [29/Sep/2020:16:27:06 +0200] "POST /mysql/db_structure.php?ajax_request=1&favorite_table=1&sync_favorite_tables=1&token=c50ccbce96161b5497829e3aab0fc095 HTTP/1.1" 200 164
::1 - - [29/Sep/2020:16:27:06 +0200] "GET /mysql/version_check.php?server=1&_nocache=1601389626127553101 HTTP/1.1" 200 39
::1 - - [29/Sep/2020:16:27:08 +0200] "GET /mysql/server_databases.php?server=1&token=c50ccbce96161b5497829e3aab0fc095&ajax_request=true&ajax_page_request=true&_nocache=1601389628447514175 HTTP/1.1" 200 5847
::1 - - [29/Sep/2020:16:27:08 +0200] "GET /mysql/themes/pmahomme/img/arrow_ltr.png HTTP/1.1" 200 139
::1 - - [29/Sep/2020:16:27:08 +0200] "GET /mysql/js/get_scripts.js.php?scripts%5B%5D=server_databases.js&call_done=1&v=4.5.4.1 HTTP/1.1" 200 1707
::1 - - [29/Sep/2020:16:27:09 +0200] "POST /mysql/navigation.php?ajax_request=1&token=c50ccbce96161b5497829e3aab0fc095 HTTP/1.1" 200 2097
::1 - - [29/Sep/2020:16:27:18 +0200] "POST /mysql/db_create.php HTTP/1.1" 200 2074
::1 - - [29/Sep/2020:16:27:19 +0200] "POST /mysql/navigation.php?ajax_request=1&token=c50ccbce96161b5497829e3aab0fc095 HTTP/1.1" 200 2137
::1 - - [29/Sep/2020:16:27:19 +0200] "GET /mysql/db_structure.php?db=basetest&token=c50ccbce96161b5497829e3aab0fc095&db=basetest&ajax_request=true&ajax_page_request=true&_nocache=1601389639071677074 HTTP/1.1" 200 2839
::1 - - [29/Sep/2020:16:27:19 +0200] "GET /mysql/js/get_scripts.js.php?scripts%5B%5D=db_structure.js&scripts%5B%5D=tbl_change.js&call_done=1&v=4.5.4.1 HTTP/1.1" 200 10265
::1 - - [29/Sep/2020:16:27:19 +0200] "GET /mysql/navigation.php?ajax_request=1&token=c50ccbce96161b5497829e3aab0fc095&aPath=cm9vdA%3D%3D.YmFzZXRlc3Q%3D&vPath=cm9vdA%3D%3D.YmFzZXRlc3Q%3D&pos=0&pos2_name=&pos2_value=&searchClause=&searchClause2=&_nocache=1601389639685156528 HTTP/1.1" 200 1403
::1 - - [29/Sep/2020:16:27:22 +0200] "GET /mysql/db_qbe.php?db=basetest&token=c50ccbce96161b5497829e3aab0fc095&ajax_request=true&ajax_page_request=true&_nocache=1601389642676344882 HTTP/1.1" 200 1610
::1 - - [29/Sep/2020:16:27:23 +0200] "GET /mysql/js/get_scripts.js.php?scripts%5B%5D=db_qbe.js&call_done=1&v=4.5.4.1 HTTP/1.1" 200 774
::1 - - [29/Sep/2020:16:27:55 +0200] "GET /mysql/db_structure.php?server=1&db=basetest&token=c50ccbce96161b5497829e3aab0fc095&ajax_request=true&ajax_page_request=true&_nocache=1601389675868580212 HTTP/1.1" 200 2839
::1 - - [29/Sep/2020:16:27:56 +0200] "GET /mysql/themes/dot.gif HTTP/1.1" 304 -
::1 - - [29/Sep/2020:16:27:56 +0200] "POST /mysql/navigation.php?ajax_request=1&token=c50ccbce96161b5497829e3aab0fc095 HTTP/1.1" 200 2150
::1 - - [29/Sep/2020:16:27:57 +0200] "GET /mysql/db_qbe.php?db=basetest&token=c50ccbce96161b5497829e3aab0fc095&ajax_request=true&ajax_page_request=true&_nocache=1601389677746792794 HTTP/1.1" 200 1610
::1 - - [29/Sep/2020:16:28:02 +0200] "GET /mysql/db_sql.php?db=basetest&token=c50ccbce96161b5497829e3aab0fc095&ajax_request=true&ajax_page_request=true&_nocache=160138968200982437 HTTP/1.1" 200 4672
::1 - - [29/Sep/2020:16:28:02 +0200] "GET /mysql/js/get_scripts.js.php?scripts%5B%5D=makegrid.js&scripts%5B%5D=jquery/jquery.uitablefilter.js&scripts%5B%5D=sql.js&call_done=1&v=4.5.4.1 HTTP/1.1" 200 26517
::1 - - [29/Sep/2020:16:28:03 +0200] "POST /mysql/db_sql_autocomplete.php HTTP/1.1" 200 1548
::1 - - [29/Sep/2020:16:28:04 +0200] "POST /mysql/lint.php HTTP/1.1" 200 28
::1 - - [29/Sep/2020:16:28:06 +0200] "POST /mysql/import.php HTTP/1.1" 200 2662
::1 - - [29/Sep/2020:16:28:11 +0200] "GET /testFonctionnementUWAMP/testFonctionnement.php HTTP/1.1" 200 3421
::1 - - [29/Sep/2020:16:28:11 +0200] "GET /testFonctionnementUWAMP/jquery/jquery-3.3.1.js HTTP/1.1" 200 271751
::1 - - [02/Dec/2022:08:08:22 +0100] "GET / HTTP/1.1" 200 1703
::1 - - [02/Dec/2022:08:08:22 +0100] "GET /?getimg=title HTTP/1.1" 200 6119
::1 - - [02/Dec/2022:08:08:22 +0100] "GET /?getimg=folder HTTP/1.1" 200 537
::1 - - [02/Dec/2022:08:08:22 +0100] "GET /?getimg=favicon HTTP/1.1" 200 5430
::1 - - [02/Dec/2022:08:08:27 +0100] "GET /cabinet_medical HTTP/1.1" 301 340
::1 - - [02/Dec/2022:08:08:27 +0100] "GET /cabinet_medical/ HTTP/1.1" 200 1963
::1 - - [02/Dec/2022:08:08:27 +0100] "GET /cabinet_medical/fontawesome-free-5.10.2-web/css/all.css HTTP/1.1" 404 352
::1 - - [02/Dec/2022:08:08:27 +0100] "GET /cabinet_medical/bootstrap/css/bootstrap.css HTTP/1.1" 200 152767
::1 - - [02/Dec/2022:08:08:27 +0100] "GET /cabinet_medical/css/style.css HTTP/1.1" 200 2350
::1 - - [02/Dec/2022:08:08:27 +0100] "GET /cabinet_medical/assets/logo_dessin.png HTTP/1.1" 200 91573
::1 - - [02/Dec/2022:08:08:27 +0100] "GET /cabinet_medical/assets/logo_titre.png HTTP/1.1" 200 77662
::1 - - [02/Dec/2022:08:08:27 +0100] "GET /cabinet_medical/assets/image_fond.png HTTP/1.1" 200 157949
::1 - - [02/Dec/2022:08:08:27 +0100] "GET /favicon.ico HTTP/1.1" 404 308
::1 - - [02/Dec/2022:08:08:28 +0100] "GET /cabinet_medical/?login=&login=&connexion=Me+connecter HTTP/1.1" 200 1963
::1 - - [02/Dec/2022:08:08:28 +0100] "GET /cabinet_medical/fontawesome-free-5.10.2-web/css/all.css HTTP/1.1" 404 352
::1 - - [02/Dec/2022:08:08:30 +0100] "GET /cabinet_medical/fontawesome-free-5.10.2-web/css/all.css HTTP/1.1" 404 352
::1 - - [02/Dec/2022:08:08:38 +0100] "GET /cabinet_medical/pages/accueilMedecin.php HTTP/1.1" 200 4692
::1 - - [02/Dec/2022:08:08:39 +0100] "GET /cabinet_medical/assets/recherche_medicaments.png HTTP/1.1" 200 4379
::1 - - [02/Dec/2022:08:08:39 +0100] "GET /cabinet_medical/assets/deconnexion.png HTTP/1.1" 200 4324
::1 - - [02/Dec/2022:08:08:39 +0100] "GET /cabinet_medical/assets/profil_patients.png HTTP/1.1" 200 7368
::1 - - [02/Dec/2022:08:08:39 +0100] "GET /cabinet_medical/fontawesome-free-6.2.1-web/css/all.css HTTP/1.1" 200 139880
::1 - - [02/Dec/2022:08:08:51 +0100] "GET /mysql/ HTTP/1.1" 200 3086
::1 - - [02/Dec/2022:08:08:54 +0100] "GET /mysql/js/codemirror/lib/codemirror.css?v=4.5.4.1 HTTP/1.1" 200 7771
::1 - - [02/Dec/2022:08:08:54 +0100] "GET /mysql/themes/pmahomme/jquery/jquery-ui-1.11.2.css HTTP/1.1" 200 35212
::1 - - [02/Dec/2022:08:08:54 +0100] "GET /mysql/js/codemirror/addon/hint/show-hint.css?v=4.5.4.1 HTTP/1.1" 200 662
::1 - - [02/Dec/2022:08:08:54 +0100] "GET /mysql/themes/pmahomme/css/printview.css?v=4.5.4.1 HTTP/1.1" 200 3082
::1 - - [02/Dec/2022:08:08:54 +0100] "GET /mysql/js/codemirror/addon/lint/lint.css?v=4.5.4.1 HTTP/1.1" 200 3068
::1 - - [02/Dec/2022:08:08:54 +0100] "GET /mysql/phpmyadmin.css.php?nocache=4804178974ltr HTTP/1.1" 200 20076
::1 - - [02/Dec/2022:08:08:54 +0100] "GET /mysql/js/whitelist.php?lang=fr&db=&collation_connection=utf8_unicode_ci&token=bac93501cbc7eefba08f1b505e1e2e36&v=4.5.4.1 HTTP/1.1" 200 482
::1 - - [02/Dec/2022:08:08:54 +0100] "GET /mysql/js/get_scripts.js.php?scripts%5B%5D=jquery/jquery-1.11.1.min.js&scripts%5B%5D=sprintf.js&scripts%5B%5D=ajax.js&scripts%5B%5D=keyhandler.js&scripts%5B%5D=jquery/jquery-ui-1.11.2.min.js&scripts%5B%5D=jquery/jquery.cookie.js&scripts%5B%5D=jquery/jquery.mousewheel.js&scripts%5B%5D=jquery/jquery.event.drag-2.2.js&scripts%5B%5D=jquery/jquery-ui-timepicker-addon.js&scripts%5B%5D=jquery/jquery.ba-hashchange-1.3.js&scripts%5B%5D=jquery/jquery.debounce-1.0.5.js&scripts%5B%5D=menu-resizer.js&scripts%5B%5D=cross_framing_protection.js&scripts%5B%5D=rte.js&scripts%5B%5D=tracekit/tracekit.js&scripts%5B%5D=error_report.js&scripts%5B%5D=doclinks.js&scripts%5B%5D=functions.js&scripts%5B%5D=navigation.js&scripts%5B%5D=indexes.js&v=4.5.4.1 HTTP/1.1" 200 216429
::1 - - [02/Dec/2022:08:08:54 +0100] "GET /mysql/js/get_scripts.js.php?scripts%5B%5D=common.js&scripts%5B%5D=config.js&scripts%5B%5D=page_settings.js&scripts%5B%5D=codemirror/lib/codemirror.js&scripts%5B%5D=codemirror/mode/sql/sql.js&scripts%5B%5D=codemirror/addon/runmode/runmode.js&scripts%5B%5D=codemirror/addon/hint/show-hint.js&scripts%5B%5D=codemirror/addon/hint/sql-hint.js&scripts%5B%5D=codemirror/addon/lint/lint.js&scripts%5B%5D=codemirror/addon/lint/sql-lint.js&scripts%5B%5D=console.js&v=4.5.4.1 HTTP/1.1" 200 129440
::1 - - [02/Dec/2022:08:08:54 +0100] "GET /mysql/js/get_image.js.php?theme=pmahomme&v=4.5.4.1 HTTP/1.1" 200 1822
::1 - - [02/Dec/2022:08:08:59 +0100] "GET /mysql/themes/pmahomme/img/logo_right.png HTTP/1.1" 200 4548
::1 - - [02/Dec/2022:08:08:59 +0100] "GET /mysql/themes/dot.gif HTTP/1.1" 200 43
::1 - - [02/Dec/2022:08:08:54 +0100] "GET /mysql/js/messages.php?lang=fr&db=&collation_connection=utf8_unicode_ci&token=bac93501cbc7eefba08f1b505e1e2e36&v=4.5.4.1 HTTP/1.1" 200 9507
::1 - - [02/Dec/2022:08:08:59 +0100] "GET /mysql/themes/pmahomme/img/sprites.png?v=4.5.4.1 HTTP/1.1" 200 46795
::1 - - [02/Dec/2022:08:08:59 +0100] "GET /mysql/favicon.ico HTTP/1.1" 200 22486
::1 - - [02/Dec/2022:08:09:04 +0100] "POST /mysql/index.php HTTP/1.1" 302 25
::1 - - [02/Dec/2022:08:09:04 +0100] "GET /mysql/index.php?token=bac93501cbc7eefba08f1b505e1e2e36&phpMyAdmin=uj5bsqqkk2mhmp3ri2p81dss8ngtblf7 HTTP/1.1" 200 13479
::1 - - [02/Dec/2022:08:09:07 +0100] "GET /mysql/phpmyadmin.css.php?nocache=6474143919ltr HTTP/1.1" 200 20076
::1 - - [02/Dec/2022:08:09:07 +0100] "GET /mysql/js/messages.php?lang=fr&db=&token=bac93501cbc7eefba08f1b505e1e2e36&v=4.5.4.1 HTTP/1.1" 200 9507
::1 - - [02/Dec/2022:08:09:09 +0100] "GET /mysql/themes/pmahomme/img/logo_left.png HTTP/1.1" 200 2327
::1 - - [02/Dec/2022:08:09:09 +0100] "GET /mysql/themes/pmahomme/img/ajax_clock_small.gif HTTP/1.1" 200 1810
::1 - - [02/Dec/2022:08:09:09 +0100] "GET /mysql/themes/pmahomme/img/s_collapseall.png HTTP/1.1" 200 170
::1 - - [02/Dec/2022:08:09:07 +0100] "GET /mysql/js/whitelist.php?lang=fr&db=&token=bac93501cbc7eefba08f1b505e1e2e36&v=4.5.4.1 HTTP/1.1" 200 482
::1 - - [02/Dec/2022:08:09:09 +0100] "GET /mysql/themes/pmahomme/img/left_nav_bg.png HTTP/1.1" 200 297
::1 - - [02/Dec/2022:08:09:09 +0100] "POST /mysql/db_structure.php?ajax_request=1&favorite_table=1&sync_favorite_tables=1&token=bac93501cbc7eefba08f1b505e1e2e36 HTTP/1.1" 200 164
::1 - - [02/Dec/2022:08:09:09 +0100] "GET /mysql/version_check.php?server=1&_nocache=1669964949745959517 HTTP/1.1" 200 2
::1 - - [02/Dec/2022:08:09:13 +0100] "GET /mysql/navigation.php?ajax_request=1&token=bac93501cbc7eefba08f1b505e1e2e36&aPath=cm9vdA%3D%3D.bWVkc29mdA%3D%3D&vPath=cm9vdA%3D%3D.bWVkc29mdA%3D%3D&pos=0&pos2_name=&pos2_value=&searchClause=&searchClause2=&_nocache=1669964953558179345 HTTP/1.1" 200 2141
::1 - - [02/Dec/2022:08:09:16 +0100] "GET /mysql/sql.php?server=1&db=medsoft&table=patients&pos=0&token=bac93501cbc7eefba08f1b505e1e2e36&ajax_request=true&ajax_page_request=true&_nocache=1669964956621865020 HTTP/1.1" 200 166
::1 - - [02/Dec/2022:08:09:20 +0100] "GET /mysql/sql.php?server=1&db=medsoft&table=cabinet&pos=0&token=bac93501cbc7eefba08f1b505e1e2e36&ajax_request=true&ajax_page_request=true&_nocache=166996496097356090 HTTP/1.1" 200 165
::1 - - [02/Dec/2022:08:09:24 +0100] "GET /mysql/sql.php?server=1&db=medsoft&table=utilisateurs&pos=0&token=bac93501cbc7eefba08f1b505e1e2e36&ajax_request=true&ajax_page_request=true&_nocache=166996496426562285 HTTP/1.1" 200 168
::1 - - [02/Dec/2022:08:10:05 +0100] "GET /mysql/sql.php?server=1&db=medsoft&table=utilisateurs&pos=0&token=bac93501cbc7eefba08f1b505e1e2e36 HTTP/1.1" 200 9846
::1 - - [02/Dec/2022:08:10:07 +0100] "GET /mysql/phpmyadmin.css.php?nocache=6259665675ltr HTTP/1.1" 200 20076
::1 - - [02/Dec/2022:08:10:07 +0100] "GET /mysql/js/whitelist.php?lang=fr&db=medsoft&token=bac93501cbc7eefba08f1b505e1e2e36&v=4.5.4.1 HTTP/1.1" 200 482
::1 - - [02/Dec/2022:08:10:07 +0100] "GET /mysql/js/get_scripts.js.php?scripts%5B%5D=common.js&scripts%5B%5D=config.js&scripts%5B%5D=page_settings.js&scripts%5B%5D=jquery/jquery.uitablefilter.js&scripts%5B%5D=tbl_change.js&scripts%5B%5D=gis_data_editor.js&scripts%5B%5D=multi_column_sort.js&scripts%5B%5D=codemirror/lib/codemirror.js&scripts%5B%5D=codemirror/mode/sql/sql.js&scripts%5B%5D=codemirror/addon/runmode/runmode.js&scripts%5B%5D=codemirror/addon/hint/show-hint.js&scripts%5B%5D=codemirror/addon/hint/sql-hint.js&scripts%5B%5D=codemirror/addon/lint/lint.js&scripts%5B%5D=codemirror/addon/lint/sql-lint.js&scripts%5B%5D=console.js&v=4.5.4.1 HTTP/1.1" 200 141106
::1 - - [02/Dec/2022:08:10:07 +0100] "GET /mysql/js/messages.php?lang=fr&db=medsoft&token=bac93501cbc7eefba08f1b505e1e2e36&v=4.5.4.1 HTTP/1.1" 200 9507
::1 - - [02/Dec/2022:08:10:09 +0100] "GET /mysql/index.php?ajax_request=1&recent_table=1&token=bac93501cbc7eefba08f1b505e1e2e36&no_debug=true&_nocache=1669965009790935847 HTTP/1.1" 200 1404
::1 - - [02/Dec/2022:08:10:09 +0100] "POST /mysql/navigation.php?ajax_request=1&token=bac93501cbc7eefba08f1b505e1e2e36 HTTP/1.1" 200 2791
::1 - - [02/Dec/2022:08:10:13 +0100] "GET /mysql/sql.php?server=1&db=medsoft&table=medecins&pos=0&token=bac93501cbc7eefba08f1b505e1e2e36&ajax_request=true&ajax_page_request=true&_nocache=1669965013235745857 HTTP/1.1" 200 165
::1 - - [02/Dec/2022:08:10:20 +0100] "GET /mysql/db_structure.php?server=1&db=medsoft&token=bac93501cbc7eefba08f1b505e1e2e36&ajax_request=true&ajax_page_request=true&_nocache=166996502073356925 HTTP/1.1" 200 2841
::1 - - [02/Dec/2022:08:10:22 +0100] "GET /mysql/js/get_scripts.js.php?scripts%5B%5D=db_structure.js&call_done=1&v=4.5.4.1 HTTP/1.1" 200 3721
::1 - - [02/Dec/2022:08:10:22 +0100] "POST /mysql/navigation.php?ajax_request=1&token=bac93501cbc7eefba08f1b505e1e2e36 HTTP/1.1" 200 2791
::1 - - [02/Dec/2022:08:10:22 +0100] "GET /mysql/db_search.php?db=medsoft&token=bac93501cbc7eefba08f1b505e1e2e36&ajax_request=true&ajax_page_request=true&_nocache=1669965022888235398 HTTP/1.1" 200 2624
::1 - - [02/Dec/2022:08:10:24 +0100] "GET /mysql/db_sql.php?db=medsoft&token=bac93501cbc7eefba08f1b505e1e2e36&ajax_request=true&ajax_page_request=true&_nocache=1669965024667443289 HTTP/1.1" 200 4676
::1 - - [02/Dec/2022:08:10:27 +0100] "GET /mysql/js/get_scripts.js.php?scripts%5B%5D=makegrid.js&scripts%5B%5D=sql.js&call_done=1&v=4.5.4.1 HTTP/1.1" 200 25300
::1 - - [02/Dec/2022:08:11:00 +0100] "POST /mysql/db_sql_autocomplete.php HTTP/1.1" 200 1608
::1 - - [02/Dec/2022:08:11:01 +0100] "POST /mysql/lint.php HTTP/1.1" 200 248
::1 - - [02/Dec/2022:08:11:03 +0100] "POST /mysql/lint.php HTTP/1.1" 200 248
::1 - - [02/Dec/2022:08:11:05 +0100] "POST /mysql/import.php HTTP/1.1" 200 475
::1 - - [02/Dec/2022:08:11:20 +0100] "GET /mysql/db_structure.php?server=1&db=medsoft&token=bac93501cbc7eefba08f1b505e1e2e36&ajax_request=true&ajax_page_request=true&_nocache=1669965080326923309 HTTP/1.1" 200 2841
::1 - - [02/Dec/2022:08:11:21 +0100] "POST /mysql/navigation.php?ajax_request=1&token=bac93501cbc7eefba08f1b505e1e2e36 HTTP/1.1" 200 2791
::1 - - [02/Dec/2022:08:11:23 +0100] "GET /mysql/db_operations.php?db=medsoft&token=bac93501cbc7eefba08f1b505e1e2e36&ajax_request=true&ajax_page_request=true&_nocache=1669965083401756168 HTTP/1.1" 200 5948
::1 - - [02/Dec/2022:08:11:24 +0100] "GET /mysql/js/get_scripts.js.php?scripts%5B%5D=db_operations.js&call_done=1&v=4.5.4.1 HTTP/1.1" 200 1484
::1 - - [02/Dec/2022:08:11:26 +0100] "GET /mysql/themes/pmahomme/jquery/images/ui-bg_flat_75_ffffff_40x100.png HTTP/1.1" 200 247
::1 - - [02/Dec/2022:08:11:26 +0100] "GET /mysql/themes/pmahomme/jquery/images/ui-bg_glass_75_e6e6e6_1x400.png HTTP/1.1" 200 301
::1 - - [02/Dec/2022:08:11:26 +0100] "GET /mysql/themes/pmahomme/jquery/images/ui-bg_highlight-soft_75_cccccc_1x100.png HTTP/1.1" 200 319
::1 - - [02/Dec/2022:08:11:26 +0100] "GET /mysql/themes/pmahomme/jquery/images/ui-bg_flat_0_aaaaaa_40x100.png HTTP/1.1" 200 251
::1 - - [02/Dec/2022:08:11:26 +0100] "GET /mysql/themes/pmahomme/jquery/images/ui-icons_888888_256x240.png HTTP/1.1" 200 7092
::1 - - [02/Dec/2022:08:11:26 +0100] "GET /mysql/themes/pmahomme/jquery/images/ui-icons_222222_256x240.png HTTP/1.1" 200 7006
::1 - - [02/Dec/2022:08:11:26 +0100] "GET /mysql/themes/pmahomme/jquery/images/ui-bg_glass_75_dadada_1x400.png HTTP/1.1" 200 301
::1 - - [02/Dec/2022:08:11:27 +0100] "GET /mysql/themes/pmahomme/jquery/images/ui-bg_glass_65_ffffff_1x400.png HTTP/1.1" 200 246
::1 - - [02/Dec/2022:08:11:27 +0100] "GET /mysql/sql.php?sql_query=DROP+DATABASE+%60medsoft%60&back=db_operations.php&goto=index.php&reload=1&purge=1&message_to_show=La+base+de+donn%C3%A9es+%60medsoft%60+a+%C3%A9t%C3%A9+effac%C3%A9e.&token=bac93501cbc7eefba08f1b505e1e2e36&is_js_confirmed=1&ajax_request=true&_nocache=1669965087600102804 HTTP/1.1" 200 181
::1 - - [02/Dec/2022:08:11:38 +0100] "GET /mysql/sql.php?server=1&db=medsoft&table=visites&pos=0&token=bac93501cbc7eefba08f1b505e1e2e36&ajax_request=true&ajax_page_request=true&_nocache=1669965098475716836 HTTP/1.1" 200 164
::1 - - [02/Dec/2022:08:11:41 +0100] "GET /mysql/navigation.php?ajax_request=1&token=bac93501cbc7eefba08f1b505e1e2e36&aPath=cm9vdA%3D%3D.bWVkc29mdA%3D%3D.dGFibGVz.dmlzaXRlcw%3D%3D&vPath=cm9vdA%3D%3D.bWVkc29mdA%3D%3D.VGFibGVz.dmlzaXRlcw%3D%3D&pos=0&pos2_name=tables&pos2_value=0&searchClause=&searchClause2=&_nocache=1669965101247842836 HTTP/1.1" 200 1404
::1 - - [02/Dec/2022:08:11:48 +0100] "GET /mysql/db_structure.php?server=1&db=medsoft&token=bac93501cbc7eefba08f1b505e1e2e36&ajax_request=true&ajax_page_request=true&_nocache=1669965108346215827 HTTP/1.1" 200 2841
::1 - - [02/Dec/2022:08:11:49 +0100] "POST /mysql/navigation.php?ajax_request=1&token=bac93501cbc7eefba08f1b505e1e2e36 HTTP/1.1" 200 2186
::1 - - [02/Dec/2022:08:11:50 +0100] "GET /mysql/db_sql.php?db=medsoft&token=bac93501cbc7eefba08f1b505e1e2e36&ajax_request=true&ajax_page_request=true&_nocache=1669965110639635065 HTTP/1.1" 200 4676
::1 - - [02/Dec/2022:08:11:51 +0100] "GET /mysql/db_structure.php?server=1&db=medsoft&token=bac93501cbc7eefba08f1b505e1e2e36&ajax_request=true&ajax_page_request=true&_nocache=1669965111912726156 HTTP/1.1" 200 2841
::1 - - [02/Dec/2022:08:11:52 +0100] "POST /mysql/navigation.php?ajax_request=1&token=bac93501cbc7eefba08f1b505e1e2e36 HTTP/1.1" 200 2186
::1 - - [02/Dec/2022:08:11:53 +0100] "GET /mysql/db_sql.php?db=medsoft&token=bac93501cbc7eefba08f1b505e1e2e36&ajax_request=true&ajax_page_request=true&_nocache=1669965113783272910 HTTP/1.1" 200 4676
::1 - - [02/Dec/2022:08:11:55 +0100] "POST /mysql/db_sql_autocomplete.php HTTP/1.1" 200 1548
::1 - - [02/Dec/2022:08:11:55 +0100] "POST /mysql/lint.php HTTP/1.1" 200 248
::1 - - [02/Dec/2022:08:11:59 +0100] "POST /mysql/import.php HTTP/1.1" 200 475
::1 - - [02/Dec/2022:08:12:13 +0100] "POST /mysql/lint.php HTTP/1.1" 200 28
::1 - - [02/Dec/2022:08:12:14 +0100] "POST /mysql/import.php HTTP/1.1" 200 375
::1 - - [02/Dec/2022:08:12:18 +0100] "POST /mysql/import.php HTTP/1.1" 200 475
::1 - - [02/Dec/2022:08:12:18 +0100] "POST /mysql/lint.php HTTP/1.1" 200 248
::1 - - [02/Dec/2022:08:12:36 +0100] "GET /mysql/db_sql.php?db=medsoft&token=bac93501cbc7eefba08f1b505e1e2e36 HTTP/1.1" 200 10488
::1 - - [02/Dec/2022:08:12:38 +0100] "GET /mysql/js/get_scripts.js.php?scripts%5B%5D=common.js&scripts%5B%5D=config.js&scripts%5B%5D=page_settings.js&scripts%5B%5D=makegrid.js&scripts%5B%5D=jquery/jquery.uitablefilter.js&scripts%5B%5D=sql.js&scripts%5B%5D=codemirror/lib/codemirror.js&scripts%5B%5D=codemirror/mode/sql/sql.js&scripts%5B%5D=codemirror/addon/runmode/runmode.js&scripts%5B%5D=codemirror/addon/hint/show-hint.js&scripts%5B%5D=codemirror/addon/hint/sql-hint.js&scripts%5B%5D=codemirror/addon/lint/lint.js&scripts%5B%5D=codemirror/addon/lint/sql-lint.js&scripts%5B%5D=console.js&v=4.5.4.1 HTTP/1.1" 200 155457
::1 - - [02/Dec/2022:08:12:39 +0100] "POST /mysql/navigation.php?ajax_request=1&token=bac93501cbc7eefba08f1b505e1e2e36 HTTP/1.1" 200 2186
::1 - - [02/Dec/2022:08:12:44 +0100] "GET /mysql/db_operations.php?db=medsoft&token=bac93501cbc7eefba08f1b505e1e2e36&ajax_request=true&ajax_page_request=true&_nocache=1669965164731597587 HTTP/1.1" 200 5952
::1 - - [02/Dec/2022:08:12:48 +0100] "GET /mysql/sql.php?sql_query=DROP+DATABASE+%60medsoft%60&back=db_operations.php&goto=index.php&reload=1&purge=1&message_to_show=La+base+de+donn%C3%A9es+%60medsoft%60+a+%C3%A9t%C3%A9+effac%C3%A9e.&token=bac93501cbc7eefba08f1b505e1e2e36&is_js_confirmed=1&ajax_request=true&_nocache=1669965168112597083 HTTP/1.1" 200 1809
::1 - - [02/Dec/2022:08:12:49 +0100] "POST /mysql/navigation.php?ajax_request=1&token=bac93501cbc7eefba08f1b505e1e2e36 HTTP/1.1" 200 2135
::1 - - [02/Dec/2022:08:12:49 +0100] "GET /mysql/server_databases.php?token=bac93501cbc7eefba08f1b505e1e2e36&server=1&db=&table=&ajax_request=true&ajax_page_request=true&_nocache=1669965169198467109 HTTP/1.1" 200 5893
::1 - - [02/Dec/2022:08:12:51 +0100] "GET /mysql/themes/pmahomme/img/arrow_ltr.png HTTP/1.1" 200 139
::1 - - [02/Dec/2022:08:12:51 +0100] "GET /mysql/js/get_scripts.js.php?scripts%5B%5D=server_databases.js&call_done=1&v=4.5.4.1 HTTP/1.1" 200 1707
::1 - - [02/Dec/2022:08:12:51 +0100] "POST /mysql/navigation.php?ajax_request=1&token=bac93501cbc7eefba08f1b505e1e2e36 HTTP/1.1" 200 2135
::1 - - [02/Dec/2022:08:12:52 +0100] "GET /mysql/server_sql.php?db=&token=bac93501cbc7eefba08f1b505e1e2e36&ajax_request=true&ajax_page_request=true&_nocache=1669965172689110907 HTTP/1.1" 200 4490
::1 - - [02/Dec/2022:08:12:54 +0100] "POST /mysql/db_sql_autocomplete.php HTTP/1.1" 200 1370
::1 - - [02/Dec/2022:08:12:55 +0100] "POST /mysql/lint.php HTTP/1.1" 200 248
::1 - - [02/Dec/2022:08:13:09 +0100] "POST /mysql/lint.php HTTP/1.1" 200 256
::1 - - [02/Dec/2022:08:13:10 +0100] "POST /mysql/lint.php HTTP/1.1" 200 395
::1 - - [02/Dec/2022:08:13:14 +0100] "POST /mysql/lint.php HTTP/1.1" 200 28
::1 - - [02/Dec/2022:08:13:17 +0100] "POST /mysql/import.php HTTP/1.1" 200 464
::1 - - [02/Dec/2022:08:13:27 +0100] "POST /mysql/lint.php HTTP/1.1" 200 28
::1 - - [02/Dec/2022:08:13:31 +0100] "POST /mysql/lint.php HTTP/1.1" 200 28
::1 - - [02/Dec/2022:08:13:31 +0100] "POST /mysql/import.php HTTP/1.1" 200 1918
::1 - - [02/Dec/2022:08:13:34 +0100] "GET /mysql/db_structure.php?server=1&db=mysql&token=bac93501cbc7eefba08f1b505e1e2e36&ajax_request=true&ajax_page_request=true&_nocache=1669965214281122761 HTTP/1.1" 200 9815
::1 - - [02/Dec/2022:08:13:37 +0100] "GET /mysql/js/get_scripts.js.php?scripts%5B%5D=db_structure.js&scripts%5B%5D=tbl_change.js&call_done=1&v=4.5.4.1 HTTP/1.1" 200 10265
::1 - - [02/Dec/2022:08:13:37 +0100] "GET /mysql/navigation.php?ajax_request=1&token=bac93501cbc7eefba08f1b505e1e2e36&aPath=cm9vdA%3D%3D.bXlzcWw%3D&vPath=cm9vdA%3D%3D.bXlzcWw%3D&pos=0&pos2_name=&pos2_value=&searchClause=&searchClause2=&_nocache=1669965217853706000 HTTP/1.1" 200 3293
::1 - - [02/Dec/2022:08:13:38 +0100] "POST /mysql/navigation.php?ajax_request=1&token=bac93501cbc7eefba08f1b505e1e2e36 HTTP/1.1" 200 2170
::1 - - [02/Dec/2022:08:13:40 +0100] "GET /mysql/navigation.php?ajax_request=1&token=bac93501cbc7eefba08f1b505e1e2e36&aPath=cm9vdA%3D%3D.bXlzcWw%3D&vPath=cm9vdA%3D%3D.bXlzcWw%3D&pos=0&pos2_name=&pos2_value=&searchClause=&searchClause2=&_nocache=1669965220221298417 HTTP/1.1" 200 3293
::1 - - [02/Dec/2022:08:13:41 +0100] "GET /mysql/db_structure.php?server=1&db=medsoft&token=bac93501cbc7eefba08f1b505e1e2e36&ajax_request=true&ajax_page_request=true&_nocache=1669965221338305426 HTTP/1.1" 200 2841
::1 - - [02/Dec/2022:08:13:42 +0100] "GET /mysql/navigation.php?ajax_request=1&token=bac93501cbc7eefba08f1b505e1e2e36&aPath=cm9vdA%3D%3D.bWVkc29mdA%3D%3D&vPath=cm9vdA%3D%3D.bWVkc29mdA%3D%3D&pos=0&pos2_name=&pos2_value=&searchClause=&searchClause2=&_nocache=1669965222293843014 HTTP/1.1" 200 1404
::1 - - [02/Dec/2022:08:13:42 +0100] "POST /mysql/navigation.php?ajax_request=1&token=bac93501cbc7eefba08f1b505e1e2e36 HTTP/1.1" 200 4042
::1 - - [02/Dec/2022:08:13:43 +0100] "GET /mysql/db_sql.php?db=medsoft&token=bac93501cbc7eefba08f1b505e1e2e36&ajax_request=true&ajax_page_request=true&_nocache=1669965223153178587 HTTP/1.1" 200 4676
::1 - - [02/Dec/2022:08:13:44 +0100] "GET /mysql/navigation.php?ajax_request=1&token=bac93501cbc7eefba08f1b505e1e2e36&aPath=cm9vdA%3D%3D.bWVkc29mdA%3D%3D&vPath=cm9vdA%3D%3D.bWVkc29mdA%3D%3D&pos=0&pos2_name=&pos2_value=&searchClause=&searchClause2=&_nocache=1669965224236219181 HTTP/1.1" 200 1404
::1 - - [02/Dec/2022:08:13:45 +0100] "POST /mysql/db_sql_autocomplete.php HTTP/1.1" 200 1548
::1 - - [02/Dec/2022:08:13:46 +0100] "POST /mysql/lint.php HTTP/1.1" 200 248
::1 - - [02/Dec/2022:08:13:46 +0100] "POST /mysql/import.php HTTP/1.1" 200 813
::1 - - [02/Dec/2022:08:13:56 +0100] "POST /mysql/lint.php HTTP/1.1" 200 256
::1 - - [02/Dec/2022:08:13:57 +0100] "POST /mysql/lint.php HTTP/1.1" 200 257
::1 - - [02/Dec/2022:08:13:59 +0100] "POST /mysql/lint.php HTTP/1.1" 200 260
::1 - - [02/Dec/2022:08:14:00 +0100] "POST /mysql/lint.php HTTP/1.1" 200 395
::1 - - [02/Dec/2022:08:14:02 +0100] "POST /mysql/lint.php HTTP/1.1" 200 397
::1 - - [02/Dec/2022:08:14:03 +0100] "POST /mysql/lint.php HTTP/1.1" 200 28
::1 - - [02/Dec/2022:08:14:07 +0100] "POST /mysql/lint.php HTTP/1.1" 200 28
::1 - - [02/Dec/2022:08:14:08 +0100] "POST /mysql/import.php HTTP/1.1" 200 519
::1 - - [02/Dec/2022:08:15:33 +0100] "GET /mysql/db_structure.php?server=1&db=medsoft&token=bac93501cbc7eefba08f1b505e1e2e36&ajax_request=true&ajax_page_request=true&_nocache=1669965333017841363 HTTP/1.1" 200 6168
::1 - - [02/Dec/2022:08:15:35 +0100] "POST /mysql/navigation.php?ajax_request=1&token=bac93501cbc7eefba08f1b505e1e2e36 HTTP/1.1" 200 4483
::1 - - [02/Dec/2022:08:15:36 +0100] "GET /mysql/sql.php?db=medsoft&token=bac93501cbc7eefba08f1b505e1e2e36&goto=db_structure.php&table=ordonnances&pos=0&ajax_request=true&ajax_page_request=true&_nocache=1669965336940818830 HTTP/1.1" 200 7454
::1 - - [02/Dec/2022:08:15:38 +0100] "GET /mysql/themes/pmahomme/img/s_fulltext.png HTTP/1.1" 200 193
::1 - - [02/Dec/2022:08:15:38 +0100] "GET /mysql/js/get_scripts.js.php?scripts%5B%5D=gis_data_editor.js&scripts%5B%5D=multi_column_sort.js&call_done=1&v=4.5.4.1 HTTP/1.1" 200 4575
::1 - - [02/Dec/2022:08:15:38 +0100] "GET /mysql/themes/pmahomme/img/col_pointer.png HTTP/1.1" 200 113
::1 - - [02/Dec/2022:08:15:38 +0100] "GET /mysql/themes/pmahomme/img/col_drop.png HTTP/1.1" 200 132
::1 - - [02/Dec/2022:08:15:38 +0100] "GET /mysql/index.php?ajax_request=1&recent_table=1&token=bac93501cbc7eefba08f1b505e1e2e36&no_debug=true&_nocache=1669965338677833604 HTTP/1.1" 200 1430
::1 - - [02/Dec/2022:08:17:02 +0100] "GET /mysql/tbl_sql.php?db=medsoft&table=ordonnances&token=bac93501cbc7eefba08f1b505e1e2e36&ajax_request=true&ajax_page_request=true&_nocache=1669965422455874369 HTTP/1.1" 200 4891
::1 - - [02/Dec/2022:08:17:03 +0100] "GET /mysql/index.php?ajax_request=1&recent_table=1&token=bac93501cbc7eefba08f1b505e1e2e36&no_debug=true&_nocache=1669965423873722630 HTTP/1.1" 200 1430
::1 - - [02/Dec/2022:08:17:03 +0100] "POST /mysql/lint.php HTTP/1.1" 200 28
::1 - - [02/Dec/2022:08:17:04 +0100] "POST /mysql/db_sql_autocomplete.php HTTP/1.1" 200 2160
::1 - - [02/Dec/2022:08:17:05 +0100] "POST /mysql/lint.php HTTP/1.1" 200 28
::1 - - [02/Dec/2022:08:17:05 +0100] "POST /mysql/import.php HTTP/1.1" 200 439
::1 - - [02/Dec/2022:08:17:36 +0100] "POST /mysql/lint.php HTTP/1.1" 200 28
::1 - - [02/Dec/2022:08:17:37 +0100] "POST /mysql/import.php HTTP/1.1" 200 429
::1 - - [02/Dec/2022:08:17:46 +0100] "POST /mysql/lint.php HTTP/1.1" 200 28
::1 - - [02/Dec/2022:08:17:47 +0100] "POST /mysql/import.php HTTP/1.1" 200 2074
::1 - - [02/Dec/2022:08:17:50 +0100] "GET /mysql/tbl_sql.php?db=medsoft&table=ordonnances&token=bac93501cbc7eefba08f1b505e1e2e36&ajax_request=true&ajax_page_request=true&_nocache=1669965470825353572 HTTP/1.1" 200 4891
::1 - - [02/Dec/2022:08:17:51 +0100] "POST /mysql/lint.php HTTP/1.1" 200 28
::1 - - [02/Dec/2022:08:17:51 +0100] "GET /mysql/index.php?ajax_request=1&recent_table=1&token=bac93501cbc7eefba08f1b505e1e2e36&no_debug=true&_nocache=1669965471741403984 HTTP/1.1" 200 1430
::1 - - [02/Dec/2022:08:18:18 +0100] "GET / HTTP/1.1" 200 1703
::1 - - [02/Dec/2022:08:18:19 +0100] "GET /?getimg=folder HTTP/1.1" 200 537
::1 - - [02/Dec/2022:08:18:19 +0100] "GET /?getimg=title HTTP/1.1" 200 6119
::1 - - [02/Dec/2022:08:18:20 +0100] "GET /cabinet_medical/fontawesome-free-5.10.2-web/css/all.css HTTP/1.1" 404 352
::1 - - [02/Dec/2022:08:18:21 +0100] "GET /cabinet_medical/fontawesome-free-5.10.2-web/css/all.css HTTP/1.1" 404 352
::1 - - [02/Dec/2022:08:18:23 +0100] "GET /cabinet_medical/fontawesome-free-5.10.2-web/css/all.css HTTP/1.1" 404 352
::1 - - [02/Dec/2022:08:18:44 +0100] "GET /cabinet_medical/?login=&login=&connexion=Me+connecter HTTP/1.1" 200 1970
::1 - - [02/Dec/2022:08:18:44 +0100] "GET /cabinet_medical/fontawesome-free-5.10.2-web/css/all.css HTTP/1.1" 404 352
::1 - - [02/Dec/2022:08:18:45 +0100] "POST /cabinet_medical/pages/accueilMedecin.php HTTP/1.1" 200 2760
::1 - - [02/Dec/2022:08:18:45 +0100] "GET /cabinet_medical/fontawesome-free-6.2.1-web/webfonts/fa-solid-900.woff2 HTTP/1.1" 200 150516
::1 - - [02/Dec/2022:08:18:53 +0100] "POST /cabinet_medical/pages/accueilMedecin.php HTTP/1.1" 200 2760
::1 - - [02/Dec/2022:08:21:32 +0100] "POST /cabinet_medical/pages/accueilMedecin.php HTTP/1.1" 200 2760
::1 - - [02/Dec/2022:08:22:10 +0100] "GET /cabinet_medical/?login=&login=&connexion=Me+connecter HTTP/1.1" 200 1974
::1 - - [02/Dec/2022:08:22:10 +0100] "GET /cabinet_medical/fontawesome-free-5.10.2-web/css/all.css HTTP/1.1" 404 352
::1 - - [02/Dec/2022:08:22:11 +0100] "GET /cabinet_medical/?login=&login=&connexion=Me+connecter HTTP/1.1" 200 1974
::1 - - [02/Dec/2022:08:22:11 +0100] "GET /cabinet_medical/fontawesome-free-5.10.2-web/css/all.css HTTP/1.1" 404 352
::1 - - [02/Dec/2022:08:22:11 +0100] "GET /cabinet_medical/?login=&login=&connexion=Me+connecter HTTP/1.1" 200 1974
::1 - - [02/Dec/2022:08:22:11 +0100] "GET /cabinet_medical/fontawesome-free-5.10.2-web/css/all.css HTTP/1.1" 404 352
::1 - - [02/Dec/2022:08:22:34 +0100] "POST /cabinet_medical/pages/accueilMedecin.php HTTP/1.1" 200 2785
::1 - - [02/Dec/2022:08:22:50 +0100] "POST /cabinet_medical/pages/accueilMedecin.php HTTP/1.1" 200 2791
::1 - - [02/Dec/2022:08:23:51 +0100] "POST /cabinet_medical/pages/accueilMedecin.php HTTP/1.1" 200 2823
::1 - - [02/Dec/2022:08:24:05 +0100] "POST /cabinet_medical/pages/accueilMedecin.php HTTP/1.1" 200 2823
::1 - - [02/Dec/2022:08:24:32 +0100] "POST /cabinet_medical/pages/accueilMedecin.php HTTP/1.1" 200 2791
::1 - - [02/Dec/2022:08:25:01 +0100] "POST /cabinet_medical/pages/accueilMedecin.php HTTP/1.1" 200 2804
::1 - - [02/Dec/2022:08:25:37 +0100] "POST /cabinet_medical/pages/accueilMedecin.php HTTP/1.1" 200 2804
::1 - - [02/Dec/2022:08:26:07 +0100] "POST /cabinet_medical/pages/accueilMedecin.php HTTP/1.1" 200 2804
::1 - - [02/Dec/2022:08:26:26 +0100] "POST /cabinet_medical/pages/accueilMedecin.php HTTP/1.1" 200 2804
::1 - - [02/Dec/2022:08:26:28 +0100] "GET /cabinet_medical/pages/accueilMedecin.php HTTP/1.1" 200 2804
::1 - - [02/Dec/2022:08:28:04 +0100] "GET /cabinet_medical/pages/creationPatient.php HTTP/1.1" 200 6349
::1 - - [02/Dec/2022:08:28:04 +0100] "GET /cabinet_medical/fontawesome-free-5.10.2-web/css/all.css HTTP/1.1" 404 352
::1 - - [02/Dec/2022:08:29:17 +0100] "GET /cabinet_medical/pages/creationPatient.php HTTP/1.1" 200 6349
::1 - - [02/Dec/2022:08:29:18 +0100] "GET /cabinet_medical/fontawesome-free-5.10.2-web/css/all.css HTTP/1.1" 404 352
::1 - - [02/Dec/2022:08:29:19 +0100] "GET /cabinet_medical/pages/creationPatient.php HTTP/1.1" 200 6349
::1 - - [02/Dec/2022:08:29:19 +0100] "GET /cabinet_medical/fontawesome-free-5.10.2-web/css/all.css HTTP/1.1" 404 352
::1 - - [02/Dec/2022:08:29:19 +0100] "GET /cabinet_medical/pages/creationPatient.php HTTP/1.1" 200 6349
::1 - - [02/Dec/2022:08:29:19 +0100] "GET /cabinet_medical/fontawesome-free-5.10.2-web/css/all.css HTTP/1.1" 404 352
::1 - - [02/Dec/2022:08:29:19 +0100] "GET /cabinet_medical/pages/creationPatient.php HTTP/1.1" 200 6349
::1 - - [02/Dec/2022:08:29:19 +0100] "GET /cabinet_medical/fontawesome-free-5.10.2-web/css/all.css HTTP/1.1" 404 352
::1 - - [02/Dec/2022:08:29:19 +0100] "GET /cabinet_medical/pages/creationPatient.php HTTP/1.1" 200 6349
::1 - - [02/Dec/2022:08:29:19 +0100] "GET /cabinet_medical/fontawesome-free-5.10.2-web/css/all.css HTTP/1.1" 404 352
::1 - - [02/Dec/2022:08:29:22 +0100] "GET /cabinet_medical/pages/ HTTP/1.1" 200 1260
::1 - - [02/Dec/2022:08:29:22 +0100] "GET /icons/blank.gif HTTP/1.1" 200 148
::1 - - [02/Dec/2022:08:29:22 +0100] "GET /icons/back.gif HTTP/1.1" 200 216
::1 - - [02/Dec/2022:08:29:22 +0100] "GET /icons/unknown.gif HTTP/1.1" 200 245
::1 - - [02/Dec/2022:08:29:23 +0100] "GET /cabinet_medical/pages/creationPatient.php HTTP/1.1" 200 6349
::1 - - [02/Dec/2022:08:29:23 +0100] "GET /cabinet_medical/fontawesome-free-5.10.2-web/css/all.css HTTP/1.1" 404 352
::1 - - [02/Dec/2022:08:35:50 +0100] "GET /cabinet_medical/pages/accueilMedecin.php HTTP/1.1" 200 2804
::1 - - [02/Dec/2022:08:35:53 +0100] "GET /cabinet_medical/pages/accueilMedecin.html HTTP/1.1" 200 4048
::1 - - [02/Dec/2022:08:35:53 +0100] "GET /cabinet_medical/fontawesome-free-5.10.2-web/css/all.css HTTP/1.1" 404 352
::1 - - [02/Dec/2022:08:35:53 +0100] "GET /cabinet_medical/assets/ajouter.png HTTP/1.1" 200 1125
::1 - - [02/Dec/2022:08:36:44 +0100] "GET /cabinet_medical/pages/accueilMedecin.html HTTP/1.1" 304 -
::1 - - [02/Dec/2022:08:36:44 +0100] "GET /cabinet_medical/fontawesome-free-5.10.2-web/css/all.css HTTP/1.1" 404 352
::1 - - [02/Dec/2022:08:36:47 +0100] "GET /cabinet_medical/pages/accueilMedecin.html?rechercheNom=&rechercheNSecu=&rechercher=Rechercher HTTP/1.1" 200 4048
::1 - - [02/Dec/2022:08:36:47 +0100] "GET /cabinet_medical/fontawesome-free-5.10.2-web/css/all.css HTTP/1.1" 404 352
::1 - - [02/Dec/2022:08:36:48 +0100] "GET /cabinet_medical/fontawesome-free-5.10.2-web/css/all.css HTTP/1.1" 404 352
::1 - - [02/Dec/2022:08:38:11 +0100] "GET /cabinet_medical/pages/accueilMedecin.html?rechercheNom=&rechercheNSecu=&rechercher=Rechercher HTTP/1.1" 200 4073
::1 - - [02/Dec/2022:08:38:11 +0100] "GET /cabinet_medical/55.css HTTP/1.1" 200 4722
::1 - - [02/Dec/2022:08:38:11 +0100] "GET /cabinet_medical/fontawesome-free-5.10.2-web/css/all.css HTTP/1.1" 404 352
::1 - - [02/Dec/2022:08:38:15 +0100] "GET /cabinet_medical/pages/creationPatient.html HTTP/1.1" 404 339
::1 - - [02/Dec/2022:08:38:38 +0100] "GET /cabinet_medical/pages/accueilMedecin.html?rechercheNom=&rechercheNSecu=&rechercher=Rechercher HTTP/1.1" 404 338
::1 - - [02/Dec/2022:08:38:42 +0100] "GET /cabinet_medical/pages/accueilMedecin.html HTTP/1.1" 404 338
::1 - - [02/Dec/2022:08:38:45 +0100] "GET /cabinet_medical/pages/accueilMedecin.php HTTP/1.1" 200 4073
::1 - - [02/Dec/2022:08:38:45 +0100] "GET /cabinet_medical/55.css HTTP/1.1" 304 -
::1 - - [02/Dec/2022:08:38:45 +0100] "GET /cabinet_medical/fontawesome-free-5.10.2-web/css/all.css HTTP/1.1" 404 352
::1 - - [02/Dec/2022:08:39:57 +0100] "GET /cabinet_medical/pages/accueilMedecin.php HTTP/1.1" 200 3483
::1 - - [02/Dec/2022:08:39:57 +0100] "GET /cabinet_medical/55.css HTTP/1.1" 304 -
::1 - - [02/Dec/2022:08:39:57 +0100] "GET /cabinet_medical/fontawesome-free-5.10.2-web/css/all.css HTTP/1.1" 404 352
::1 - - [02/Dec/2022:08:40:21 +0100] "GET /cabinet_medical/pages/accueilMedecin.php HTTP/1.1" 200 3451
::1 - - [02/Dec/2022:08:40:22 +0100] "GET /cabinet_medical/fontawesome-free-5.10.2-web/css/all.css HTTP/1.1" 404 352
::1 - - [02/Dec/2022:08:40:22 +0100] "GET /cabinet_medical/pages/accueilMedecin.php HTTP/1.1" 200 3451
::1 - - [02/Dec/2022:08:40:22 +0100] "GET /cabinet_medical/fontawesome-free-5.10.2-web/css/all.css HTTP/1.1" 404 352
::1 - - [02/Dec/2022:08:40:22 +0100] "GET /cabinet_medical/pages/accueilMedecin.php HTTP/1.1" 200 3451
::1 - - [02/Dec/2022:08:40:22 +0100] "GET /cabinet_medical/fontawesome-free-5.10.2-web/css/all.css HTTP/1.1" 404 352
::1 - - [02/Dec/2022:08:40:23 +0100] "GET /cabinet_medical/pages/accueilMedecin.php HTTP/1.1" 200 3451
::1 - - [02/Dec/2022:08:40:23 +0100] "GET /cabinet_medical/fontawesome-free-5.10.2-web/css/all.css HTTP/1.1" 404 352
::1 - - [02/Dec/2022:08:40:23 +0100] "GET /cabinet_medical/pages/accueilMedecin.php HTTP/1.1" 200 3451
::1 - - [02/Dec/2022:08:40:23 +0100] "GET /cabinet_medical/fontawesome-free-5.10.2-web/css/all.css HTTP/1.1" 404 352
::1 - - [02/Dec/2022:08:40:23 +0100] "GET /cabinet_medical/pages/accueilMedecin.php HTTP/1.1" 200 3451
::1 - - [02/Dec/2022:08:40:23 +0100] "GET /cabinet_medical/fontawesome-free-5.10.2-web/css/all.css HTTP/1.1" 404 352
::1 - - [02/Dec/2022:08:40:44 +0100] "GET /cabinet_medical/pages/accueilMedecin.php HTTP/1.1" 200 3374
::1 - - [02/Dec/2022:08:40:44 +0100] "GET /cabinet_medical/55.css HTTP/1.1" 304 -
::1 - - [02/Dec/2022:08:40:44 +0100] "GET /cabinet_medical/fontawesome-free-5.10.2-web/css/all.css HTTP/1.1" 404 352
::1 - - [02/Dec/2022:08:41:00 +0100] "GET /cabinet_medical/pages/accueilMedecin.php HTTP/1.1" 200 3403
::1 - - [02/Dec/2022:08:41:00 +0100] "GET /cabinet_medical/fontawesome-free-5.10.2-web/css/all.css HTTP/1.1" 404 352
::1 - - [02/Dec/2022:08:41:12 +0100] "GET /mysql/sql.php?server=1&db=medsoft&table=visites&pos=0&token=bac93501cbc7eefba08f1b505e1e2e36&ajax_request=true&ajax_page_request=true&_nocache=1669966872764119723 HTTP/1.1" 200 7853
::1 - - [02/Dec/2022:08:41:14 +0100] "GET /mysql/index.php?ajax_request=1&recent_table=1&token=bac93501cbc7eefba08f1b505e1e2e36&no_debug=true&_nocache=1669966874153718491 HTTP/1.1" 200 1442
::1 - - [02/Dec/2022:08:41:14 +0100] "POST /mysql/navigation.php?ajax_request=1&token=bac93501cbc7eefba08f1b505e1e2e36 HTTP/1.1" 200 4537
::1 - - [02/Dec/2022:08:41:23 +0100] "GET /mysql/sql.php?server=1&db=medsoft&table=patients&pos=0&token=bac93501cbc7eefba08f1b505e1e2e36&ajax_request=true&ajax_page_request=true&_nocache=1669966883723764268 HTTP/1.1" 200 8192
::1 - - [02/Dec/2022:08:41:24 +0100] "POST /mysql/navigation.php?ajax_request=1&token=bac93501cbc7eefba08f1b505e1e2e36 HTTP/1.1" 200 4548
::1 - - [02/Dec/2022:08:41:24 +0100] "GET /mysql/index.php?ajax_request=1&recent_table=1&token=bac93501cbc7eefba08f1b505e1e2e36&no_debug=true&_nocache=1669966884913279119 HTTP/1.1" 200 1454
::1 - - [02/Dec/2022:08:43:07 +0100] "POST /cabinet_medical/pages/accueilMedecin.php HTTP/1.1" 200 3403
::1 - - [02/Dec/2022:08:43:07 +0100] "GET /cabinet_medical/55.css HTTP/1.1" 304 -
::1 - - [02/Dec/2022:08:43:07 +0100] "GET /cabinet_medical/fontawesome-free-5.10.2-web/css/all.css HTTP/1.1" 404 352
::1 - - [02/Dec/2022:08:43:08 +0100] "POST /cabinet_medical/pages/accueilMedecin.php HTTP/1.1" 200 3403
::1 - - [02/Dec/2022:08:43:08 +0100] "GET /cabinet_medical/fontawesome-free-5.10.2-web/css/all.css HTTP/1.1" 404 352
::1 - - [02/Dec/2022:08:43:08 +0100] "POST /cabinet_medical/pages/accueilMedecin.php HTTP/1.1" 200 3403
::1 - - [02/Dec/2022:08:43:08 +0100] "GET /cabinet_medical/fontawesome-free-5.10.2-web/css/all.css HTTP/1.1" 404 352
::1 - - [02/Dec/2022:08:43:08 +0100] "POST /cabinet_medical/pages/accueilMedecin.php HTTP/1.1" 200 3403
::1 - - [02/Dec/2022:08:43:08 +0100] "GET /cabinet_medical/fontawesome-free-5.10.2-web/css/all.css HTTP/1.1" 404 352
::1 - - [02/Dec/2022:08:43:09 +0100] "POST /cabinet_medical/pages/accueilMedecin.php HTTP/1.1" 200 3403
::1 - - [02/Dec/2022:08:43:09 +0100] "GET /cabinet_medical/fontawesome-free-5.10.2-web/css/all.css HTTP/1.1" 404 352
::1 - - [02/Dec/2022:08:43:09 +0100] "POST /cabinet_medical/pages/accueilMedecin.php HTTP/1.1" 200 3403
::1 - - [02/Dec/2022:08:43:09 +0100] "GET /cabinet_medical/fontawesome-free-5.10.2-web/css/all.css HTTP/1.1" 404 352
::1 - - [02/Dec/2022:08:43:31 +0100] "GET /cabinet_medical/pages/creationPatient.html HTTP/1.1" 404 339
::1 - - [02/Dec/2022:08:43:47 +0100] "POST /cabinet_medical/pages/accueilMedecin.php HTTP/1.1" 200 3402
::1 - - [02/Dec/2022:08:43:47 +0100] "GET /cabinet_medical/fontawesome-free-5.10.2-web/css/all.css HTTP/1.1" 404 352
::1 - - [02/Dec/2022:08:43:48 +0100] "GET /cabinet_medical/pages/creationPatient.php HTTP/1.1" 200 6349
::1 - - [02/Dec/2022:08:43:48 +0100] "GET /cabinet_medical/fontawesome-free-5.10.2-web/css/all.css HTTP/1.1" 404 352
::1 - - [02/Dec/2022:08:44:21 +0100] "GET /cabinet_medical/pages/creationPatient.php HTTP/1.1" 200 6349
::1 - - [02/Dec/2022:08:44:21 +0100] "GET /cabinet_medical/fontawesome-free-5.10.2-web/css/all.css HTTP/1.1" 404 352
::1 - - [02/Dec/2022:08:44:22 +0100] "GET /cabinet_medical/pages/creationPatient.php HTTP/1.1" 200 6349
::1 - - [02/Dec/2022:08:44:22 +0100] "GET /cabinet_medical/fontawesome-free-5.10.2-web/css/all.css HTTP/1.1" 404 352
::1 - - [02/Dec/2022:08:44:22 +0100] "GET /cabinet_medical/pages/creationPatient.php HTTP/1.1" 200 6349
::1 - - [02/Dec/2022:08:44:22 +0100] "GET /cabinet_medical/fontawesome-free-5.10.2-web/css/all.css HTTP/1.1" 404 352
::1 - - [02/Dec/2022:08:44:22 +0100] "GET /cabinet_medical/pages/creationPatient.php HTTP/1.1" 200 6349
::1 - - [02/Dec/2022:08:44:22 +0100] "GET /cabinet_medical/fontawesome-free-5.10.2-web/css/all.css HTTP/1.1" 404 352
::1 - - [02/Dec/2022:08:44:22 +0100] "GET /cabinet_medical/pages/creationPatient.php HTTP/1.1" 200 6349
::1 - - [02/Dec/2022:08:44:22 +0100] "GET /cabinet_medical/fontawesome-free-5.10.2-web/css/all.css HTTP/1.1" 404 352
::1 - - [02/Dec/2022:08:44:22 +0100] "GET /cabinet_medical/pages/creationPatient.php HTTP/1.1" 200 6349
::1 - - [02/Dec/2022:08:44:22 +0100] "GET /cabinet_medical/fontawesome-free-5.10.2-web/css/all.css HTTP/1.1" 404 352
::1 - - [02/Dec/2022:08:44:22 +0100] "GET /cabinet_medical/pages/creationPatient.php HTTP/1.1" 200 6349
::1 - - [02/Dec/2022:08:44:22 +0100] "GET /cabinet_medical/fontawesome-free-5.10.2-web/css/all.css HTTP/1.1" 404 352
::1 - - [02/Dec/2022:08:44:23 +0100] "GET /cabinet_medical/pages/creationPatient.php HTTP/1.1" 200 6349
::1 - - [02/Dec/2022:08:44:23 +0100] "GET /cabinet_medical/fontawesome-free-5.10.2-web/css/all.css HTTP/1.1" 404 352
::1 - - [02/Dec/2022:08:44:23 +0100] "GET /cabinet_medical/pages/creationPatient.php HTTP/1.1" 200 6349
::1 - - [02/Dec/2022:08:44:23 +0100] "GET /cabinet_medical/fontawesome-free-5.10.2-web/css/all.css HTTP/1.1" 404 352
::1 - - [02/Dec/2022:08:44:23 +0100] "GET /cabinet_medical/pages/creationPatient.php HTTP/1.1" 200 6349
::1 - - [02/Dec/2022:08:44:23 +0100] "GET /cabinet_medical/fontawesome-free-5.10.2-web/css/all.css HTTP/1.1" 404 352
::1 - - [02/Dec/2022:08:44:23 +0100] "GET /cabinet_medical/pages/creationPatient.php HTTP/1.1" 200 6349
::1 - - [02/Dec/2022:08:44:23 +0100] "GET /cabinet_medical/fontawesome-free-5.10.2-web/css/all.css HTTP/1.1" 404 352
::1 - - [02/Dec/2022:08:44:24 +0100] "GET /cabinet_medical/pages/creationPatient.php HTTP/1.1" 200 6349
::1 - - [02/Dec/2022:08:44:24 +0100] "GET /cabinet_medical/fontawesome-free-5.10.2-web/css/all.css HTTP/1.1" 404 352
::1 - - [02/Dec/2022:08:44:36 +0100] "GET /cabinet_medical/pages/creationPatient.php HTTP/1.1" 200 6349
::1 - - [02/Dec/2022:08:44:36 +0100] "GET /cabinet_medical/fontawesome-free-5.10.2-web/css/all.css HTTP/1.1" 404 352
::1 - - [02/Dec/2022:08:44:36 +0100] "GET /cabinet_medical/pages/creationPatient.php HTTP/1.1" 200 6349
::1 - - [02/Dec/2022:08:44:36 +0100] "GET /cabinet_medical/fontawesome-free-5.10.2-web/css/all.css HTTP/1.1" 404 352
::1 - - [02/Dec/2022:08:44:36 +0100] "GET /cabinet_medical/pages/creationPatient.php HTTP/1.1" 200 6349
::1 - - [02/Dec/2022:08:44:36 +0100] "GET /cabinet_medical/fontawesome-free-5.10.2-web/css/all.css HTTP/1.1" 404 352
::1 - - [02/Dec/2022:08:44:36 +0100] "GET /cabinet_medical/pages/creationPatient.php HTTP/1.1" 200 6349
::1 - - [02/Dec/2022:08:44:36 +0100] "GET /cabinet_medical/fontawesome-free-5.10.2-web/css/all.css HTTP/1.1" 404 352
::1 - - [02/Dec/2022:08:44:37 +0100] "GET /cabinet_medical/pages/creationPatient.php HTTP/1.1" 200 6349
::1 - - [02/Dec/2022:08:44:37 +0100] "GET /cabinet_medical/fontawesome-free-5.10.2-web/css/all.css HTTP/1.1" 404 352
::1 - - [02/Dec/2022:08:44:37 +0100] "GET /cabinet_medical/pages/creationPatient.php HTTP/1.1" 200 6349
::1 - - [02/Dec/2022:08:44:37 +0100] "GET /cabinet_medical/fontawesome-free-5.10.2-web/css/all.css HTTP/1.1" 404 352
::1 - - [02/Dec/2022:08:44:37 +0100] "GET /cabinet_medical/pages/creationPatient.php HTTP/1.1" 200 6349
::1 - - [02/Dec/2022:08:44:37 +0100] "GET /cabinet_medical/fontawesome-free-5.10.2-web/css/all.css HTTP/1.1" 404 352
::1 - - [02/Dec/2022:08:44:37 +0100] "GET /cabinet_medical/pages/creationPatient.php HTTP/1.1" 200 6349
::1 - - [02/Dec/2022:08:44:37 +0100] "GET /cabinet_medical/fontawesome-free-5.10.2-web/css/all.css HTTP/1.1" 404 352
::1 - - [02/Dec/2022:08:44:41 +0100] "GET /cabinet_medical/pages/ HTTP/1.1" 200 1260
::1 - - [02/Dec/2022:08:44:42 +0100] "GET /cabinet_medical/pages/creationPatient.php HTTP/1.1" 200 6349
::1 - - [02/Dec/2022:08:44:42 +0100] "GET /cabinet_medical/fontawesome-free-5.10.2-web/css/all.css HTTP/1.1" 404 352
::1 - - [02/Dec/2022:08:46:15 +0100] "GET /cabinet_medical/pages/creationPatient.php HTTP/1.1" 200 6348
::1 - - [02/Dec/2022:08:46:16 +0100] "GET /cabinet_medical/pages/creationPatient.php HTTP/1.1" 200 6348
::1 - - [02/Dec/2022:08:46:16 +0100] "GET /cabinet_medical/pages/creationPatient.php HTTP/1.1" 200 6348
::1 - - [02/Dec/2022:08:46:16 +0100] "GET /cabinet_medical/pages/creationPatient.php HTTP/1.1" 200 6348
::1 - - [02/Dec/2022:08:47:52 +0100] "GET /cabinet_medical/pages/creationPatient.php HTTP/1.1" 200 6348
::1 - - [02/Dec/2022:08:47:52 +0100] "GET /cabinet_medical/pages/creationPatient.php HTTP/1.1" 200 6348
::1 - - [02/Dec/2022:08:47:52 +0100] "GET /cabinet_medical/pages/creationPatient.php HTTP/1.1" 200 6348
::1 - - [02/Dec/2022:08:47:52 +0100] "GET /cabinet_medical/pages/creationPatient.php HTTP/1.1" 200 6348
::1 - - [02/Dec/2022:08:47:52 +0100] "GET /cabinet_medical/pages/creationPatient.php HTTP/1.1" 200 6348
::1 - - [02/Dec/2022:08:47:52 +0100] "GET /cabinet_medical/pages/creationPatient.php HTTP/1.1" 200 6348
::1 - - [02/Dec/2022:08:47:52 +0100] "GET /cabinet_medical/pages/creationPatient.php HTTP/1.1" 200 6348
::1 - - [02/Dec/2022:08:47:52 +0100] "GET /cabinet_medical/pages/creationPatient.php HTTP/1.1" 200 6348
::1 - - [02/Dec/2022:08:47:53 +0100] "GET /cabinet_medical/pages/creationPatient.php HTTP/1.1" 200 6348
::1 - - [02/Dec/2022:08:48:05 +0100] "GET /cabinet_medical/pages/ HTTP/1.1" 200 1260
::1 - - [02/Dec/2022:08:48:06 +0100] "GET /cabinet_medical/pages/creationPatient.php HTTP/1.1" 200 6348
::1 - - [02/Dec/2022:08:49:48 +0100] "GET /cabinet_medical/pages/creationPatient.php HTTP/1.1" 200 6348
::1 - - [02/Dec/2022:08:49:50 +0100] "GET /cabinet_medical/pages/creationPatient.php HTTP/1.1" 200 6348
::1 - - [02/Dec/2022:08:49:56 +0100] "GET /cabinet_medical/pages/creationPatient.php HTTP/1.1" 200 6348
::1 - - [02/Dec/2022:08:51:31 +0100] "GET /cabinet_medical/pages/creationPatient.php HTTP/1.1" 200 6348
::1 - - [02/Dec/2022:08:51:32 +0100] "GET /cabinet_medical/pages/creationPatient.php HTTP/1.1" 200 6348
::1 - - [02/Dec/2022:08:51:36 +0100] "GET /cabinet_medical/pages/creationPatient.php HTTP/1.1" 200 6350
::1 - - [02/Dec/2022:08:51:47 +0100] "GET /cabinet_medical/pages/creationPatient.php HTTP/1.1" 200 6348
::1 - - [02/Dec/2022:08:52:47 +0100] "GET /cabinet_medical/pages/creationPatient.php HTTP/1.1" 200 6348
::1 - - [02/Dec/2022:08:52:49 +0100] "GET /cabinet_medical/pages/creationPatient.php HTTP/1.1" 200 6348
::1 - - [02/Dec/2022:08:52:49 +0100] "GET /cabinet_medical/pages/creationPatient.php HTTP/1.1" 200 6348
::1 - - [02/Dec/2022:08:52:49 +0100] "GET /cabinet_medical/pages/creationPatient.php HTTP/1.1" 200 6348
::1 - - [02/Dec/2022:08:54:15 +0100] "GET /cabinet_medical/pages/creationPatient.php HTTP/1.1" 200 6348
::1 - - [02/Dec/2022:08:58:10 +0100] "GET /cabinet_medical/pages/accueilMedecin.php HTTP/1.1" 200 3408
::1 - - [02/Dec/2022:08:58:15 +0100] "GET /cabinet_medical/pages/ HTTP/1.1" 200 1481
::1 - - [02/Dec/2022:08:58:15 +0100] "GET /icons/text.gif HTTP/1.1" 200 229
::1 - - [02/Dec/2022:08:58:17 +0100] "GET /cabinet_medical/pages/creationPatient.html HTTP/1.1" 200 6342
::1 - - [02/Dec/2022:08:58:17 +0100] "GET /cabinet_medical/fontawesome-free-5.10.2-web/css/all.css HTTP/1.1" 404 352
::1 - - [02/Dec/2022:08:58:17 +0100] "GET /cabinet_medical/pages/style.css HTTP/1.1" 404 328
::1 - - [02/Dec/2022:08:58:46 +0100] "GET /cabinet_medical/pages/creationPatient.html HTTP/1.1" 200 6349
::1 - - [02/Dec/2022:08:58:46 +0100] "GET /cabinet_medical/fontawesome-free-5.10.2-web/css/all.css HTTP/1.1" 404 352
::1 - - [02/Dec/2022:08:59:03 +0100] "GET /cabinet_medical/pages/creationPatient.html HTTP/1.1" 200 6358
::1 - - [02/Dec/2022:08:59:31 +0100] "GET /cabinet_medical/pages/creationPatient.html HTTP/1.1" 200 6349
::1 - - [02/Dec/2022:08:59:31 +0100] "GET /cabinet_medical/fontawesome-free-5.10.2-web/css/all.css HTTP/1.1" 404 352
::1 - - [02/Dec/2022:08:59:59 +0100] "GET /cabinet_medical/pages/creationPatient.html HTTP/1.1" 304 -
::1 - - [02/Dec/2022:08:59:59 +0100] "GET /cabinet_medical/fontawesome-free-5.10.2-web/css/all.css HTTP/1.1" 404 352
::1 - - [02/Dec/2022:08:59:59 +0100] "GET /cabinet_medical/pages/creationPatient.html HTTP/1.1" 304 -
::1 - - [02/Dec/2022:08:59:59 +0100] "GET /cabinet_medical/fontawesome-free-5.10.2-web/css/all.css HTTP/1.1" 404 352
::1 - - [02/Dec/2022:08:59:59 +0100] "GET /cabinet_medical/pages/creationPatient.html HTTP/1.1" 304 -
::1 - - [02/Dec/2022:08:59:59 +0100] "GET /cabinet_medical/fontawesome-free-5.10.2-web/css/all.css HTTP/1.1" 404 352
::1 - - [02/Dec/2022:09:00:00 +0100] "GET /cabinet_medical/pages/creationPatient.html HTTP/1.1" 304 -
::1 - - [02/Dec/2022:09:00:00 +0100] "GET /cabinet_medical/fontawesome-free-5.10.2-web/css/all.css HTTP/1.1" 404 352
::1 - - [02/Dec/2022:09:00:00 +0100] "GET /cabinet_medical/pages/creationPatient.html HTTP/1.1" 304 -
::1 - - [02/Dec/2022:09:00:00 +0100] "GET /cabinet_medical/fontawesome-free-5.10.2-web/css/all.css HTTP/1.1" 404 352
::1 - - [02/Dec/2022:09:00:00 +0100] "GET /cabinet_medical/pages/creationPatient.html HTTP/1.1" 304 -
::1 - - [02/Dec/2022:09:00:00 +0100] "GET /cabinet_medical/fontawesome-free-5.10.2-web/css/all.css HTTP/1.1" 404 352
::1 - - [02/Dec/2022:09:00:00 +0100] "GET /cabinet_medical/pages/creationPatient.html HTTP/1.1" 304 -
::1 - - [02/Dec/2022:09:00:00 +0100] "GET /cabinet_medical/fontawesome-free-5.10.2-web/css/all.css HTTP/1.1" 404 352
::1 - - [02/Dec/2022:09:00:00 +0100] "GET /cabinet_medical/pages/creationPatient.html HTTP/1.1" 304 -
::1 - - [02/Dec/2022:09:00:00 +0100] "GET /cabinet_medical/fontawesome-free-5.10.2-web/css/all.css HTTP/1.1" 404 352
::1 - - [02/Dec/2022:09:05:20 +0100] "POST /mysql/index.php HTTP/1.1" 200 1541
127.0.0.1 - - [02/Dec/2022:09:07:53 +0100] "GET / HTTP/1.1" 200 1703
127.0.0.1 - - [02/Dec/2022:09:07:53 +0100] "GET /?getimg=title HTTP/1.1" 200 6119
127.0.0.1 - - [02/Dec/2022:09:07:53 +0100] "GET /?getimg=folder HTTP/1.1" 200 537
127.0.0.1 - - [02/Dec/2022:09:07:53 +0100] "GET /?getimg=favicon HTTP/1.1" 200 5430
127.0.0.1 - - [02/Dec/2022:09:07:55 +0100] "GET /cabinet_medical HTTP/1.1" 301 340
127.0.0.1 - - [02/Dec/2022:09:07:55 +0100] "GET /cabinet_medical/ HTTP/1.1" 200 1974
127.0.0.1 - - [02/Dec/2022:09:07:55 +0100] "GET /cabinet_medical/fontawesome-free-5.10.2-web/css/all.css HTTP/1.1" 404 352
127.0.0.1 - - [02/Dec/2022:09:07:55 +0100] "GET /cabinet_medical/css/style.css HTTP/1.1" 200 4720
127.0.0.1 - - [02/Dec/2022:09:07:55 +0100] "GET /cabinet_medical/bootstrap/css/bootstrap.css HTTP/1.1" 200 152767
127.0.0.1 - - [02/Dec/2022:09:07:55 +0100] "GET /cabinet_medical/assets/logo_dessin.png HTTP/1.1" 200 91573
127.0.0.1 - - [02/Dec/2022:09:07:55 +0100] "GET /cabinet_medical/assets/logo_titre.png HTTP/1.1" 200 77662
127.0.0.1 - - [02/Dec/2022:09:07:55 +0100] "GET /cabinet_medical/assets/image_fond.png HTTP/1.1" 200 157949
127.0.0.1 - - [02/Dec/2022:09:07:55 +0100] "GET /favicon.ico HTTP/1.1" 404 308
127.0.0.1 - - [02/Dec/2022:09:07:57 +0100] "POST /cabinet_medical/pages/accueilMedecin.php HTTP/1.1" 200 3408
127.0.0.1 - - [02/Dec/2022:09:07:57 +0100] "GET /cabinet_medical/fontawesome-free-6.2.1-web/css/all.css HTTP/1.1" 200 139880
127.0.0.1 - - [02/Dec/2022:09:07:57 +0100] "GET /cabinet_medical/assets/recherche_medicaments.png HTTP/1.1" 200 4379
127.0.0.1 - - [02/Dec/2022:09:07:57 +0100] "GET /cabinet_medical/assets/profil_patients.png HTTP/1.1" 200 7368
127.0.0.1 - - [02/Dec/2022:09:07:57 +0100] "GET /cabinet_medical/assets/ajouter.png HTTP/1.1" 200 1125
127.0.0.1 - - [02/Dec/2022:09:07:59 +0100] "GET /cabinet_medical/pages/creationPatient.php HTTP/1.1" 200 6370
127.0.0.1 - - [02/Dec/2022:09:07:59 +0100] "GET /cabinet_medical/assets/deconnexion.png HTTP/1.1" 200 4324
127.0.0.1 - - [02/Dec/2022:09:08:02 +0100] "GET /cabinet_medical/assets/deconnexion.png HTTP/1.1" 200 4324
127.0.0.1 - - [02/Dec/2022:09:08:23 +0100] "GET /cabinet_medical/pages/creationPatient.php HTTP/1.1" 200 6370
127.0.0.1 - - [02/Dec/2022:09:08:23 +0100] "GET /cabinet_medical/css/style.css HTTP/1.1" 200 4724
127.0.0.1 - - [02/Dec/2022:09:08:23 +0100] "GET /cabinet_medical/assets/recherche_medicaments.png HTTP/1.1" 304 -
127.0.0.1 - - [02/Dec/2022:09:08:23 +0100] "GET /cabinet_medical/assets/deconnexion.png HTTP/1.1" 304 -
127.0.0.1 - - [02/Dec/2022:09:08:23 +0100] "GET /cabinet_medical/assets/profil_patients.png HTTP/1.1" 304 -
127.0.0.1 - - [02/Dec/2022:09:08:23 +0100] "GET /cabinet_medical/assets/logo_dessin.png HTTP/1.1" 304 -
127.0.0.1 - - [02/Dec/2022:09:08:23 +0100] "GET /cabinet_medical/assets/logo_titre.png HTTP/1.1" 304 -
127.0.0.1 - - [02/Dec/2022:09:08:51 +0100] "GET /cabinet_medical/pages/ HTTP/1.1" 200 1481
127.0.0.1 - - [02/Dec/2022:09:08:51 +0100] "GET /icons/back.gif HTTP/1.1" 200 216
127.0.0.1 - - [02/Dec/2022:09:08:51 +0100] "GET /icons/blank.gif HTTP/1.1" 200 148
127.0.0.1 - - [02/Dec/2022:09:08:51 +0100] "GET /icons/unknown.gif HTTP/1.1" 200 245
127.0.0.1 - - [02/Dec/2022:09:08:51 +0100] "GET /icons/text.gif HTTP/1.1" 200 229
127.0.0.1 - - [02/Dec/2022:09:08:53 +0100] "GET /cabinet_medical/pages/accueilMedecin.php HTTP/1.1" 200 3408
127.0.0.1 - - [02/Dec/2022:09:08:53 +0100] "GET /cabinet_medical/css/style.css HTTP/1.1" 304 -
127.0.0.1 - - [02/Dec/2022:09:10:04 +0100] "GET /cabinet_medical/pages/creationPatient.php HTTP/1.1" 200 6370
127.0.0.1 - - [02/Dec/2022:09:10:04 +0100] "GET /cabinet_medical/css/style.css HTTP/1.1" 200 4724
127.0.0.1 - - [02/Dec/2022:09:10:04 +0100] "GET /favicon.ico HTTP/1.1" 404 308
127.0.0.1 - - [02/Dec/2022:09:11:45 +0100] "GET /cabinet_medical/pages/creationPatient.php HTTP/1.1" 200 6370
127.0.0.1 - - [02/Dec/2022:09:11:45 +0100] "GET /cabinet_medical/css/style.css HTTP/1.1" 304 -
127.0.0.1 - - [02/Dec/2022:09:11:45 +0100] "GET /cabinet_medical/assets/logo_titre.png HTTP/1.1" 304 -
127.0.0.1 - - [02/Dec/2022:09:11:45 +0100] "GET /cabinet_medical/assets/deconnexion.png HTTP/1.1" 304 -
127.0.0.1 - - [02/Dec/2022:09:11:45 +0100] "GET /cabinet_medical/assets/recherche_medicaments.png HTTP/1.1" 304 -
127.0.0.1 - - [02/Dec/2022:09:11:45 +0100] "GET /cabinet_medical/assets/logo_dessin.png HTTP/1.1" 304 -
127.0.0.1 - - [02/Dec/2022:09:11:45 +0100] "GET /cabinet_medical/assets/profil_patients.png HTTP/1.1" 304 -
::1 - - [02/Dec/2022:09:12:44 +0100] "GET / HTTP/1.1" 200 1703
::1 - - [02/Dec/2022:09:12:44 +0100] "GET /?getimg=title HTTP/1.1" 200 6119
::1 - - [02/Dec/2022:09:12:44 +0100] "GET /?getimg=folder HTTP/1.1" 200 537
::1 - - [02/Dec/2022:09:12:44 +0100] "GET /?getimg=favicon HTTP/1.1" 200 5430
::1 - - [02/Dec/2022:09:12:45 +0100] "GET /cabinet_medical HTTP/1.1" 301 340
::1 - - [02/Dec/2022:09:12:45 +0100] "GET /cabinet_medical/ HTTP/1.1" 200 1974
::1 - - [02/Dec/2022:09:12:45 +0100] "GET /cabinet_medical/bootstrap/css/bootstrap.css HTTP/1.1" 200 152767
::1 - - [02/Dec/2022:09:12:45 +0100] "GET /cabinet_medical/fontawesome-free-5.10.2-web/css/all.css HTTP/1.1" 404 352
::1 - - [02/Dec/2022:09:12:45 +0100] "GET /cabinet_medical/css/style.css HTTP/1.1" 200 4724
::1 - - [02/Dec/2022:09:12:45 +0100] "GET /cabinet_medical/assets/logo_titre.png HTTP/1.1" 200 77662
::1 - - [02/Dec/2022:09:12:45 +0100] "GET /cabinet_medical/assets/logo_dessin.png HTTP/1.1" 200 91573
::1 - - [02/Dec/2022:09:12:45 +0100] "GET /cabinet_medical/assets/image_fond.png HTTP/1.1" 200 157949
::1 - - [02/Dec/2022:09:12:45 +0100] "GET /favicon.ico HTTP/1.1" 404 308
::1 - - [02/Dec/2022:09:12:48 +0100] "POST /cabinet_medical/pages/accueilMedecin.php HTTP/1.1" 200 3408
::1 - - [02/Dec/2022:09:12:48 +0100] "GET /cabinet_medical/fontawesome-free-6.2.1-web/css/all.css HTTP/1.1" 200 139880
::1 - - [02/Dec/2022:09:12:48 +0100] "GET /cabinet_medical/assets/ajouter.png HTTP/1.1" 200 1125
::1 - - [02/Dec/2022:09:12:48 +0100] "GET /cabinet_medical/assets/deconnexion.png HTTP/1.1" 200 4324
::1 - - [02/Dec/2022:09:12:48 +0100] "GET /cabinet_medical/assets/recherche_medicaments.png HTTP/1.1" 200 4379
::1 - - [02/Dec/2022:09:12:48 +0100] "GET /cabinet_medical/assets/profil_patients.png HTTP/1.1" 200 7368
127.0.0.1 - - [02/Dec/2022:09:12:49 +0100] "GET /cabinet_medical/pages/ HTTP/1.1" 200 1481
127.0.0.1 - - [02/Dec/2022:09:12:49 +0100] "GET /icons/blank.gif HTTP/1.1" 200 148
127.0.0.1 - - [02/Dec/2022:09:12:49 +0100] "GET /icons/back.gif HTTP/1.1" 200 216
127.0.0.1 - - [02/Dec/2022:09:12:49 +0100] "GET /icons/unknown.gif HTTP/1.1" 200 245
127.0.0.1 - - [02/Dec/2022:09:12:49 +0100] "GET /icons/text.gif HTTP/1.1" 200 229
::1 - - [02/Dec/2022:09:12:49 +0100] "GET /cabinet_medical/pages/creationPatient.php HTTP/1.1" 200 6370
::1 - - [02/Dec/2022:09:13:19 +0100] "GET /cabinet_medical/pages/creationPatient.php HTTP/1.1" 200 6368
::1 - - [02/Dec/2022:09:13:19 +0100] "GET /cabinet_medical/css/style.css HTTP/1.1" 304 -
::1 - - [02/Dec/2022:09:13:19 +0100] "GET /cabinet_medical/pages/creationPatient.php HTTP/1.1" 200 6368
::1 - - [02/Dec/2022:09:13:19 +0100] "GET /cabinet_medical/pages/creationPatient.php HTTP/1.1" 200 6368
::1 - - [02/Dec/2022:09:13:20 +0100] "GET /cabinet_medical/pages/creationPatient.php HTTP/1.1" 200 6368
::1 - - [02/Dec/2022:09:13:25 +0100] "GET /cabinet_medical/pages/creationPatient.php HTTP/1.1" 200 6352
::1 - - [02/Dec/2022:09:13:26 +0100] "GET /cabinet_medical/pages/creationPatient.php HTTP/1.1" 200 6352
::1 - - [02/Dec/2022:09:13:26 +0100] "GET /cabinet_medical/pages/creationPatient.php HTTP/1.1" 200 6352
::1 - - [02/Dec/2022:09:13:26 +0100] "GET /cabinet_medical/pages/creationPatient.php HTTP/1.1" 200 6352
::1 - - [02/Dec/2022:09:13:27 +0100] "GET /cabinet_medical/pages/creationPatient.php HTTP/1.1" 200 6352
