2022-12-05T07:11:11.767122Z 0 [Warning] TIMESTAMP with implicit DEFAULT value is deprecated. Please use --explicit_defaults_for_timestamp server option (see documentation for more details).
2022-12-05T07:11:11.768109Z 0 [Warning] 'NO_ZERO_DATE', 'NO_ZERO_IN_DATE' and 'ERROR_FOR_DIVISION_BY_ZERO' sql modes should be used with strict mode. They will be merged with strict mode in a future release.
2022-12-05T07:11:11.768109Z 0 [Warning] 'NO_AUTO_CREATE_USER' sql mode was not set.
2022-12-05T07:11:11.768109Z 0 [Warning] Insecure configuration for --secure-file-priv: Current value does not restrict location of generated files. Consider setting it to a valid, non-empty path.
2022-12-05T07:11:11.769451Z 0 [ERROR] Cannot open Windows EventLog; check privileges, or start server with --log_syslog=0
2022-12-05T07:11:11.769451Z 0 [Note] Z:\UWamp_SAE_WEB\bin\database\mysql-5.7.11\bin\mysqld.exe (mysqld 5.7.11) starting as process 6556 ...
2022-12-05T07:11:12.094682Z 0 [ERROR] Can't open shared library 'Z:\UWamp_SAE_WEB\bin\database\mysql-5.7.11\lib\plugin\keyring_file.dll' (errno: 126 Le module spécifié est introuvable.)
2022-12-05T07:11:12.094682Z 0 [ERROR] Couldn't load plugin named 'keyring_file' with soname 'keyring_file.dll'.
2022-12-05T07:11:12.150533Z 0 [Note] InnoDB: Mutexes and rw_locks use Windows interlocked functions
2022-12-05T07:11:12.151531Z 0 [Note] InnoDB: Uses event mutexes
2022-12-05T07:11:12.151531Z 0 [Note] InnoDB: Memory barrier is not used
2022-12-05T07:11:12.151531Z 0 [Note] InnoDB: Compressed tables use zlib 1.2.3
2022-12-05T07:11:12.173472Z 0 [Note] InnoDB: Number of pools: 1
2022-12-05T07:11:12.186437Z 0 [Note] InnoDB: Not using CPU crc32 instructions
2022-12-05T07:11:12.229322Z 0 [Note] InnoDB: Initializing buffer pool, total size = 128M, instances = 1, chunk size = 128M
2022-12-05T07:11:12.243285Z 0 [Note] InnoDB: Completed initialization of buffer pool
2022-12-05T07:11:12.538496Z 0 [Note] InnoDB: Highest supported file format is Barracuda.
2022-12-05T07:11:12.564343Z 0 [Note] InnoDB: Log scan progressed past the checkpoint lsn 3198113
2022-12-05T07:11:12.565342Z 0 [Note] InnoDB: Doing recovery: scanned up to log sequence number 3198122
2022-12-05T07:11:12.568333Z 0 [Note] InnoDB: Doing recovery: scanned up to log sequence number 3198122
2022-12-05T07:11:12.569331Z 0 [Note] InnoDB: Database was not shutdown normally!
2022-12-05T07:11:12.569331Z 0 [Note] InnoDB: Starting crash recovery.
2022-12-05T07:11:15.908893Z 0 [Note] InnoDB: Removed temporary tablespace data file: "ibtmp1"
2022-12-05T07:11:15.909890Z 0 [Note] InnoDB: Creating shared tablespace for temporary tables
2022-12-05T07:11:15.912091Z 0 [Note] InnoDB: Setting file '.\ibtmp1' size to 12 MB. Physically writing the file full; Please wait ...
2022-12-05T07:11:16.151330Z 0 [Note] InnoDB: File '.\ibtmp1' size is now 12 MB.
2022-12-05T07:11:16.180250Z 0 [Note] InnoDB: 96 redo rollback segment(s) found. 96 redo rollback segment(s) are active.
2022-12-05T07:11:16.180250Z 0 [Note] InnoDB: 32 non-redo rollback segment(s) are active.
2022-12-05T07:11:16.181248Z 0 [Note] InnoDB: Waiting for purge to start
2022-12-05T07:11:16.240091Z 0 [Note] InnoDB: Waiting for purge to start
2022-12-05T07:11:16.301925Z 0 [Note] InnoDB: page_cleaner: 1000ms intended loop took 4056ms. The settings might not be optimal. (flushed=0 and evicted=0, during the time.)
2022-12-05T07:11:16.306911Z 0 [Note] InnoDB: 5.7.11 started; log sequence number 3198122
2022-12-05T07:11:16.309903Z 0 [Note] InnoDB: Loading buffer pool(s) from Z:\UWamp_SAE_WEB\bin\database\mysql-5.7.11\data\ib_buffer_pool
2022-12-05T07:11:16.317882Z 0 [Note] Plugin 'FEDERATED' is disabled.
2022-12-05T07:11:16.341818Z 0 [Note] InnoDB: Buffer pool(s) load completed at 221205  8:11:16
2022-12-05T07:11:16.590698Z 0 [Warning] Failed to set up SSL because of the following SSL library error: SSL context is not usable without certificate and private key
2022-12-05T07:11:16.591685Z 0 [Note] Server hostname (bind-address): '*'; port: 3306
2022-12-05T07:11:16.592683Z 0 [Note] IPv6 is available.
2022-12-05T07:11:16.592683Z 0 [Note]   - '::' resolves to '::';
2022-12-05T07:11:16.598667Z 0 [Note] Server socket created on IP: '::'.
2022-12-05T07:11:18.533734Z 0 [Note] Event Scheduler: Loaded 0 events
2022-12-05T07:11:18.534731Z 0 [Note] Z:\UWamp_SAE_WEB\bin\database\mysql-5.7.11\bin\mysqld.exe: ready for connections.
Version: '5.7.11'  socket: ''  port: 3306  MySQL Community Server (GPL)
2022-12-05T07:11:53.527431Z 0 [Note] Z:\UWamp_SAE_WEB\bin\database\mysql-5.7.11\bin\mysqld.exe: Normal shutdown

2022-12-05T07:11:53.527431Z 0 [Note] Giving 0 client threads a chance to die gracefully
2022-12-05T07:11:53.527431Z 0 [Note] Shutting down slave threads
2022-12-05T07:11:53.528428Z 0 [Note] Forcefully disconnecting 0 remaining clients
2022-12-05T07:11:53.528428Z 0 [Note] Event Scheduler: Purging the queue. 0 events
2022-12-05T07:11:53.529425Z 0 [Note] Binlog end
2022-12-05T07:11:53.538402Z 0 [Note] Shutting down plugin 'ngram'
2022-12-05T07:11:53.538402Z 0 [Note] Shutting down plugin 'partition'
2022-12-05T07:11:53.538402Z 0 [Note] Shutting down plugin 'BLACKHOLE'
2022-12-05T07:11:53.539399Z 0 [Note] Shutting down plugin 'ARCHIVE'
2022-12-05T07:11:53.539399Z 0 [Note] Shutting down plugin 'PERFORMANCE_SCHEMA'
2022-12-05T07:11:53.539399Z 0 [Note] Shutting down plugin 'MRG_MYISAM'
2022-12-05T07:11:53.539399Z 0 [Note] Shutting down plugin 'MyISAM'
2022-12-05T07:11:53.540396Z 0 [Note] Shutting down plugin 'INNODB_SYS_VIRTUAL'
2022-12-05T07:11:53.540396Z 0 [Note] Shutting down plugin 'INNODB_SYS_DATAFILES'
2022-12-05T07:11:53.540396Z 0 [Note] Shutting down plugin 'INNODB_SYS_TABLESPACES'
2022-12-05T07:11:53.541393Z 0 [Note] Shutting down plugin 'INNODB_SYS_FOREIGN_COLS'
2022-12-05T07:11:53.541393Z 0 [Note] Shutting down plugin 'INNODB_SYS_FOREIGN'
2022-12-05T07:11:53.541393Z 0 [Note] Shutting down plugin 'INNODB_SYS_FIELDS'
2022-12-05T07:11:53.542391Z 0 [Note] Shutting down plugin 'INNODB_SYS_COLUMNS'
2022-12-05T07:11:53.542391Z 0 [Note] Shutting down plugin 'INNODB_SYS_INDEXES'
2022-12-05T07:11:53.542391Z 0 [Note] Shutting down plugin 'INNODB_SYS_TABLESTATS'
2022-12-05T07:11:53.542391Z 0 [Note] Shutting down plugin 'INNODB_SYS_TABLES'
2022-12-05T07:11:53.543388Z 0 [Note] Shutting down plugin 'INNODB_FT_INDEX_TABLE'
2022-12-05T07:11:53.543388Z 0 [Note] Shutting down plugin 'INNODB_FT_INDEX_CACHE'
2022-12-05T07:11:53.543388Z 0 [Note] Shutting down plugin 'INNODB_FT_CONFIG'
2022-12-05T07:11:53.544385Z 0 [Note] Shutting down plugin 'INNODB_FT_BEING_DELETED'
2022-12-05T07:11:53.544385Z 0 [Note] Shutting down plugin 'INNODB_FT_DELETED'
2022-12-05T07:11:53.544385Z 0 [Note] Shutting down plugin 'INNODB_FT_DEFAULT_STOPWORD'
2022-12-05T07:11:53.545382Z 0 [Note] Shutting down plugin 'INNODB_METRICS'
2022-12-05T07:11:53.545382Z 0 [Note] Shutting down plugin 'INNODB_TEMP_TABLE_INFO'
2022-12-05T07:11:53.545382Z 0 [Note] Shutting down plugin 'INNODB_BUFFER_POOL_STATS'
2022-12-05T07:11:53.546380Z 0 [Note] Shutting down plugin 'INNODB_BUFFER_PAGE_LRU'
2022-12-05T07:11:53.546380Z 0 [Note] Shutting down plugin 'INNODB_BUFFER_PAGE'
2022-12-05T07:11:53.546380Z 0 [Note] Shutting down plugin 'INNODB_CMP_PER_INDEX_RESET'
2022-12-05T07:11:53.547377Z 0 [Note] Shutting down plugin 'INNODB_CMP_PER_INDEX'
2022-12-05T07:11:53.547377Z 0 [Note] Shutting down plugin 'INNODB_CMPMEM_RESET'
2022-12-05T07:11:53.547377Z 0 [Note] Shutting down plugin 'INNODB_CMPMEM'
2022-12-05T07:11:53.547377Z 0 [Note] Shutting down plugin 'INNODB_CMP_RESET'
2022-12-05T07:11:53.548374Z 0 [Note] Shutting down plugin 'INNODB_CMP'
2022-12-05T07:11:53.548374Z 0 [Note] Shutting down plugin 'INNODB_LOCK_WAITS'
2022-12-05T07:11:53.548374Z 0 [Note] Shutting down plugin 'INNODB_LOCKS'
2022-12-05T07:11:53.549371Z 0 [Note] Shutting down plugin 'INNODB_TRX'
2022-12-05T07:11:53.549371Z 0 [Note] Shutting down plugin 'InnoDB'
2022-12-05T07:11:53.549371Z 0 [Note] InnoDB: FTS optimize thread exiting.
2022-12-05T07:11:53.550368Z 0 [Note] InnoDB: Starting shutdown...
2022-12-05T07:11:53.652943Z 0 [Note] InnoDB: Dumping buffer pool(s) to Z:\UWamp_SAE_WEB\bin\database\mysql-5.7.11\data\ib_buffer_pool
2022-12-05T07:11:53.673416Z 0 [Note] InnoDB: Buffer pool(s) dump completed at 221205  8:11:53
2022-12-05T07:11:54.926713Z 0 [Note] InnoDB: Shutdown completed; log sequence number 3198150
2022-12-05T07:11:54.930027Z 0 [Note] InnoDB: Removed temporary tablespace data file: "ibtmp1"
2022-12-05T07:11:54.930027Z 0 [Note] Shutting down plugin 'MEMORY'
2022-12-05T07:11:54.930027Z 0 [Note] Shutting down plugin 'CSV'
2022-12-05T07:11:54.931059Z 0 [Note] Shutting down plugin 'sha256_password'
2022-12-05T07:11:54.931059Z 0 [Note] Shutting down plugin 'mysql_native_password'
2022-12-05T07:11:54.931059Z 0 [Note] Shutting down plugin 'binlog'
2022-12-05T07:11:54.935230Z 0 [Note] Z:\UWamp_SAE_WEB\bin\database\mysql-5.7.11\bin\mysqld.exe: Shutdown complete

2022-12-05T07:21:12.766204Z 0 [Warning] TIMESTAMP with implicit DEFAULT value is deprecated. Please use --explicit_defaults_for_timestamp server option (see documentation for more details).
2022-12-05T07:21:12.767201Z 0 [Warning] 'NO_ZERO_DATE', 'NO_ZERO_IN_DATE' and 'ERROR_FOR_DIVISION_BY_ZERO' sql modes should be used with strict mode. They will be merged with strict mode in a future release.
2022-12-05T07:21:12.767201Z 0 [Warning] 'NO_AUTO_CREATE_USER' sql mode was not set.
2022-12-05T07:21:12.767201Z 0 [Warning] Insecure configuration for --secure-file-priv: Current value does not restrict location of generated files. Consider setting it to a valid, non-empty path.
2022-12-05T07:21:12.768199Z 0 [ERROR] Cannot open Windows EventLog; check privileges, or start server with --log_syslog=0
2022-12-05T07:21:12.768199Z 0 [Note] Z:\UWamp_SAE_WEB\bin\database\mysql-5.7.11\bin\mysqld.exe (mysqld 5.7.11) starting as process 8452 ...
2022-12-05T07:21:12.817069Z 0 [ERROR] Can't open shared library 'Z:\UWamp_SAE_WEB\bin\database\mysql-5.7.11\lib\plugin\keyring_file.dll' (errno: 126 Le module spécifié est introuvable.)
2022-12-05T07:21:12.818066Z 0 [ERROR] Couldn't load plugin named 'keyring_file' with soname 'keyring_file.dll'.
2022-12-05T07:21:12.832029Z 0 [Note] InnoDB: Mutexes and rw_locks use Windows interlocked functions
2022-12-05T07:21:12.832029Z 0 [Note] InnoDB: Uses event mutexes
2022-12-05T07:21:12.833026Z 0 [Note] InnoDB: Memory barrier is not used
2022-12-05T07:21:12.833026Z 0 [Note] InnoDB: Compressed tables use zlib 1.2.3
2022-12-05T07:21:12.841005Z 0 [Note] InnoDB: Number of pools: 1
2022-12-05T07:21:12.844993Z 0 [Note] InnoDB: Not using CPU crc32 instructions
2022-12-05T07:21:12.878903Z 0 [Note] InnoDB: Initializing buffer pool, total size = 128M, instances = 1, chunk size = 128M
2022-12-05T07:21:12.886886Z 0 [Note] InnoDB: Completed initialization of buffer pool
2022-12-05T07:21:13.078658Z 0 [Note] InnoDB: Highest supported file format is Barracuda.
2022-12-05T07:21:14.186803Z 0 [Note] InnoDB: Creating shared tablespace for temporary tables
2022-12-05T07:21:14.188797Z 0 [Note] InnoDB: Setting file '.\ibtmp1' size to 12 MB. Physically writing the file full; Please wait ...
2022-12-05T07:21:14.366126Z 0 [Note] InnoDB: File '.\ibtmp1' size is now 12 MB.
2022-12-05T07:21:14.388067Z 0 [Note] InnoDB: 96 redo rollback segment(s) found. 96 redo rollback segment(s) are active.
2022-12-05T07:21:14.389064Z 0 [Note] InnoDB: 32 non-redo rollback segment(s) are active.
2022-12-05T07:21:14.389064Z 0 [Note] InnoDB: Waiting for purge to start
2022-12-05T07:21:14.444521Z 0 [Note] InnoDB: 5.7.11 started; log sequence number 3198150
2022-12-05T07:21:14.450257Z 0 [Note] Plugin 'FEDERATED' is disabled.
2022-12-05T07:21:14.451531Z 0 [Note] InnoDB: Loading buffer pool(s) from Z:\UWamp_SAE_WEB\bin\database\mysql-5.7.11\data\ib_buffer_pool
2022-12-05T07:21:14.544622Z 0 [Warning] Failed to set up SSL because of the following SSL library error: SSL context is not usable without certificate and private key
2022-12-05T07:21:14.545621Z 0 [Note] Server hostname (bind-address): '*'; port: 3306
2022-12-05T07:21:14.545621Z 0 [Note] IPv6 is available.
2022-12-05T07:21:14.546618Z 0 [Note]   - '::' resolves to '::';
2022-12-05T07:21:14.547276Z 0 [Note] Server socket created on IP: '::'.
