2022-12-15T08:50:31.601214Z 0 [Warning] TIMESTAMP with implicit DEFAULT value is deprecated. Please use --explicit_defaults_for_timestamp server option (see documentation for more details).
2022-12-15T08:50:31.605106Z 0 [Warning] 'NO_ZERO_DATE', 'NO_ZERO_IN_DATE' and 'ERROR_FOR_DIVISION_BY_ZERO' sql modes should be used with strict mode. They will be merged with strict mode in a future release.
2022-12-15T08:50:31.605106Z 0 [Warning] 'NO_AUTO_CREATE_USER' sql mode was not set.
2022-12-15T08:50:31.605106Z 0 [Warning] Insecure configuration for --secure-file-priv: Current value does not restrict location of generated files. Consider setting it to a valid, non-empty path.
2022-12-15T08:50:31.605650Z 0 [ERROR] Cannot open Windows EventLog; check privileges, or start server with --log_syslog=0
2022-12-15T08:50:31.605650Z 0 [Note] Z:\SAE_S3_WEB\bin\database\mysql-5.7.11\bin\mysqld.exe (mysqld 5.7.11) starting as process 11456 ...
2022-12-15T08:50:31.986413Z 0 [ERROR] Can't open shared library 'Z:\SAE_S3_WEB\bin\database\mysql-5.7.11\lib\plugin\keyring_file.dll' (errno: 126 Le module spécifié est introuvable.)
2022-12-15T08:50:31.986413Z 0 [ERROR] Couldn't load plugin named 'keyring_file' with soname 'keyring_file.dll'.
2022-12-15T08:50:32.087896Z 0 [Note] InnoDB: Mutexes and rw_locks use Windows interlocked functions
2022-12-15T08:50:32.089951Z 0 [Note] InnoDB: Uses event mutexes
2022-12-15T08:50:32.090948Z 0 [Note] InnoDB: Memory barrier is not used
2022-12-15T08:50:32.092935Z 0 [Note] InnoDB: Compressed tables use zlib 1.2.3
2022-12-15T08:50:32.155970Z 0 [Note] InnoDB: Number of pools: 1
2022-12-15T08:50:32.197843Z 0 [Note] InnoDB: Not using CPU crc32 instructions
2022-12-15T08:50:32.237257Z 0 [Note] InnoDB: Initializing buffer pool, total size = 128M, instances = 1, chunk size = 128M
2022-12-15T08:50:32.243154Z 0 [Note] InnoDB: Completed initialization of buffer pool
2022-12-15T08:50:32.472167Z 0 [Note] InnoDB: Highest supported file format is Barracuda.
2022-12-15T08:50:32.489601Z 0 [Note] InnoDB: Log scan progressed past the checkpoint lsn 3217000
2022-12-15T08:50:32.489601Z 0 [Note] InnoDB: Doing recovery: scanned up to log sequence number 3217009
2022-12-15T08:50:32.491601Z 0 [Note] InnoDB: Doing recovery: scanned up to log sequence number 3217009
2022-12-15T08:50:32.492595Z 0 [Note] InnoDB: Database was not shutdown normally!
2022-12-15T08:50:32.492595Z 0 [Note] InnoDB: Starting crash recovery.
2022-12-15T08:50:34.997836Z 0 [Note] InnoDB: Removed temporary tablespace data file: "ibtmp1"
2022-12-15T08:50:34.997836Z 0 [Note] InnoDB: Creating shared tablespace for temporary tables
2022-12-15T08:50:35.000640Z 0 [Note] InnoDB: Setting file '.\ibtmp1' size to 12 MB. Physically writing the file full; Please wait ...
2022-12-15T08:50:35.128071Z 0 [Note] InnoDB: File '.\ibtmp1' size is now 12 MB.
2022-12-15T08:50:35.148144Z 0 [Note] InnoDB: 96 redo rollback segment(s) found. 96 redo rollback segment(s) are active.
2022-12-15T08:50:35.148144Z 0 [Note] InnoDB: 32 non-redo rollback segment(s) are active.
2022-12-15T08:50:35.149143Z 0 [Note] InnoDB: Waiting for purge to start
2022-12-15T08:50:35.208828Z 0 [Note] InnoDB: Waiting for purge to start
2022-12-15T08:50:35.277788Z 0 [Note] InnoDB: 5.7.11 started; log sequence number 3217009
2022-12-15T08:50:35.279481Z 0 [Note] InnoDB: Loading buffer pool(s) from Z:\SAE_S3_WEB\bin\database\mysql-5.7.11\data\ib_buffer_pool
2022-12-15T08:50:35.286713Z 0 [Note] Plugin 'FEDERATED' is disabled.
2022-12-15T08:50:35.571756Z 0 [Warning] Failed to set up SSL because of the following SSL library error: SSL context is not usable without certificate and private key
2022-12-15T08:50:35.573752Z 0 [Note] Server hostname (bind-address): '*'; port: 3306
2022-12-15T08:50:35.573752Z 0 [Note] IPv6 is available.
2022-12-15T08:50:35.573752Z 0 [Note]   - '::' resolves to '::';
2022-12-15T08:50:35.574750Z 0 [Note] Server socket created on IP: '::'.
2022-12-15T08:50:35.677894Z 0 [Note] InnoDB: Buffer pool(s) load completed at 221215  9:50:35
2022-12-15T08:50:37.555013Z 0 [Note] Event Scheduler: Loaded 0 events
2022-12-15T08:50:37.560776Z 0 [Note] Z:\SAE_S3_WEB\bin\database\mysql-5.7.11\bin\mysqld.exe: ready for connections.
Version: '5.7.11'  socket: ''  port: 3306  MySQL Community Server (GPL)
2022-12-15T09:31:05.350071Z 0 [Warning] TIMESTAMP with implicit DEFAULT value is deprecated. Please use --explicit_defaults_for_timestamp server option (see documentation for more details).
2022-12-15T09:31:05.351068Z 0 [Warning] 'NO_ZERO_DATE', 'NO_ZERO_IN_DATE' and 'ERROR_FOR_DIVISION_BY_ZERO' sql modes should be used with strict mode. They will be merged with strict mode in a future release.
2022-12-15T09:31:05.351068Z 0 [Warning] 'NO_AUTO_CREATE_USER' sql mode was not set.
2022-12-15T09:31:05.351068Z 0 [Warning] Insecure configuration for --secure-file-priv: Current value does not restrict location of generated files. Consider setting it to a valid, non-empty path.
2022-12-15T09:31:05.351068Z 0 [ERROR] Cannot open Windows EventLog; check privileges, or start server with --log_syslog=0
2022-12-15T09:31:05.351068Z 0 [Note] Z:\SAE_S3_WEB\bin\database\mysql-5.7.11\bin\mysqld.exe (mysqld 5.7.11) starting as process 6880 ...
2022-12-15T09:31:05.405922Z 0 [ERROR] Can't open shared library 'Z:\SAE_S3_WEB\bin\database\mysql-5.7.11\lib\plugin\keyring_file.dll' (errno: 126 Le module spécifié est introuvable.)
2022-12-15T09:31:05.405922Z 0 [ERROR] Couldn't load plugin named 'keyring_file' with soname 'keyring_file.dll'.
2022-12-15T09:31:05.418888Z 0 [Note] InnoDB: Mutexes and rw_locks use Windows interlocked functions
2022-12-15T09:31:05.419884Z 0 [Note] InnoDB: Uses event mutexes
2022-12-15T09:31:05.419884Z 0 [Note] InnoDB: Memory barrier is not used
2022-12-15T09:31:05.419884Z 0 [Note] InnoDB: Compressed tables use zlib 1.2.3
2022-12-15T09:31:05.427864Z 0 [Note] InnoDB: Number of pools: 1
2022-12-15T09:31:05.431853Z 0 [Note] InnoDB: Not using CPU crc32 instructions
2022-12-15T09:31:05.461774Z 0 [Note] InnoDB: Initializing buffer pool, total size = 128M, instances = 1, chunk size = 128M
2022-12-15T09:31:05.467758Z 0 [Note] InnoDB: Completed initialization of buffer pool
2022-12-15T09:31:05.670699Z 0 [Note] InnoDB: Highest supported file format is Barracuda.
2022-12-15T09:31:05.693696Z 0 [Note] InnoDB: Log scan progressed past the checkpoint lsn 3217028
2022-12-15T09:31:05.693696Z 0 [Note] InnoDB: Doing recovery: scanned up to log sequence number 3217037
2022-12-15T09:31:05.696100Z 0 [Note] InnoDB: Doing recovery: scanned up to log sequence number 3217037
2022-12-15T09:31:05.696100Z 0 [Note] InnoDB: Database was not shutdown normally!
2022-12-15T09:31:05.696100Z 0 [Note] InnoDB: Starting crash recovery.
2022-12-15T09:31:07.257315Z 0 [Note] InnoDB: Removed temporary tablespace data file: "ibtmp1"
2022-12-15T09:31:07.257315Z 0 [Note] InnoDB: Creating shared tablespace for temporary tables
2022-12-15T09:31:07.260999Z 0 [Note] InnoDB: Setting file '.\ibtmp1' size to 12 MB. Physically writing the file full; Please wait ...
2022-12-15T09:31:07.396638Z 0 [Note] InnoDB: File '.\ibtmp1' size is now 12 MB.
2022-12-15T09:31:07.418523Z 0 [Note] InnoDB: 96 redo rollback segment(s) found. 96 redo rollback segment(s) are active.
2022-12-15T09:31:07.419519Z 0 [Note] InnoDB: 32 non-redo rollback segment(s) are active.
2022-12-15T09:31:07.419519Z 0 [Note] InnoDB: Waiting for purge to start
2022-12-15T09:31:07.481400Z 0 [Note] InnoDB: 5.7.11 started; log sequence number 3217037
2022-12-15T09:31:07.487747Z 0 [Note] Plugin 'FEDERATED' is disabled.
2022-12-15T09:31:07.487747Z 0 [Note] InnoDB: Loading buffer pool(s) from Z:\SAE_S3_WEB\bin\database\mysql-5.7.11\data\ib_buffer_pool
2022-12-15T09:31:07.575868Z 0 [Warning] Failed to set up SSL because of the following SSL library error: SSL context is not usable without certificate and private key
2022-12-15T09:31:07.577794Z 0 [Note] Server hostname (bind-address): '*'; port: 3306
2022-12-15T09:31:07.577794Z 0 [Note] IPv6 is available.
2022-12-15T09:31:07.578792Z 0 [Note]   - '::' resolves to '::';
2022-12-15T09:31:07.578792Z 0 [Note] Server socket created on IP: '::'.
2022-12-15T09:31:07.904070Z 0 [Note] InnoDB: Buffer pool(s) load completed at 221215 10:31:07
2022-12-15T09:31:07.974878Z 0 [Note] Event Scheduler: Loaded 0 events
2022-12-15T09:31:07.974878Z 0 [Note] Z:\SAE_S3_WEB\bin\database\mysql-5.7.11\bin\mysqld.exe: ready for connections.
Version: '5.7.11'  socket: ''  port: 3306  MySQL Community Server (GPL)
