2022-12-08T08:45:18.855430Z 0 [Warning] TIMESTAMP with implicit DEFAULT value is deprecated. Please use --explicit_defaults_for_timestamp server option (see documentation for more details).
2022-12-08T08:45:18.856424Z 0 [Warning] 'NO_ZERO_DATE', 'NO_ZERO_IN_DATE' and 'ERROR_FOR_DIVISION_BY_ZERO' sql modes should be used with strict mode. They will be merged with strict mode in a future release.
2022-12-08T08:45:18.856424Z 0 [Warning] 'NO_AUTO_CREATE_USER' sql mode was not set.
2022-12-08T08:45:18.856424Z 0 [Warning] Insecure configuration for --secure-file-priv: Current value does not restrict location of generated files. Consider setting it to a valid, non-empty path.
2022-12-08T08:45:18.856424Z 0 [ERROR] Cannot open Windows EventLog; check privileges, or start server with --log_syslog=0
2022-12-08T08:45:18.856424Z 0 [Note] Z:\SAE_S3_WEB\bin\database\mysql-5.7.11\bin\mysqld.exe (mysqld 5.7.11) starting as process 2160 ...
2022-12-08T08:45:18.900306Z 0 [ERROR] Can't open shared library 'Z:\SAE_S3_WEB\bin\database\mysql-5.7.11\lib\plugin\keyring_file.dll' (errno: 126 Le module spécifié est introuvable.)
2022-12-08T08:45:18.900306Z 0 [ERROR] Couldn't load plugin named 'keyring_file' with soname 'keyring_file.dll'.
2022-12-08T08:45:18.913273Z 0 [Note] InnoDB: Mutexes and rw_locks use Windows interlocked functions
2022-12-08T08:45:18.913273Z 0 [Note] InnoDB: Uses event mutexes
2022-12-08T08:45:18.913273Z 0 [Note] InnoDB: Memory barrier is not used
2022-12-08T08:45:18.914269Z 0 [Note] InnoDB: Compressed tables use zlib 1.2.3
2022-12-08T08:45:18.921252Z 0 [Note] InnoDB: Number of pools: 1
2022-12-08T08:45:18.924242Z 0 [Note] InnoDB: Not using CPU crc32 instructions
2022-12-08T08:45:18.960147Z 0 [Note] InnoDB: Initializing buffer pool, total size = 128M, instances = 1, chunk size = 128M
2022-12-08T08:45:18.966131Z 0 [Note] InnoDB: Completed initialization of buffer pool
2022-12-08T08:45:19.146649Z 0 [Note] InnoDB: Highest supported file format is Barracuda.
2022-12-08T08:45:19.165597Z 0 [Note] InnoDB: Log scan progressed past the checkpoint lsn 3208899
2022-12-08T08:45:19.165597Z 0 [Note] InnoDB: Doing recovery: scanned up to log sequence number 3208908
2022-12-08T08:45:19.167592Z 0 [Note] InnoDB: Doing recovery: scanned up to log sequence number 3208908
2022-12-08T08:45:19.167592Z 0 [Note] InnoDB: Database was not shutdown normally!
2022-12-08T08:45:19.168589Z 0 [Note] InnoDB: Starting crash recovery.
