2023-01-04T07:52:09.796254Z 0 [Warning] TIMESTAMP with implicit DEFAULT value is deprecated. Please use --explicit_defaults_for_timestamp server option (see documentation for more details).
2023-01-04T07:52:09.797252Z 0 [Warning] 'NO_ZERO_DATE', 'NO_ZERO_IN_DATE' and 'ERROR_FOR_DIVISION_BY_ZERO' sql modes should be used with strict mode. They will be merged with strict mode in a future release.
2023-01-04T07:52:09.797252Z 0 [Warning] 'NO_AUTO_CREATE_USER' sql mode was not set.
2023-01-04T07:52:09.797252Z 0 [Warning] Insecure configuration for --secure-file-priv: Current value does not restrict location of generated files. Consider setting it to a valid, non-empty path.
2023-01-04T07:52:09.797252Z 0 [ERROR] Cannot open Windows EventLog; check privileges, or start server with --log_syslog=0
2023-01-04T07:52:09.797252Z 0 [Note] Z:\SAE_S3_WEB\bin\database\mysql-5.7.11\bin\mysqld.exe (mysqld 5.7.11) starting as process 2140 ...
2023-01-04T07:52:09.850110Z 0 [ERROR] Can't open shared library 'Z:\SAE_S3_WEB\bin\database\mysql-5.7.11\lib\plugin\keyring_file.dll' (errno: 126 Le module spécifié est introuvable.)
2023-01-04T07:52:09.851107Z 0 [ERROR] Couldn't load plugin named 'keyring_file' with soname 'keyring_file.dll'.
2023-01-04T07:52:09.864072Z 0 [Note] InnoDB: Mutexes and rw_locks use Windows interlocked functions
2023-01-04T07:52:09.864072Z 0 [Note] InnoDB: Uses event mutexes
2023-01-04T07:52:09.865070Z 0 [Note] InnoDB: Memory barrier is not used
2023-01-04T07:52:09.865070Z 0 [Note] InnoDB: Compressed tables use zlib 1.2.3
2023-01-04T07:52:09.872051Z 0 [Note] InnoDB: Number of pools: 1
2023-01-04T07:52:09.876040Z 0 [Note] InnoDB: Not using CPU crc32 instructions
2023-01-04T07:52:09.908953Z 0 [Note] InnoDB: Initializing buffer pool, total size = 128M, instances = 1, chunk size = 128M
2023-01-04T07:52:09.915934Z 0 [Note] InnoDB: Completed initialization of buffer pool
2023-01-04T07:52:10.102611Z 0 [Note] InnoDB: Highest supported file format is Barracuda.
2023-01-04T07:52:10.107079Z 0 [Note] InnoDB: Log scan progressed past the checkpoint lsn 3651750
2023-01-04T07:52:10.107079Z 0 [Note] InnoDB: Doing recovery: scanned up to log sequence number 3651759
2023-01-04T07:52:10.109075Z 0 [Note] InnoDB: Doing recovery: scanned up to log sequence number 3651759
2023-01-04T07:52:10.109075Z 0 [Note] InnoDB: Database was not shutdown normally!
2023-01-04T07:52:10.109075Z 0 [Note] InnoDB: Starting crash recovery.
2023-01-04T07:52:10.522462Z 0 [ERROR] InnoDB: Operating system error number 3 in a file operation.
2023-01-04T07:52:10.523460Z 0 [ERROR] InnoDB: The error means the system cannot find the path specified.
2023-01-04T07:52:10.523460Z 0 [ERROR] InnoDB: If you are installing InnoDB, remember that you must create directories yourself, InnoDB does not create them.
2023-01-04T07:52:10.524457Z 0 [ERROR] InnoDB: Cannot open datafile for read-only: '.\medsoft2\cabinet.ibd' OS error: 103
2023-01-04T07:52:10.533433Z 0 [Note] InnoDB: The InnoDB data dictionary table SYS_DATAFILES for tablespace ID 108 was updated to use file .\medsoft\cabinet.ibd.
2023-01-04T07:52:10.551385Z 0 [ERROR] InnoDB: Operating system error number 3 in a file operation.
2023-01-04T07:52:10.551385Z 0 [ERROR] InnoDB: The error means the system cannot find the path specified.
2023-01-04T07:52:10.552382Z 0 [ERROR] InnoDB: If you are installing InnoDB, remember that you must create directories yourself, InnoDB does not create them.
2023-01-04T07:52:10.552382Z 0 [ERROR] InnoDB: Cannot open datafile for read-only: '.\medsoft2\genres.ibd' OS error: 103
2023-01-04T07:52:10.555374Z 0 [Note] InnoDB: The InnoDB data dictionary table SYS_DATAFILES for tablespace ID 106 was updated to use file .\medsoft\genres.ibd.
2023-01-04T07:52:10.574217Z 0 [ERROR] InnoDB: Operating system error number 3 in a file operation.
2023-01-04T07:52:10.574217Z 0 [ERROR] InnoDB: The error means the system cannot find the path specified.
2023-01-04T07:52:10.574217Z 0 [ERROR] InnoDB: If you are installing InnoDB, remember that you must create directories yourself, InnoDB does not create them.
2023-01-04T07:52:10.575836Z 0 [ERROR] InnoDB: Cannot open datafile for read-only: '.\medsoft2\medecins.ibd' OS error: 103
2023-01-04T07:52:10.579289Z 0 [Note] InnoDB: The InnoDB data dictionary table SYS_DATAFILES for tablespace ID 110 was updated to use file .\medsoft\medecins.ibd.
2023-01-04T07:52:10.602468Z 0 [ERROR] InnoDB: Operating system error number 3 in a file operation.
2023-01-04T07:52:10.602468Z 0 [ERROR] InnoDB: The error means the system cannot find the path specified.
2023-01-04T07:52:10.602468Z 0 [ERROR] InnoDB: If you are installing InnoDB, remember that you must create directories yourself, InnoDB does not create them.
2023-01-04T07:52:10.603465Z 0 [ERROR] InnoDB: Cannot open datafile for read-only: '.\medsoft2\ordonnances.ibd' OS error: 103
2023-01-04T07:52:10.606956Z 0 [Note] InnoDB: The InnoDB data dictionary table SYS_DATAFILES for tablespace ID 115 was updated to use file .\medsoft\ordonnances.ibd.
2023-01-04T07:52:10.625235Z 0 [ERROR] InnoDB: Operating system error number 3 in a file operation.
2023-01-04T07:52:10.625235Z 0 [ERROR] InnoDB: The error means the system cannot find the path specified.
2023-01-04T07:52:10.626232Z 0 [ERROR] InnoDB: If you are installing InnoDB, remember that you must create directories yourself, InnoDB does not create them.
2023-01-04T07:52:10.627230Z 0 [ERROR] InnoDB: Cannot open datafile for read-only: '.\medsoft2\patients.ibd' OS error: 103
2023-01-04T07:52:10.630515Z 0 [Note] InnoDB: The InnoDB data dictionary table SYS_DATAFILES for tablespace ID 113 was updated to use file .\medsoft\patients.ibd.
2023-01-04T07:52:10.649755Z 0 [ERROR] InnoDB: Operating system error number 3 in a file operation.
2023-01-04T07:52:10.649755Z 0 [ERROR] InnoDB: The error means the system cannot find the path specified.
2023-01-04T07:52:10.649755Z 0 [ERROR] InnoDB: If you are installing InnoDB, remember that you must create directories yourself, InnoDB does not create them.
2023-01-04T07:52:10.650754Z 0 [ERROR] InnoDB: Cannot open datafile for read-only: '.\medsoft2\prescriptions.ibd' OS error: 103
2023-01-04T07:52:10.654253Z 0 [Note] InnoDB: The InnoDB data dictionary table SYS_DATAFILES for tablespace ID 116 was updated to use file .\medsoft\prescriptions.ibd.
2023-01-04T07:52:10.677987Z 0 [ERROR] InnoDB: Operating system error number 3 in a file operation.
2023-01-04T07:52:10.677987Z 0 [ERROR] InnoDB: The error means the system cannot find the path specified.
2023-01-04T07:52:10.678990Z 0 [ERROR] InnoDB: If you are installing InnoDB, remember that you must create directories yourself, InnoDB does not create them.
2023-01-04T07:52:10.678990Z 0 [ERROR] InnoDB: Cannot open datafile for read-only: '.\medsoft2\roles.ibd' OS error: 103
2023-01-04T07:52:10.683335Z 0 [Note] InnoDB: The InnoDB data dictionary table SYS_DATAFILES for tablespace ID 107 was updated to use file .\medsoft\roles.ibd.
2023-01-04T07:52:10.708341Z 0 [ERROR] InnoDB: Operating system error number 3 in a file operation.
2023-01-04T07:52:10.708341Z 0 [ERROR] InnoDB: The error means the system cannot find the path specified.
2023-01-04T07:52:10.708341Z 0 [ERROR] InnoDB: If you are installing InnoDB, remember that you must create directories yourself, InnoDB does not create them.
2023-01-04T07:52:10.709340Z 0 [ERROR] InnoDB: Cannot open datafile for read-only: '.\medsoft2\utilisateurs.ibd' OS error: 103
2023-01-04T07:52:10.713148Z 0 [Note] InnoDB: The InnoDB data dictionary table SYS_DATAFILES for tablespace ID 109 was updated to use file .\medsoft\utilisateurs.ibd.
2023-01-04T07:52:10.731915Z 0 [ERROR] InnoDB: Operating system error number 3 in a file operation.
2023-01-04T07:52:10.731915Z 0 [ERROR] InnoDB: The error means the system cannot find the path specified.
2023-01-04T07:52:10.732913Z 0 [ERROR] InnoDB: If you are installing InnoDB, remember that you must create directories yourself, InnoDB does not create them.
2023-01-04T07:52:10.732913Z 0 [ERROR] InnoDB: Cannot open datafile for read-only: '.\medsoft2\visites.ibd' OS error: 103
2023-01-04T07:52:10.736925Z 0 [Note] InnoDB: The InnoDB data dictionary table SYS_DATAFILES for tablespace ID 114 was updated to use file .\medsoft\visites.ibd.
2023-01-04T07:52:11.466292Z 0 [Note] InnoDB: Removed temporary tablespace data file: "ibtmp1"
2023-01-04T07:52:11.466292Z 0 [Note] InnoDB: Creating shared tablespace for temporary tables
2023-01-04T07:52:11.468673Z 0 [Note] InnoDB: Setting file '.\ibtmp1' size to 12 MB. Physically writing the file full; Please wait ...
2023-01-04T07:52:11.604471Z 0 [Note] InnoDB: File '.\ibtmp1' size is now 12 MB.
2023-01-04T07:52:11.625969Z 0 [Note] InnoDB: 96 redo rollback segment(s) found. 96 redo rollback segment(s) are active.
2023-01-04T07:52:11.625969Z 0 [Note] InnoDB: 32 non-redo rollback segment(s) are active.
2023-01-04T07:52:11.626967Z 0 [Note] InnoDB: Waiting for purge to start
2023-01-04T07:52:11.691545Z 0 [Note] InnoDB: 5.7.11 started; log sequence number 3651759
2023-01-04T07:52:11.692546Z 0 [Note] Plugin 'FEDERATED' is disabled.
2023-01-04T07:52:11.693542Z 0 [Note] InnoDB: Loading buffer pool(s) from Z:\SAE_S3_WEB\bin\database\mysql-5.7.11\data\ib_buffer_pool
2023-01-04T07:52:11.765279Z 0 [Warning] Failed to set up SSL because of the following SSL library error: SSL context is not usable without certificate and private key
2023-01-04T07:52:11.766278Z 0 [Note] Server hostname (bind-address): '*'; port: 3306
2023-01-04T07:52:11.766278Z 0 [Note] IPv6 is available.
2023-01-04T07:52:11.767275Z 0 [Note]   - '::' resolves to '::';
2023-01-04T07:52:11.767275Z 0 [Note] Server socket created on IP: '::'.
2023-01-04T07:52:11.802299Z 0 [Note] InnoDB: Buffer pool(s) load completed at 230104  8:52:11
2023-01-04T07:52:12.127143Z 0 [Note] Event Scheduler: Loaded 0 events
2023-01-04T07:52:12.127143Z 0 [Note] Z:\SAE_S3_WEB\bin\database\mysql-5.7.11\bin\mysqld.exe: ready for connections.
Version: '5.7.11'  socket: ''  port: 3306  MySQL Community Server (GPL)
2023-01-04T08:05:55.507386Z 0 [Note] Z:\SAE_S3_WEB\bin\database\mysql-5.7.11\bin\mysqld.exe: Normal shutdown

2023-01-04T08:05:55.507386Z 0 [Note] Giving 0 client threads a chance to die gracefully
2023-01-04T08:05:55.507386Z 0 [Note] Shutting down slave threads
2023-01-04T08:05:55.508385Z 0 [Note] Forcefully disconnecting 0 remaining clients
2023-01-04T08:05:55.508385Z 0 [Note] Event Scheduler: Purging the queue. 0 events
2023-01-04T08:05:55.509382Z 0 [Note] Binlog end
2023-01-04T08:05:55.510380Z 0 [Note] Shutting down plugin 'ngram'
2023-01-04T08:05:55.510380Z 0 [Note] Shutting down plugin 'partition'
2023-01-04T08:05:55.511377Z 0 [Note] Shutting down plugin 'BLACKHOLE'
2023-01-04T08:05:55.511377Z 0 [Note] Shutting down plugin 'ARCHIVE'
2023-01-04T08:05:55.511377Z 0 [Note] Shutting down plugin 'PERFORMANCE_SCHEMA'
2023-01-04T08:05:55.511377Z 0 [Note] Shutting down plugin 'MRG_MYISAM'
2023-01-04T08:05:55.512375Z 0 [Note] Shutting down plugin 'MyISAM'
2023-01-04T08:05:55.512375Z 0 [Note] Shutting down plugin 'INNODB_SYS_VIRTUAL'
2023-01-04T08:05:55.512375Z 0 [Note] Shutting down plugin 'INNODB_SYS_DATAFILES'
2023-01-04T08:05:55.513372Z 0 [Note] Shutting down plugin 'INNODB_SYS_TABLESPACES'
2023-01-04T08:05:55.513372Z 0 [Note] Shutting down plugin 'INNODB_SYS_FOREIGN_COLS'
2023-01-04T08:05:55.513372Z 0 [Note] Shutting down plugin 'INNODB_SYS_FOREIGN'
2023-01-04T08:05:55.514369Z 0 [Note] Shutting down plugin 'INNODB_SYS_FIELDS'
2023-01-04T08:05:55.514369Z 0 [Note] Shutting down plugin 'INNODB_SYS_COLUMNS'
2023-01-04T08:05:55.514369Z 0 [Note] Shutting down plugin 'INNODB_SYS_INDEXES'
2023-01-04T08:05:55.514369Z 0 [Note] Shutting down plugin 'INNODB_SYS_TABLESTATS'
2023-01-04T08:05:55.515366Z 0 [Note] Shutting down plugin 'INNODB_SYS_TABLES'
2023-01-04T08:05:55.515366Z 0 [Note] Shutting down plugin 'INNODB_FT_INDEX_TABLE'
2023-01-04T08:05:55.515366Z 0 [Note] Shutting down plugin 'INNODB_FT_INDEX_CACHE'
2023-01-04T08:05:55.516364Z 0 [Note] Shutting down plugin 'INNODB_FT_CONFIG'
2023-01-04T08:05:55.516364Z 0 [Note] Shutting down plugin 'INNODB_FT_BEING_DELETED'
2023-01-04T08:05:55.516364Z 0 [Note] Shutting down plugin 2023-01-04T08:05:56.981079Z 0 [Note] InnoDB: Removed temporary tablespace data file: "ibtmp1"
2023-01-04T08:05:56.981575Z 0 [Note] Shutting down plugin 'MEMORY'
2023-01-04T08:05:56.981575Z 0 [Note] Shutting down plugin 'CSV'
2023-01-04T08:05:56.981575Z 0 [Note] Shutting down plugin 'sha256_password'
2023-01-04T08:05:56.982603Z 0 [Note] Shutting down plugin 'mysql_native_password'
2023-01-04T08:05:56.982603Z 0 [Note] Shutting down plugin 'binlog'
2023-01-04T08:05:56.985775Z 0 [Note] Z:\SAE_S3_WEB\bin\database\mysql-5.7.11\bin\mysqld.exe: Shutdown complete

