2022-12-12T07:05:21.884474Z 0 [Warning] TIMESTAMP with implicit DEFAULT value is deprecated. Please use --explicit_defaults_for_timestamp server option (see documentation for more details).
2022-12-12T07:05:21.885473Z 0 [Warning] 'NO_ZERO_DATE', 'NO_ZERO_IN_DATE' and 'ERROR_FOR_DIVISION_BY_ZERO' sql modes should be used with strict mode. They will be merged with strict mode in a future release.
2022-12-12T07:05:21.885473Z 0 [Warning] 'NO_AUTO_CREATE_USER' sql mode was not set.
2022-12-12T07:05:21.885473Z 0 [Warning] Insecure configuration for --secure-file-priv: Current value does not restrict location of generated files. Consider setting it to a valid, non-empty path.
2022-12-12T07:05:21.886468Z 0 [ERROR] Cannot open Windows EventLog; check privileges, or start server with --log_syslog=0
2022-12-12T07:05:21.886468Z 0 [Note] Z:\SAE_S3_WEB\bin\database\mysql-5.7.11\bin\mysqld.exe (mysqld 5.7.11) starting as process 5964 ...
2022-12-12T07:05:22.093996Z 0 [ERROR] Can't open shared library 'Z:\SAE_S3_WEB\bin\database\mysql-5.7.11\lib\plugin\keyring_file.dll' (errno: 126 Le module spécifié est introuvable.)
2022-12-12T07:05:22.094995Z 0 [ERROR] Couldn't load plugin named 'keyring_file' with soname 'keyring_file.dll'.
2022-12-12T07:05:22.117536Z 0 [Note] InnoDB: Mutexes and rw_locks use Windows interlocked functions
2022-12-12T07:05:22.117536Z 0 [Note] InnoDB: Uses event mutexes
2022-12-12T07:05:22.118522Z 0 [Note] InnoDB: Memory barrier is not used
2022-12-12T07:05:22.118522Z 0 [Note] InnoDB: Compressed tables use zlib 1.2.3
2022-12-12T07:05:22.130316Z 0 [Note] InnoDB: Number of pools: 1
2022-12-12T07:05:22.143068Z 0 [Note] InnoDB: Not using CPU crc32 instructions
2022-12-12T07:05:22.198865Z 0 [Note] InnoDB: Initializing buffer pool, total size = 128M, instances = 1, chunk size = 128M
2022-12-12T07:05:22.206618Z 0 [Note] InnoDB: Completed initialization of buffer pool
2022-12-12T07:05:22.433013Z 0 [Note] InnoDB: Highest supported file format is Barracuda.
2022-12-12T07:05:25.248921Z 0 [Note] InnoDB: Creating shared tablespace for temporary tables
2022-12-12T07:05:25.251914Z 0 [Note] InnoDB: Setting file '.\ibtmp1' size to 12 MB. Physically writing the file full; Please wait ...
2022-12-12T07:05:25.383481Z 0 [Note] InnoDB: File '.\ibtmp1' size is now 12 MB.
2022-12-12T07:05:25.408410Z 0 [Note] InnoDB: 96 redo rollback segment(s) found. 96 redo rollback segment(s) are active.
2022-12-12T07:05:25.409408Z 0 [Note] InnoDB: 32 non-redo rollback segment(s) are active.
2022-12-12T07:05:25.410405Z 0 [Note] InnoDB: Waiting for purge to start
2022-12-12T07:05:25.471970Z 0 [Note] InnoDB: 5.7.11 started; log sequence number 3212433
2022-12-12T07:05:25.474938Z 0 [Note] Plugin 'FEDERATED' is disabled.
2022-12-12T07:05:25.474938Z 0 [Note] InnoDB: Loading buffer pool(s) from Z:\SAE_S3_WEB\bin\database\mysql-5.7.11\data\ib_buffer_pool
2022-12-12T07:05:25.693209Z 0 [Warning] Failed to set up SSL because of the following SSL library error: SSL context is not usable without certificate and private key
2022-12-12T07:05:25.695204Z 0 [Note] Server hostname (bind-address): '*'; port: 3306
2022-12-12T07:05:25.696201Z 0 [Note] IPv6 is available.
2022-12-12T07:05:25.696201Z 0 [Note]   - '::' resolves to '::';
2022-12-12T07:05:25.697199Z 0 [Note] Server socket created on IP: '::'.
2022-12-12T07:05:26.015703Z 0 [Note] InnoDB: Buffer pool(s) load completed at 221212  8:05:26
2022-12-12T07:05:27.835536Z 0 [Note] Event Scheduler: Loaded 0 events
2022-12-12T07:05:27.837516Z 0 [Note] Z:\SAE_S3_WEB\bin\database\mysql-5.7.11\bin\mysqld.exe: ready for connections.
Version: '5.7.11'  socket: ''  port: 3306  MySQL Community Server (GPL)
2022-12-12T08:15:41.365739Z 0 [Note] Z:\SAE_S3_WEB\bin\database\mysql-5.7.11\bin\mysqld.exe: Normal shutdown

2022-12-12T08:15:41.365739Z 0 [Note] Giving 0 client threads a chance to die gracefully
2022-12-12T08:15:41.366739Z 0 [Note] Shutting down slave threads
2022-12-12T08:15:41.367737Z 0 [Note] Forcefully disconnecting 0 remaining clients
2022-12-12T08:15:41.367737Z 0 [Note] Event Scheduler: Purging the queue. 0 events
2022-12-12T08:15:41.369731Z 0 [Note] Binlog end
2022-12-12T08:15:41.377302Z 0 [Note] Shutting down plugin 'ngram'
2022-12-12T08:15:41.378303Z 0 [Note] Shutting down plugin 'partition'
2022-12-12T08:15:41.378303Z 0 [Note] Shutting down plugin 'BLACKHOLE'
2022-12-12T08:15:41.379298Z 0 [Note] Shutting down plugin 'ARCHIVE'
2022-12-12T08:15:41.379298Z 0 [Note] Shutting down plugin 'PERFORMANCE_SCHEMA'
2022-12-12T08:15:41.380296Z 0 [Note] Shutting down plugin 'MRG_MYISAM'
2022-12-12T08:15:41.380296Z 0 [Note] Shutting down plugin 'MyISAM'
2022-12-12T08:15:41.381293Z 0 [Note] Shutting down plugin 'INNODB_SYS_VIRTUAL'
2022-12-12T08:15:41.381293Z 0 [Note] Shutting down plugin 'INNODB_SYS_DATAFILES'
2022-12-12T08:15:41.382291Z 0 [Note] Shutting down plugin 'INNODB_SYS_TABLESPACES'
2022-12-12T08:15:41.382291Z 0 [Note] Shutting down plugin 'INNODB_SYS_FOREIGN_COLS'
2022-12-12T08:15:41.383288Z 0 [Note] Shutting down plugin 'INNODB_SYS_FOREIGN'
2022-12-12T08:15:41.383288Z 0 [Note] Shutting down plugin 'INNODB_SYS_FIELDS'
2022-12-12T08:15:41.384285Z 0 [Note] Shutting down plugin 'INNODB_SYS_COLUMNS'
2022-12-12T08:15:41.384285Z 0 [Note] Shutting down plugin 'INNODB_SYS_INDEXES'
2022-12-12T08:15:41.385283Z 0 [Note] Shutting down plugin 'INNODB_SYS_TABLESTATS'
2022-12-12T08:15:41.385283Z 0 [Note] Shutting down plugin 'INNODB_SYS_TABLES'
2022-12-12T08:15:41.386280Z 0 [Note] Shutting down plugin 'INNODB_FT_INDEX_TABLE'
2022-12-12T08:15:41.386280Z 0 [Note] Shutting down plugin 'INNODB_FT_INDEX_CACHE'
2022-12-12T08:15:41.387277Z 0 [Note] Shutting down plugin 'INNODB_FT_CONFIG'
2022-12-12T08:15:41.387277Z 0 [Note] Shutting down plugin 'INNODB_FT_BEING_DELETED'
2022-12-12T08:15:41.388274Z 0 [Note] Shutting down plugin 'INNODB_FT_DELETED'
2022-12-12T08:15:41.388274Z 0 [Note] Shutting down plugin 'INNODB_FT_DEFAULT_STOPWORD'
2022-12-12T08:15:41.389272Z 0 [Note] Shutting down plugin 'INNODB_METRICS'
2022-12-12T08:15:41.389272Z 0 [Note] Shutting down plugin 'INNODB_TEMP_TABLE_INFO'
2022-12-12T08:15:41.390269Z 0 [Note] Shutting down plugin 'INNODB_BUFFER_POOL_STATS'
2022-12-12T08:15:41.391266Z 0 [Note] Shutting down plugin 'INNODB_BUFFER_PAGE_LRU'
2022-12-12T08:15:41.391266Z 0 [Note] Shutting down plugin 'INNODB_BUFFER_PAGE'
2022-12-12T08:15:41.392264Z 0 [Note] Shutting down plugin 'INNODB_CMP_PER_INDEX_RESET'
2022-12-12T08:15:41.392264Z 0 [Note] Shutting down plugin 'INNODB_CMP_PER_INDEX'
2022-12-12T08:15:41.393262Z 0 [Note] Shutting down plugin 'INNODB_CMPMEM_RESET'
2022-12-12T08:15:41.394259Z 0 [Note] Shutting down plugin 'INNODB_CMPMEM'
2022-12-12T08:15:41.394259Z 0 [Note] Shutting down plugin 'INNODB_CMP_RESET'
2022-12-12T08:15:41.395256Z 0 [Note] Shutting down plugin 'INNODB_CMP'
2022-12-12T08:15:41.395256Z 0 [Note] Shutting down plugin 'INNODB_LOCK_WAITS'
2022-12-12T08:15:41.395256Z 0 [Note] Shutting down plugin 'INNODB_LOCKS'
2022-12-12T08:15:41.396253Z 0 [Note] Shutting down plugin 'INNODB_TRX'
2022-12-12T08:15:41.396253Z 0 [Note] Shutting down plugin 'InnoDB'
2022-12-12T08:15:41.397251Z 0 [Note] InnoDB: FTS optimize thread exiting.
2022-12-12T08:15:41.398248Z 0 [Note] InnoDB: Starting shutdown...
2022-12-12T08:15:41.508931Z 0 [Note] InnoDB: Dumping buffer pool(s) to Z:\SAE_S3_WEB\bin\database\mysql-5.7.11\data\ib_buffer_pool
2022-12-12T08:15:41.522945Z 0 [Note] InnoDB: Buffer pool(s) dump completed at 221212  9:15:41
2022-12-12T08:15:42.662544Z 0 [Note] InnoDB: Shutdown completed; log sequence number 3212461
2022-12-12T08:15:42.665540Z 0 [Note] InnoDB: Removed temporary tablespace data file: "ibtmp1"
2022-12-12T08:15:42.666533Z 0 [Note] Shutting down plugin 'MEMORY'
2022-12-12T08:15:42.666533Z 0 [Note] Shutting down plugin 'CSV'
2022-12-12T08:15:42.667516Z 0 [Note] Shutting down plugin 'sha256_password'
2022-12-12T08:15:42.667516Z 0 [Note] Shutting down plugin 'mysql_native_password'
2022-12-12T08:15:42.668528Z 0 [Note] Shutting down plugin 'binlog'
2022-12-12T08:15:42.672517Z 0 [Note] Z:\SAE_S3_WEB\bin\database\mysql-5.7.11\bin\mysqld.exe: Shutdown complete

2022-12-13T10:01:49.538885Z 0 [Warning] TIMESTAMP with implicit DEFAULT value is deprecated. Please use --explicit_defaults_for_timestamp server option (see documentation for more details).
2022-12-13T10:01:49.541877Z 0 [Warning] 'NO_ZERO_DATE', 'NO_ZERO_IN_DATE' and 'ERROR_FOR_DIVISION_BY_ZERO' sql modes should be used with strict mode. They will be merged with strict mode in a future release.
2022-12-13T10:01:49.541877Z 0 [Warning] 'NO_AUTO_CREATE_USER' sql mode was not set.
2022-12-13T10:01:49.541877Z 0 [Warning] Insecure configuration for --secure-file-priv: Current value does not restrict location of generated files. Consider setting it to a valid, non-empty path.
2022-12-13T10:01:49.542874Z 0 [ERROR] Cannot open Windows EventLog; check privileges, or start server with --log_syslog=0
2022-12-13T10:01:49.542874Z 0 [Note] Z:\SAE_S3_WEB\bin\database\mysql-5.7.11\bin\mysqld.exe (mysqld 5.7.11) starting as process 11132 ...
2022-12-13T10:01:49.835690Z 0 [ERROR] Can't open shared library 'Z:\SAE_S3_WEB\bin\database\mysql-5.7.11\lib\plugin\keyring_file.dll' (errno: 126 Le module spécifié est introuvable.)
2022-12-13T10:01:49.836688Z 0 [ERROR] Couldn't load plugin named 'keyring_file' with soname 'keyring_file.dll'.
2022-12-13T10:01:49.957443Z 0 [Note] InnoDB: Mutexes and rw_locks use Windows interlocked functions
2022-12-13T10:01:49.959433Z 0 [Note] InnoDB: Uses event mutexes
2022-12-13T10:01:49.961433Z 0 [Note] InnoDB: Memory barrier is not used
2022-12-13T10:01:49.962428Z 0 [Note] InnoDB: Compressed tables use zlib 1.2.3
2022-12-13T10:01:50.034028Z 0 [Note] InnoDB: Number of pools: 1
2022-12-13T10:01:50.106675Z 0 [Note] InnoDB: Not using CPU crc32 instructions
2022-12-13T10:01:50.192200Z 0 [Note] InnoDB: Initializing buffer pool, total size = 128M, instances = 1, chunk size = 128M
2022-12-13T10:01:50.209154Z 0 [Note] InnoDB: Completed initialization of buffer pool
2022-12-13T10:01:50.680719Z 0 [Note] InnoDB: Highest supported file format is Barracuda.
2022-12-13T10:01:50.692828Z 0 [Note] InnoDB: Log scan progressed past the checkpoint lsn 3214209
2022-12-13T10:01:50.694845Z 0 [Note] InnoDB: Doing recovery: scanned up to log sequence number 3214218
2022-12-13T10:01:50.698845Z 0 [Note] InnoDB: Doing recovery: scanned up to log sequence number 3214218
2022-12-13T10:01:50.700838Z 0 [Note] InnoDB: Database was not shutdown normally!
2022-12-13T10:01:50.701830Z 0 [Note] InnoDB: Starting crash recovery.
2022-12-13T10:01:54.782034Z 0 [Note] InnoDB: Removed temporary tablespace data file: "ibtmp1"
2022-12-13T10:01:54.783033Z 0 [Note] InnoDB: Creating shared tablespace for temporary tables
2022-12-13T10:01:54.786023Z 0 [Note] InnoDB: Setting file '.\ibtmp1' size to 12 MB. Physically writing the file full; Please wait ...
2022-12-13T10:01:54.985489Z 0 [Note] InnoDB: File '.\ibtmp1' size is now 12 MB.
2022-12-13T10:01:55.016378Z 0 [Note] InnoDB: 96 redo rollback segment(s) found. 96 redo rollback segment(s) are active.
2022-12-13T10:01:55.017375Z 0 [Note] InnoDB: 32 non-redo rollback segment(s) are active.
2022-12-13T10:01:55.017375Z 0 [Note] InnoDB: Waiting for purge to start
2022-12-13T10:01:55.077245Z 0 [Note] InnoDB: page_cleaner: 1000ms intended loop took 4856ms. The settings might not be optimal. (flushed=0 and evicted=0, during the time.)
2022-12-13T10:01:55.077245Z 0 [Note] InnoDB: 5.7.11 started; log sequence number 3214218
2022-12-13T10:01:55.081205Z 0 [Note] InnoDB: Loading buffer pool(s) from Z:\SAE_S3_WEB\bin\database\mysql-5.7.11\data\ib_buffer_pool
2022-12-13T10:01:55.089438Z 0 [Note] Plugin 'FEDERATED' is disabled.
2022-12-13T10:01:55.370305Z 0 [Warning] Failed to set up SSL because of the following SSL library error: SSL context is not usable without certificate and private key
2022-12-13T10:01:55.372298Z 0 [Note] Server hostname (bind-address): '*'; port: 3306
2022-12-13T10:01:55.373296Z 0 [Note] IPv6 is available.
2022-12-13T10:01:55.374293Z 0 [Note]   - '::' resolves to '::';
2022-12-13T10:01:55.374293Z 0 [Note] Server socket created on IP: '::'.
2022-12-13T10:01:55.450214Z 0 [Note] InnoDB: Buffer pool(s) load completed at 221213 11:01:55
2022-12-13T10:01:57.435165Z 0 [Note] Event Scheduler: Loaded 0 events
2022-12-13T10:01:57.435165Z 0 [Note] Z:\SAE_S3_WEB\bin\database\mysql-5.7.11\bin\mysqld.exe: ready for connections.
Version: '5.7.11'  socket: ''  port: 3306  MySQL Community Server (GPL)
