2022-12-02T07:08:12.319712Z 0 [Warning] TIMESTAMP with implicit DEFAULT value is deprecated. Please use --explicit_defaults_for_timestamp server option (see documentation for more details).
2022-12-02T07:08:12.320756Z 0 [Warning] 'NO_ZERO_DATE', 'NO_ZERO_IN_DATE' and 'ERROR_FOR_DIVISION_BY_ZERO' sql modes should be used with strict mode. They will be merged with strict mode in a future release.
2022-12-02T07:08:12.320756Z 0 [Warning] 'NO_AUTO_CREATE_USER' sql mode was not set.
2022-12-02T07:08:12.320756Z 0 [Warning] Insecure configuration for --secure-file-priv: Current value does not restrict location of generated files. Consider setting it to a valid, non-empty path.
2022-12-02T07:08:12.321735Z 0 [ERROR] Cannot open Windows EventLog; check privileges, or start server with --log_syslog=0
2022-12-02T07:08:12.321735Z 0 [Note] Z:\UWamp_SAE_WEB\bin\database\mysql-5.7.11\bin\mysqld.exe (mysqld 5.7.11) starting as process 1524 ...
2022-12-02T07:08:12.566063Z 0 [ERROR] Can't open shared library 'Z:\UWamp_SAE_WEB\bin\database\mysql-5.7.11\lib\plugin\keyring_file.dll' (errno: 126 Le module spécifié est introuvable.)
2022-12-02T07:08:12.567061Z 0 [ERROR] Couldn't load plugin named 'keyring_file' with soname 'keyring_file.dll'.
2022-12-02T07:08:12.626865Z 0 [Note] InnoDB: Mutexes and rw_locks use Windows interlocked functions
2022-12-02T07:08:12.627894Z 0 [Note] InnoDB: Uses event mutexes
2022-12-02T07:08:12.627894Z 0 [Note] InnoDB: Memory barrier is not used
2022-12-02T07:08:12.628888Z 0 [Note] InnoDB: Compressed tables use zlib 1.2.3
2022-12-02T07:08:12.675657Z 0 [Note] InnoDB: Number of pools: 1
2022-12-02T07:08:12.690190Z 0 [Note] InnoDB: Not using CPU crc32 instructions
2022-12-02T07:08:12.750058Z 0 [Note] InnoDB: Initializing buffer pool, total size = 128M, instances = 1, chunk size = 128M
2022-12-02T07:08:12.771060Z 0 [Note] InnoDB: Completed initialization of buffer pool
2022-12-02T07:08:13.104303Z 0 [Note] InnoDB: Highest supported file format is Barracuda.
2022-12-02T07:08:15.801271Z 0 [Note] InnoDB: Creating shared tablespace for temporary tables
2022-12-02T07:08:15.806228Z 0 [Note] InnoDB: Setting file '.\ibtmp1' size to 12 MB. Physically writing the file full; Please wait ...
2022-12-02T07:08:15.975569Z 0 [Note] InnoDB: File '.\ibtmp1' size is now 12 MB.
2022-12-02T07:08:16.019594Z 0 [Note] InnoDB: 96 redo rollback segment(s) found. 96 redo rollback segment(s) are active.
2022-12-02T07:08:16.019594Z 0 [Note] InnoDB: 32 non-redo rollback segment(s) are active.
2022-12-02T07:08:16.020592Z 0 [Note] InnoDB: Waiting for purge to start
2022-12-02T07:08:16.096697Z 0 [Note] InnoDB: 5.7.11 started; log sequence number 3037595
2022-12-02T07:08:16.106350Z 0 [Note] InnoDB: Loading buffer pool(s) from Z:\UWamp_SAE_WEB\bin\database\mysql-5.7.11\data\ib_buffer_pool
2022-12-02T07:08:16.109586Z 0 [Note] Plugin 'FEDERATED' is disabled.
2022-12-02T07:08:16.165296Z 0 [Note] InnoDB: Buffer pool(s) load completed at 221202  8:08:16
2022-12-02T07:08:16.638602Z 0 [Warning] Failed to set up SSL because of the following SSL library error: SSL context is not usable without certificate and private key
2022-12-02T07:08:16.641594Z 0 [Note] Server hostname (bind-address): '*'; port: 3306
2022-12-02T07:08:16.642591Z 0 [Note] IPv6 is available.
2022-12-02T07:08:16.642591Z 0 [Note]   - '::' resolves to '::';
2022-12-02T07:08:16.643589Z 0 [Note] Server socket created on IP: '::'.
2022-12-02T07:08:18.863279Z 0 [Note] Event Scheduler: Loaded 0 events
2022-12-02T07:08:18.864290Z 0 [Note] Z:\UWamp_SAE_WEB\bin\database\mysql-5.7.11\bin\mysqld.exe: ready for connections.
Version: '5.7.11'  socket: ''  port: 3306  MySQL Community Server (GPL)
2022-12-02T07:08:39.028828Z 2 [Warning] InnoDB: Cannot open table medsoft/patients from the internal data dictionary of InnoDB though the .frm file for the table exists. Please refer to http://dev.mysql.com/doc/refman/5.7/en/innodb-troubleshooting.html for how to resolve the issue.
2022-12-02T07:09:18.126523Z 7 [Warning] InnoDB: Cannot open table medsoft/patients from the internal data dictionary of InnoDB though the .frm file for the table exists. Please refer to http://dev.mysql.com/doc/refman/5.7/en/innodb-troubleshooting.html for how to resolve the issue.
2022-12-02T07:09:21.970429Z 8 [Warning] InnoDB: Cannot open table medsoft/cabinet from the internal data dictionary of InnoDB though the .frm file for the table exists. Please refer to http://dev.mysql.com/doc/refman/5.7/en/innodb-troubleshooting.html for how to resolve the issue.
2022-12-02T07:09:25.154035Z 9 [Warning] InnoDB: Cannot open table medsoft/utilisateurs from the internal data dictionary of InnoDB though the .frm file for the table exists. Please refer to http://dev.mysql.com/doc/refman/5.7/en/innodb-troubleshooting.html for how to resolve the issue.
2022-12-02T07:10:06.545848Z 10 [Warning] InnoDB: Cannot open table medsoft/utilisateurs from the internal data dictionary of InnoDB though the .frm file for the table exists. Please refer to http://dev.mysql.com/doc/refman/5.7/en/innodb-troubleshooting.html for how to resolve the issue.
2022-12-02T07:10:07.016583Z 10 [Warning] InnoDB: Cannot open table medsoft/utilisateurs from the internal data dictionary of InnoDB though the .frm file for the table exists. Please refer to http://dev.mysql.com/doc/refman/5.7/en/innodb-troubleshooting.html for how to resolve the issue.
2022-12-02T07:10:07.027553Z 10 [Warning] InnoDB: Cannot open table medsoft/utilisateurs from the internal data dictionary of InnoDB though the .frm file for the table exists. Please refer to http://dev.mysql.com/doc/refman/5.7/en/innodb-troubleshooting.html for how to resolve the issue.
2022-12-02T07:10:07.143790Z 10 [Warning] InnoDB: Cannot open table medsoft/utilisateurs from the internal data dictionary of InnoDB though the .frm file for the table exists. Please refer to http://dev.mysql.com/doc/refman/5.7/en/innodb-troubleshooting.html for how to resolve the issue.
2022-12-02T07:10:07.229103Z 10 [Warning] InnoDB: Cannot open table medsoft/utilisateurs from the internal data dictionary of InnoDB though the .frm file for the table exists. Please refer to http://dev.mysql.com/doc/refman/5.7/en/innodb-troubleshooting.html for how to resolve the issue.
2022-12-02T07:10:07.240103Z 10 [Warning] InnoDB: Cannot open table medsoft/utilisateurs from the internal data dictionary of InnoDB though the .frm file for the table exists. Please refer to http://dev.mysql.com/doc/refman/5.7/en/innodb-troubleshooting.html for how to resolve the issue.
2022-12-02T07:10:14.046445Z 13 [Warning] InnoDB: Cannot open table medsoft/medecins from the internal data dictionary of InnoDB though the .frm file for the table exists. Please refer to http://dev.mysql.com/doc/refman/5.7/en/innodb-troubleshooting.html for how to resolve the issue.
2022-12-02T07:10:21.645612Z 14 [Warning] InnoDB: Cannot open table medsoft/cabinet from the internal data dictionary of InnoDB though the .frm file for the table exists. Please refer to http://dev.mysql.com/doc/refman/5.7/en/innodb-troubleshooting.html for how to resolve the issue.
2022-12-02T07:10:21.647607Z 14 [Warning] InnoDB: Cannot open table medsoft/genres from the internal data dictionary of InnoDB though the .frm file for the table exists. Please refer to http://dev.mysql.com/doc/refman/5.7/en/innodb-troubleshooting.html for how to resolve the issue.
2022-12-02T07:10:21.649602Z 14 [Warning] InnoDB: Cannot open table medsoft/medecins from the internal data dictionary of InnoDB though the .frm file for the table exists. Please refer to http://dev.mysql.com/doc/refman/5.7/en/innodb-troubleshooting.html for how to resolve the issue.
2022-12-02T07:10:21.651597Z 14 [Warning] InnoDB: Cannot open table medsoft/ordonnances from the internal data dictionary of InnoDB though the .frm file for the table exists. Please refer to http://dev.mysql.com/doc/refman/5.7/en/innodb-troubleshooting.html for how to resolve the issue.
2022-12-02T07:10:21.653591Z 14 [Warning] InnoDB: Cannot open table medsoft/patients from the internal data dictionary of InnoDB though the .frm file for the table exists. Please refer to http://dev.mysql.com/doc/refman/5.7/en/innodb-troubleshooting.html for how to resolve the issue.
2022-12-02T07:10:21.654588Z 14 [Warning] InnoDB: Cannot open table medsoft/roles from the internal data dictionary of InnoDB though the .frm file for the table exists. Please refer to http://dev.mysql.com/doc/refman/5.7/en/innodb-troubleshooting.html for how to resolve the issue.
2022-12-02T07:10:21.656583Z 14 [Warning] InnoDB: Cannot open table medsoft/utilisateurs from the internal data dictionary of InnoDB though the .frm file for the table exists. Please refer to http://dev.mysql.com/doc/refman/5.7/en/innodb-troubleshooting.html for how to resolve the issue.
2022-12-02T07:10:21.658578Z 14 [Warning] InnoDB: Cannot open table medsoft/visites from the internal data dictionary of InnoDB though the .frm file for the table exists. Please refer to http://dev.mysql.com/doc/refman/5.7/en/innodb-troubleshooting.html for how to resolve the issue.
2022-12-02T07:10:21.669549Z 14 [Warning] InnoDB: Cannot open table medsoft/cabinet from the internal data dictionary of InnoDB though the .frm file for the table exists. Please refer to http://dev.mysql.com/doc/refman/5.7/en/innodb-troubleshooting.html for how to resolve the issue.
2022-12-02T07:10:21.671543Z 14 [Warning] InnoDB: Cannot open table medsoft/genres from the internal data dictionary of InnoDB though the .frm file for the table exists. Please refer to http://dev.mysql.com/doc/refman/5.7/en/innodb-troubleshooting.html for how to resolve the issue.
2022-12-02T07:10:21.672540Z 14 [Warning] InnoDB: Cannot open table medsoft/medecins from the internal data dictionary of InnoDB though the .frm file for the table exists. Please refer to http://dev.mysql.com/doc/refman/5.7/en/innodb-troubleshooting.html for how to resolve the issue.
2022-12-02T07:10:21.674535Z 14 [Warning] InnoDB: Cannot open table medsoft/ordonnances from the internal data dictionary of InnoDB though the .frm file for the table exists. Please refer to http://dev.mysql.com/doc/refman/5.7/en/innodb-troubleshooting.html for how to resolve the issue.
2022-12-02T07:10:21.676530Z 14 [Warning] InnoDB: Cannot open table medsoft/patients from the internal data dictionary of InnoDB though the .frm file for the table exists. Please refer to http://dev.mysql.com/doc/refman/5.7/en/innodb-troubleshooting.html for how to resolve the issue.
2022-12-02T07:10:21.678525Z 14 [Warning] InnoDB: Cannot open table medsoft/roles from the internal data dictionary of InnoDB though the .frm file for the table exists. Please refer to http://dev.mysql.com/doc/refman/5.7/en/innodb-troubleshooting.html for how to resolve the issue.
2022-12-02T07:10:21.680519Z 14 [Warning] InnoDB: Cannot open table medsoft/utilisateurs from the internal data dictionary of InnoDB though the .frm file for the table exists. Please refer to http://dev.mysql.com/doc/refman/5.7/en/innodb-troubleshooting.html for how to resolve the issue.
2022-12-02T07:10:21.682514Z 14 [Warning] InnoDB: Cannot open table medsoft/visites from the internal data dictionary of InnoDB though the .frm file for the table exists. Please refer to http://dev.mysql.com/doc/refman/5.7/en/innodb-troubleshooting.html for how to resolve the issue.
2022-12-02T07:10:21.780252Z 14 [Warning] InnoDB: Cannot open table medsoft/cabinet from the internal data dictionary of InnoDB though the .frm file for the table exists. Please refer to http://dev.mysql.com/doc/refman/5.7/en/innodb-troubleshooting.html for how to resolve the issue.
2022-12-02T07:10:21.782247Z 14 [Warning] InnoDB: Cannot open table medsoft/genres from the internal data dictionary of InnoDB though the .frm file for the table exists. Please refer to http://dev.mysql.com/doc/refman/5.7/en/innodb-troubleshooting.html for how to resolve the issue.
2022-12-02T07:10:21.784242Z 14 [Warning] InnoDB: Cannot open table medsoft/medecins from the internal data dictionary of InnoDB though the .frm file for the table exists. Please refer to http://dev.mysql.com/doc/refman/5.7/en/innodb-troubleshooting.html for how to resolve the issue.
2022-12-02T07:10:21.786236Z 14 [Warning] InnoDB: Cannot open table medsoft/ordonnances from the internal data dictionary of InnoDB though the .frm file for the table exists. Please refer to http://dev.mysql.com/doc/refman/5.7/en/innodb-troubleshooting.html for how to resolve the issue.
2022-12-02T07:10:21.788231Z 14 [Warning] InnoDB: Cannot open table medsoft/patients from the internal data dictionary of InnoDB though the .frm file for the table exists. Please refer to http://dev.mysql.com/doc/refman/5.7/en/innodb-troubleshooting.html for how to resolve the issue.
2022-12-02T07:10:21.790226Z 14 [Warning] InnoDB: Cannot open table medsoft/roles from the internal data dictionary of InnoDB though the .frm file for the table exists. Please refer to http://dev.mysql.com/doc/refman/5.7/en/innodb-troubleshooting.html for how to resolve the issue.
2022-12-02T07:10:21.792220Z 14 [Warning] InnoDB: Cannot open table medsoft/utilisateurs from the internal data dictionary of InnoDB though the .frm file for the table exists. Please refer to http://dev.mysql.com/doc/refman/5.7/en/innodb-troubleshooting.html for how to resolve the issue.
2022-12-02T07:10:21.794215Z 14 [Warning] InnoDB: Cannot open table medsoft/visites from the internal data dictionary of InnoDB though the .frm file for the table exists. Please refer to http://dev.mysql.com/doc/refman/5.7/en/innodb-troubleshooting.html for how to resolve the issue.
2022-12-02T07:10:21.804188Z 14 [Warning] InnoDB: Cannot open table medsoft/cabinet from the internal data dictionary of InnoDB though the .frm file for the table exists. Please refer to http://dev.mysql.com/doc/refman/5.7/en/innodb-troubleshooting.html for how to resolve the issue.
2022-12-02T07:10:21.806183Z 14 [Warning] InnoDB: Cannot open table medsoft/genres from the internal data dictionary of InnoDB though the .frm file for the table exists. Please refer to http://dev.mysql.com/doc/refman/5.7/en/innodb-troubleshooting.html for how to resolve the issue.
2022-12-02T07:10:21.808178Z 14 [Warning] InnoDB: Cannot open table medsoft/medecins from the internal data dictionary of InnoDB though the .frm file for the table exists. Please refer to http://dev.mysql.com/doc/refman/5.7/en/innodb-troubleshooting.html for how to resolve the issue.
2022-12-02T07:10:21.810173Z 14 [Warning] InnoDB: Cannot open table medsoft/ordonnances from the internal data dictionary of InnoDB though the .frm file for the table exists. Please refer to http://dev.mysql.com/doc/refman/5.7/en/innodb-troubleshooting.html for how to resolve the issue.
2022-12-02T07:10:21.812167Z 14 [Warning] InnoDB: Cannot open table medsoft/patients from the internal data dictionary of InnoDB though the .frm file for the table exists. Please refer to http://dev.mysql.com/doc/refman/5.7/en/innodb-troubleshooting.html for how to resolve the issue.
2022-12-02T07:10:21.813164Z 14 [Warning] InnoDB: Cannot open table medsoft/roles from the internal data dictionary of InnoDB though the .frm file for the table exists. Please refer to http://dev.mysql.com/doc/refman/5.7/en/innodb-troubleshooting.html for how to resolve the issue.
2022-12-02T07:10:21.815159Z 14 [Warning] InnoDB: Cannot open table medsoft/utilisateurs from the internal data dictionary of InnoDB though the .frm file for the table exists. Please refer to http://dev.mysql.com/doc/refman/5.7/en/innodb-troubleshooting.html for how to resolve the issue.
2022-12-02T07:10:21.817154Z 14 [Warning] InnoDB: Cannot open table medsoft/visites from the internal data dictionary of InnoDB though the .frm file for the table exists. Please refer to http://dev.mysql.com/doc/refman/5.7/en/innodb-troubleshooting.html for how to resolve the issue.
2022-12-02T07:11:01.400162Z 18 [Warning] InnoDB: Cannot open table medsoft/cabinet from the internal data dictionary of InnoDB though the .frm file for the table exists. Please refer to http://dev.mysql.com/doc/refman/5.7/en/innodb-troubleshooting.html for how to resolve the issue.
2022-12-02T07:11:01.402181Z 18 [Warning] InnoDB: Cannot open table medsoft/genres from the internal data dictionary of InnoDB though the .frm file for the table exists. Please refer to http://dev.mysql.com/doc/refman/5.7/en/innodb-troubleshooting.html for how to resolve the issue.
2022-12-02T07:11:01.405148Z 18 [Warning] InnoDB: Cannot open table medsoft/medecins from the internal data dictionary of InnoDB though the .frm file for the table exists. Please refer to http://dev.mysql.com/doc/refman/5.7/en/innodb-troubleshooting.html for how to resolve the issue.
2022-12-02T07:11:01.407142Z 18 [Warning] InnoDB: Cannot open table medsoft/ordonnances from the internal data dictionary of InnoDB though the .frm file for the table exists. Please refer to http://dev.mysql.com/doc/refman/5.7/en/innodb-troubleshooting.html for how to resolve the issue.
2022-12-02T07:11:01.409166Z 18 [Warning] InnoDB: Cannot open table medsoft/patients from the internal data dictionary of InnoDB though the .frm file for the table exists. Please refer to http://dev.mysql.com/doc/refman/5.7/en/innodb-troubleshooting.html for how to resolve the issue.
2022-12-02T07:11:01.411161Z 18 [Warning] InnoDB: Cannot open table medsoft/roles from the internal data dictionary of InnoDB though the .frm file for the table exists. Please refer to http://dev.mysql.com/doc/refman/5.7/en/innodb-troubleshooting.html for how to resolve the issue.
2022-12-02T07:11:01.413155Z 18 [Warning] InnoDB: Cannot open table medsoft/utilisateurs from the internal data dictionary of InnoDB though the .frm file for the table exists. Please refer to http://dev.mysql.com/doc/refman/5.7/en/innodb-troubleshooting.html for how to resolve the issue.
2022-12-02T07:11:01.415150Z 18 [Warning] InnoDB: Cannot open table medsoft/visites from the internal data dictionary of InnoDB though the .frm file for the table exists. Please refer to http://dev.mysql.com/doc/refman/5.7/en/innodb-troubleshooting.html for how to resolve the issue.
2022-12-02T07:11:07.049059Z 21 [Warning] InnoDB: Cannot open table medsoft/genres from the internal data dictionary of InnoDB though the .frm file for the table exists. Please refer to http://dev.mysql.com/doc/refman/5.7/en/innodb-troubleshooting.html for how to resolve the issue.
2022-12-02T07:11:07.052051Z 21 [Warning] InnoDB: Cannot open table medsoft/genres from the internal data dictionary of InnoDB though the .frm file for the table exists. Please refer to http://dev.mysql.com/doc/refman/5.7/en/innodb-troubleshooting.html for how to resolve the issue.
2022-12-02T07:11:21.011571Z 22 [Warning] InnoDB: Cannot open table medsoft/cabinet from the internal data dictionary of InnoDB though the .frm file for the table exists. Please refer to http://dev.mysql.com/doc/refman/5.7/en/innodb-troubleshooting.html for how to resolve the issue.
2022-12-02T07:11:21.013565Z 22 [Warning] InnoDB: Cannot open table medsoft/genres from the internal data dictionary of InnoDB though the .frm file for the table exists. Please refer to http://dev.mysql.com/doc/refman/5.7/en/innodb-troubleshooting.html for how to resolve the issue.
2022-12-02T07:11:21.015560Z 22 [Warning] InnoDB: Cannot open table medsoft/medecins from the internal data dictionary of InnoDB though the .frm file for the table exists. Please refer to http://dev.mysql.com/doc/refman/5.7/en/innodb-troubleshooting.html for how to resolve the issue.
2022-12-02T07:11:21.016557Z 22 [Warning] InnoDB: Cannot open table medsoft/ordonnances from the internal data dictionary of InnoDB though the .frm file for the table exists. Please refer to http://dev.mysql.com/doc/refman/5.7/en/innodb-troubleshooting.html for how to resolve the issue.
2022-12-02T07:11:21.018552Z 22 [Warning] InnoDB: Cannot open table medsoft/patients from the internal data dictionary of InnoDB though the .frm file for the table exists. Please refer to http://dev.mysql.com/doc/refman/5.7/en/innodb-troubleshooting.html for how to resolve the issue.
2022-12-02T07:11:21.020546Z 22 [Warning] InnoDB: Cannot open table medsoft/roles from the internal data dictionary of InnoDB though the .frm file for the table exists. Please refer to http://dev.mysql.com/doc/refman/5.7/en/innodb-troubleshooting.html for how to resolve the issue.
2022-12-02T07:11:21.022541Z 22 [Warning] InnoDB: Cannot open table medsoft/utilisateurs from the internal data dictionary of InnoDB though the .frm file for the table exists. Please refer to http://dev.mysql.com/doc/refman/5.7/en/innodb-troubleshooting.html for how to resolve the issue.
2022-12-02T07:11:21.024536Z 22 [Warning] InnoDB: Cannot open table medsoft/visites from the internal data dictionary of InnoDB though the .frm file for the table exists. Please refer to http://dev.mysql.com/doc/refman/5.7/en/innodb-troubleshooting.html for how to resolve the issue.
2022-12-02T07:11:21.034509Z 22 [Warning] InnoDB: Cannot open table medsoft/cabinet from the internal data dictionary of InnoDB though the .frm file for the table exists. Please refer to http://dev.mysql.com/doc/refman/5.7/en/innodb-troubleshooting.html for how to resolve the issue.
2022-12-02T07:11:21.036504Z 22 [Warning] InnoDB: Cannot open table medsoft/genres from the internal data dictionary of InnoDB though the .frm file for the table exists. Please refer to http://dev.mysql.com/doc/refman/5.7/en/innodb-troubleshooting.html for how to resolve the issue.
2022-12-02T07:11:21.038498Z 22 [Warning] InnoDB: Cannot open table medsoft/medecins from the internal data dictionary of InnoDB though the .frm file for the table exists. Please refer to http://dev.mysql.com/doc/refman/5.7/en/innodb-troubleshooting.html for how to resolve the issue.
2022-12-02T07:11:21.040493Z 22 [Warning] InnoDB: Cannot open table medsoft/ordonnances from the internal data dictionary of InnoDB though the .frm file for the table exists. Please refer to http://dev.mysql.com/doc/refman/5.7/en/innodb-troubleshooting.html for how to resolve the issue.
2022-12-02T07:11:21.042488Z 22 [Warning] InnoDB: Cannot open table medsoft/patients from the internal data dictionary of InnoDB though the .frm file for the table exists. Please refer to http://dev.mysql.com/doc/refman/5.7/en/innodb-troubleshooting.html for how to resolve the issue.
2022-12-02T07:11:21.043485Z 22 [Warning] InnoDB: Cannot open table medsoft/roles from the internal data dictionary of InnoDB though the .frm file for the table exists. Please refer to http://dev.mysql.com/doc/refman/5.7/en/innodb-troubleshooting.html for how to resolve the issue.
2022-12-02T07:11:21.045480Z 22 [Warning] InnoDB: Cannot open table medsoft/utilisateurs from the internal data dictionary of InnoDB though the .frm file for the table exists. Please refer to http://dev.mysql.com/doc/refman/5.7/en/innodb-troubleshooting.html for how to resolve the issue.
2022-12-02T07:11:21.047474Z 22 [Warning] InnoDB: Cannot open table medsoft/visites from the internal data dictionary of InnoDB though the .frm file for the table exists. Please refer to http://dev.mysql.com/doc/refman/5.7/en/innodb-troubleshooting.html for how to resolve the issue.
2022-12-02T07:11:21.079753Z 22 [Warning] InnoDB: Cannot open table medsoft/cabinet from the internal data dictionary of InnoDB though the .frm file for the table exists. Please refer to http://dev.mysql.com/doc/refman/5.7/en/innodb-troubleshooting.html for how to resolve the issue.
2022-12-02T07:11:21.080752Z 22 [Warning] InnoDB: Cannot open table medsoft/genres from the internal data dictionary of InnoDB though the .frm file for the table exists. Please refer to http://dev.mysql.com/doc/refman/5.7/en/innodb-troubleshooting.html for how to resolve the issue.
2022-12-02T07:11:21.082746Z 22 [Warning] InnoDB: Cannot open table medsoft/medecins from the internal data dictionary of InnoDB though the .frm file for the table exists. Please refer to http://dev.mysql.com/doc/refman/5.7/en/innodb-troubleshooting.html for how to resolve the issue.
2022-12-02T07:11:21.084741Z 22 [Warning] InnoDB: Cannot open table medsoft/ordonnances from the internal data dictionary of InnoDB though the .frm file for the table exists. Please refer to http://dev.mysql.com/doc/refman/5.7/en/innodb-troubleshooting.html for how to resolve the issue.
2022-12-02T07:11:21.086735Z 22 [Warning] InnoDB: Cannot open table medsoft/patients from the internal data dictionary of InnoDB though the .frm file for the table exists. Please refer to http://dev.mysql.com/doc/refman/5.7/en/innodb-troubleshooting.html for how to resolve the issue.
2022-12-02T07:11:21.088731Z 22 [Warning] InnoDB: Cannot open table medsoft/roles from the internal data dictionary of InnoDB though the .frm file for the table exists. Please refer to http://dev.mysql.com/doc/refman/5.7/en/innodb-troubleshooting.html for how to resolve the issue.
2022-12-02T07:11:21.089727Z 22 [Warning] InnoDB: Cannot open table medsoft/utilisateurs from the internal data dictionary of InnoDB though the .frm file for the table exists. Please refer to http://dev.mysql.com/doc/refman/5.7/en/innodb-troubleshooting.html for how to resolve the issue.
2022-12-02T07:11:21.091722Z 22 [Warning] InnoDB: Cannot open table medsoft/visites from the internal data dictionary of InnoDB though the .frm file for the table exists. Please refer to http://dev.mysql.com/doc/refman/5.7/en/innodb-troubleshooting.html for how to resolve the issue.
2022-12-02T07:11:21.102166Z 22 [Warning] InnoDB: Cannot open table medsoft/cabinet from the internal data dictionary of InnoDB though the .frm file for the table exists. Please refer to http://dev.mysql.com/doc/refman/5.7/en/innodb-troubleshooting.html for how to resolve the issue.
2022-12-02T07:11:21.104189Z 22 [Warning] InnoDB: Cannot open table medsoft/genres from the internal data dictionary of InnoDB though the .frm file for the table exists. Please refer to http://dev.mysql.com/doc/refman/5.7/en/innodb-troubleshooting.html for how to resolve the issue.
2022-12-02T07:11:21.105187Z 22 [Warning] InnoDB: Cannot open table medsoft/medecins from the internal data dictionary of InnoDB though the .frm file for the table exists. Please refer to http://dev.mysql.com/doc/refman/5.7/en/innodb-troubleshooting.html for how to resolve the issue.
2022-12-02T07:11:21.107183Z 22 [Warning] InnoDB: Cannot open table medsoft/ordonnances from the internal data dictionary of InnoDB though the .frm file for the table exists. Please refer to http://dev.mysql.com/doc/refman/5.7/en/innodb-troubleshooting.html for how to resolve the issue.
2022-12-02T07:11:21.109175Z 22 [Warning] InnoDB: Cannot open table medsoft/patients from the internal data dictionary of InnoDB though the .frm file for the table exists. Please refer to http://dev.mysql.com/doc/refman/5.7/en/innodb-troubleshooting.html for how to resolve the issue.
2022-12-02T07:11:21.111171Z 22 [Warning] InnoDB: Cannot open table medsoft/roles from the internal data dictionary of InnoDB though the .frm file for the table exists. Please refer to http://dev.mysql.com/doc/refman/5.7/en/innodb-troubleshooting.html for how to resolve the issue.
2022-12-02T07:11:21.113165Z 22 [Warning] InnoDB: Cannot open table medsoft/utilisateurs from the internal data dictionary of InnoDB though the .frm file for the table exists. Please refer to http://dev.mysql.com/doc/refman/5.7/en/innodb-troubleshooting.html for how to resolve the issue.
2022-12-02T07:11:21.114162Z 22 [Warning] InnoDB: Cannot open table medsoft/visites from the internal data dictionary of InnoDB though the .frm file for the table exists. Please refer to http://dev.mysql.com/doc/refman/5.7/en/innodb-troubleshooting.html for how to resolve the issue.
2022-12-02T07:11:24.126438Z 24 [Warning] InnoDB: Cannot open table medsoft/cabinet from the internal data dictionary of InnoDB though the .frm file for the table exists. Please refer to http://dev.mysql.com/doc/refman/5.7/en/innodb-troubleshooting.html for how to resolve the issue.
2022-12-02T07:11:24.134424Z 24 [Warning] InnoDB: Cannot open table medsoft/genres from the internal data dictionary of InnoDB though the .frm file for the table exists. Please refer to http://dev.mysql.com/doc/refman/5.7/en/innodb-troubleshooting.html for how to resolve the issue.
2022-12-02T07:11:24.139408Z 24 [Warning] InnoDB: Cannot open table medsoft/medecins from the internal data dictionary of InnoDB though the .frm file for the table exists. Please refer to http://dev.mysql.com/doc/refman/5.7/en/innodb-troubleshooting.html for how to resolve the issue.
2022-12-02T07:11:24.144394Z 24 [Warning] InnoDB: Cannot open table medsoft/ordonnances from the internal data dictionary of InnoDB though the .frm file for the table exists. Please refer to http://dev.mysql.com/doc/refman/5.7/en/innodb-troubleshooting.html for how to resolve the issue.
2022-12-02T07:11:24.147386Z 24 [Warning] InnoDB: Cannot open table medsoft/patients from the internal data dictionary of InnoDB though the .frm file for the table exists. Please refer to http://dev.mysql.com/doc/refman/5.7/en/innodb-troubleshooting.html for how to resolve the issue.
2022-12-02T07:11:24.150378Z 24 [Warning] InnoDB: Cannot open table medsoft/roles from the internal data dictionary of InnoDB though the .frm file for the table exists. Please refer to http://dev.mysql.com/doc/refman/5.7/en/innodb-troubleshooting.html for how to resolve the issue.
2022-12-02T07:11:24.153370Z 24 [Warning] InnoDB: Cannot open table medsoft/utilisateurs from the internal data dictionary of InnoDB though the .frm file for the table exists. Please refer to http://dev.mysql.com/doc/refman/5.7/en/innodb-troubleshooting.html for how to resolve the issue.
2022-12-02T07:11:24.156362Z 24 [Warning] InnoDB: Cannot open table medsoft/visites from the internal data dictionary of InnoDB though the .frm file for the table exists. Please refer to http://dev.mysql.com/doc/refman/5.7/en/innodb-troubleshooting.html for how to resolve the issue.
2022-12-02T07:11:24.168565Z 24 [Warning] InnoDB: Cannot open table medsoft/cabinet from the internal data dictionary of InnoDB though the .frm file for the table exists. Please refer to http://dev.mysql.com/doc/refman/5.7/en/innodb-troubleshooting.html for how to resolve the issue.
2022-12-02T07:11:24.169565Z 24 [Warning] InnoDB: Cannot open table medsoft/genres from the internal data dictionary of InnoDB though the .frm file for the table exists. Please refer to http://dev.mysql.com/doc/refman/5.7/en/innodb-troubleshooting.html for how to resolve the issue.
2022-12-02T07:11:24.171559Z 24 [Warning] InnoDB: Cannot open table medsoft/medecins from the internal data dictionary of InnoDB though the .frm file for the table exists. Please refer to http://dev.mysql.com/doc/refman/5.7/en/innodb-troubleshooting.html for how to resolve the issue.
2022-12-02T07:11:24.173553Z 24 [Warning] InnoDB: Cannot open table medsoft/ordonnances from the internal data dictionary of InnoDB though the .frm file for the table exists. Please refer to http://dev.mysql.com/doc/refman/5.7/en/innodb-troubleshooting.html for how to resolve the issue.
2022-12-02T07:11:24.175548Z 24 [Warning] InnoDB: Cannot open table medsoft/patients from the internal data dictionary of InnoDB though the .frm file for the table exists. Please refer to http://dev.mysql.com/doc/refman/5.7/en/innodb-troubleshooting.html for how to resolve the issue.
2022-12-02T07:11:24.177543Z 24 [Warning] InnoDB: Cannot open table medsoft/roles from the internal data dictionary of InnoDB though the .frm file for the table exists. Please refer to http://dev.mysql.com/doc/refman/5.7/en/innodb-troubleshooting.html for how to resolve the issue.
2022-12-02T07:11:24.178540Z 24 [Warning] InnoDB: Cannot open table medsoft/utilisateurs from the internal data dictionary of InnoDB though the .frm file for the table exists. Please refer to http://dev.mysql.com/doc/refman/5.7/en/innodb-troubleshooting.html for how to resolve the issue.
2022-12-02T07:11:24.180535Z 24 [Warning] InnoDB: Cannot open table medsoft/visites from the internal data dictionary of InnoDB though the .frm file for the table exists. Please refer to http://dev.mysql.com/doc/refman/5.7/en/innodb-troubleshooting.html for how to resolve the issue.
2022-12-02T07:11:28.435343Z 25 [ERROR] InnoDB: Table `medsoft`.`cabinet` does not exist in the InnoDB internal data dictionary though MySQL is trying to drop it. Have you copied the .frm file of the table to the MySQL database directory from another database? Please refer to http://dev.mysql.com/doc/refman/5.7/en/innodb-troubleshooting.html for how to resolve the issue.
2022-12-02T07:11:28.452006Z 25 [ERROR] InnoDB: Table `medsoft`.`genres` does not exist in the InnoDB internal data dictionary though MySQL is trying to drop it. Have you copied the .frm file of the table to the MySQL database directory from another database? Please refer to http://dev.mysql.com/doc/refman/5.7/en/innodb-troubleshooting.html for how to resolve the issue.
2022-12-02T07:11:28.463092Z 25 [ERROR] InnoDB: Table `medsoft`.`medecins` does not exist in the InnoDB internal data dictionary though MySQL is trying to drop it. Have you copied the .frm file of the table to the MySQL database directory from another database? Please refer to http://dev.mysql.com/doc/refman/5.7/en/innodb-troubleshooting.html for how to resolve the issue.
2022-12-02T07:11:28.470071Z 25 [ERROR] InnoDB: Table `medsoft`.`ordonnances` does not exist in the InnoDB internal data dictionary though MySQL is trying to drop it. Have you copied the .frm file of the table to the MySQL database directory from another database? Please refer to http://dev.mysql.com/doc/refman/5.7/en/innodb-troubleshooting.html for how to resolve the issue.
2022-12-02T07:11:28.476055Z 25 [ERROR] InnoDB: Table `medsoft`.`patients` does not exist in the InnoDB internal data dictionary though MySQL is trying to drop it. Have you copied the .frm file of the table to the MySQL database directory from another database? Please refer to http://dev.mysql.com/doc/refman/5.7/en/innodb-troubleshooting.html for how to resolve the issue.
2022-12-02T07:11:28.482039Z 25 [ERROR] InnoDB: Table `medsoft`.`roles` does not exist in the InnoDB internal data dictionary though MySQL is trying to drop it. Have you copied the .frm file of the table to the MySQL database directory from another database? Please refer to http://dev.mysql.com/doc/refman/5.7/en/innodb-troubleshooting.html for how to resolve the issue.
2022-12-02T07:11:28.488023Z 25 [ERROR] InnoDB: Table `medsoft`.`utilisateurs` does not exist in the InnoDB internal data dictionary though MySQL is trying to drop it. Have you copied the .frm file of the table to the MySQL database directory from another database? Please refer to http://dev.mysql.com/doc/refman/5.7/en/innodb-troubleshooting.html for how to resolve the issue.
2022-12-02T07:11:28.493011Z 25 [ERROR] InnoDB: Table `medsoft`.`visites` does not exist in the InnoDB internal data dictionary though MySQL is trying to drop it. Have you copied the .frm file of the table to the MySQL database directory from another database? Please refer to http://dev.mysql.com/doc/refman/5.7/en/innodb-troubleshooting.html for how to resolve the issue.
2022-12-02T07:11:59.799756Z 36 [ERROR] InnoDB: Operating system error number 80 in a file operation.
2022-12-02T07:11:59.799756Z 36 [Note] InnoDB: Some operating system error numbers are described at http://dev.mysql.com/doc/refman/5.7/en/operating-system-error-codes.html
2022-12-02T07:11:59.800754Z 36 [ERROR] InnoDB: Cannot create file '.\medsoft\genres.ibd'
2022-12-02T07:11:59.801751Z 36 [ERROR] InnoDB: The file '.\medsoft\genres.ibd' already exists though the corresponding table did not exist in the InnoDB data dictionary. Have you moved InnoDB .ibd files around without using the SQL commands DISCARD TABLESPACE and IMPORT TABLESPACE, or did mysqld crash in the middle of CREATE TABLE? You can resolve the problem by removing the file '.\medsoft\genres.ibd' under the 'datadir' of MySQL.
2022-12-02T07:11:59.820671Z 36 [ERROR] InnoDB: Operating system error number 80 in a file operation.
2022-12-02T07:11:59.820671Z 36 [Note] InnoDB: Some operating system error numbers are described at http://dev.mysql.com/doc/refman/5.7/en/operating-system-error-codes.html
2022-12-02T07:11:59.822666Z 36 [ERROR] InnoDB: Cannot create file '.\medsoft\genres.ibd'
2022-12-02T07:11:59.822666Z 36 [ERROR] InnoDB: The file '.\medsoft\genres.ibd' already exists though the corresponding table did not exist in the InnoDB data dictionary. Have you moved InnoDB .ibd files around without using the SQL commands DISCARD TABLESPACE and IMPORT TABLESPACE, or did mysqld crash in the middle of CREATE TABLE? You can resolve the problem by removing the file '.\medsoft\genres.ibd' under the 'datadir' of MySQL.
2022-12-02T07:12:19.486967Z 39 [ERROR] InnoDB: Operating system error number 80 in a file operation.
2022-12-02T07:12:19.486967Z 39 [Note] InnoDB: Some operating system error numbers are described at http://dev.mysql.com/doc/refman/5.7/en/operating-system-error-codes.html
2022-12-02T07:12:19.487967Z 39 [ERROR] InnoDB: Cannot create file '.\medsoft\genres.ibd'
2022-12-02T07:12:19.488964Z 39 [ERROR] InnoDB: The file '.\medsoft\genres.ibd' already exists though the corresponding table did not exist in the InnoDB data dictionary. Have you moved InnoDB .ibd files around without using the SQL commands DISCARD TABLESPACE and IMPORT TABLESPACE, or did mysqld crash in the middle of CREATE TABLE? You can resolve the problem by removing the file '.\medsoft\genres.ibd' under the 'datadir' of MySQL.
2022-12-02T07:12:19.509590Z 39 [ERROR] InnoDB: Operating system error number 80 in a file operation.
2022-12-02T07:12:19.509590Z 39 [Note] InnoDB: Some operating system error numbers are described at http://dev.mysql.com/doc/refman/5.7/en/operating-system-error-codes.html
2022-12-02T07:12:19.510589Z 39 [ERROR] InnoDB: Cannot create file '.\medsoft\genres.ibd'
2022-12-02T07:12:19.511585Z 39 [ERROR] InnoDB: The file '.\medsoft\genres.ibd' already exists though the corresponding table did not exist in the InnoDB data dictionary. Have you moved InnoDB .ibd files around without using the SQL commands DISCARD TABLESPACE and IMPORT TABLESPACE, or did mysqld crash in the middle of CREATE TABLE? You can resolve the problem by removing the file '.\medsoft\genres.ibd' under the 'datadir' of MySQL.
2022-12-14T07:24:38.324392Z 0 [Warning] TIMESTAMP with implicit DEFAULT value is deprecated. Please use --explicit_defaults_for_timestamp server option (see documentation for more details).
2022-12-14T07:24:38.329030Z 0 [Warning] 'NO_ZERO_DATE', 'NO_ZERO_IN_DATE' and 'ERROR_FOR_DIVISION_BY_ZERO' sql modes should be used with strict mode. They will be merged with strict mode in a future release.
2022-12-14T07:24:38.329030Z 0 [Warning] 'NO_AUTO_CREATE_USER' sql mode was not set.
2022-12-14T07:24:38.329030Z 0 [Warning] Insecure configuration for --secure-file-priv: Current value does not restrict location of generated files. Consider setting it to a valid, non-empty path.
2022-12-14T07:24:38.330072Z 0 [ERROR] Cannot open Windows EventLog; check privileges, or start server with --log_syslog=0
2022-12-14T07:24:38.330072Z 0 [Note] Z:\SAE_S3_WEB\bin\database\mysql-5.7.11\bin\mysqld.exe (mysqld 5.7.11) starting as process 3268 ...
2022-12-14T07:24:38.653410Z 0 [ERROR] Can't open shared library 'Z:\SAE_S3_WEB\bin\database\mysql-5.7.11\lib\plugin\keyring_file.dll' (errno: 126 Le module spécifié est introuvable.)
2022-12-14T07:24:38.654441Z 0 [ERROR] Couldn't load plugin named 'keyring_file' with soname 'keyring_file.dll'.
2022-12-14T07:24:38.751457Z 0 [Note] InnoDB: Mutexes and rw_locks use Windows interlocked functions
2022-12-14T07:24:38.754455Z 0 [Note] InnoDB: Uses event mutexes
2022-12-14T07:24:38.755454Z 0 [Note] InnoDB: Memory barrier is not used
2022-12-14T07:24:38.757446Z 0 [Note] InnoDB: Compressed tables use zlib 1.2.3
2022-12-14T07:24:38.819464Z 0 [Note] InnoDB: Number of pools: 1
2022-12-14T07:24:38.857378Z 0 [Note] InnoDB: Not using CPU crc32 instructions
2022-12-14T07:24:38.943443Z 0 [Note] InnoDB: Initializing buffer pool, total size = 128M, instances = 1, chunk size = 128M
2022-12-14T07:24:38.958102Z 0 [Note] InnoDB: Completed initialization of buffer pool
2022-12-14T07:24:39.328860Z 0 [Note] InnoDB: Highest supported file format is Barracuda.
2022-12-14T07:24:39.358150Z 0 [Note] InnoDB: Log scan progressed past the checkpoint lsn 3214265
2022-12-14T07:24:39.361107Z 0 [Note] InnoDB: Doing recovery: scanned up to log sequence number 3214274
2022-12-14T07:24:39.368745Z 0 [Note] InnoDB: Doing recovery: scanned up to log sequence number 3214274
2022-12-14T07:24:39.392195Z 0 [Note] InnoDB: Database was not shutdown normally!
2022-12-14T07:24:39.402885Z 0 [Note] InnoDB: Starting crash recovery.
2022-12-14T07:24:42.613579Z 0 [Note] InnoDB: Removed temporary tablespace data file: "ibtmp1"
2022-12-14T07:24:42.613579Z 0 [Note] InnoDB: Creating shared tablespace for temporary tables
2022-12-14T07:24:42.616715Z 0 [Note] InnoDB: Setting file '.\ibtmp1' size to 12 MB. Physically writing the file full; Please wait ...
2022-12-14T07:24:43.293200Z 0 [Note] InnoDB: File '.\ibtmp1' size is now 12 MB.
2022-12-14T07:24:43.319607Z 0 [Note] InnoDB: 96 redo rollback segment(s) found. 96 redo rollback segment(s) are active.
2022-12-14T07:24:43.320606Z 0 [Note] InnoDB: 32 non-redo rollback segment(s) are active.
2022-12-14T07:24:43.321617Z 0 [Note] InnoDB: Waiting for purge to start
2022-12-14T07:24:43.385150Z 0 [Note] InnoDB: page_cleaner: 1000ms intended loop took 4415ms. The settings might not be optimal. (flushed=0 and evicted=0, during the time.)
2022-12-14T07:24:43.394172Z 0 [Note] InnoDB: 5.7.11 started; log sequence number 3214274
2022-12-14T07:24:43.396098Z 0 [Note] InnoDB: Loading buffer pool(s) from Z:\SAE_S3_WEB\bin\database\mysql-5.7.11\data\ib_buffer_pool
2022-12-14T07:24:43.407995Z 0 [Note] Plugin 'FEDERATED' is disabled.
2022-12-14T07:24:43.683497Z 0 [Warning] Failed to set up SSL because of the following SSL library error: SSL context is not usable without certificate and private key
2022-12-14T07:24:43.685493Z 0 [Note] Server hostname (bind-address): '*'; port: 3306
2022-12-14T07:24:43.686490Z 0 [Note] IPv6 is available.
2022-12-14T07:24:43.686490Z 0 [Note]   - '::' resolves to '::';
2022-12-14T07:24:43.687487Z 0 [Note] Server socket created on IP: '::'.
2022-12-14T07:24:43.779875Z 0 [Note] InnoDB: Buffer pool(s) load completed at 221214  8:24:43
2022-12-14T07:24:45.926464Z 0 [Note] Event Scheduler: Loaded 0 events
2022-12-14T07:24:45.929470Z 0 [Note] Z:\SAE_S3_WEB\bin\database\mysql-5.7.11\bin\mysqld.exe: ready for connections.
Version: '5.7.11'  socket: ''  port: 3306  MySQL Community Server (GPL)
2022-12-14T08:13:23.423252Z 5 [Note] Aborted connection 5 to db: 'medsoft' user: 'root' host: 'localhost' (Got an error reading communication packets)
2022-12-14T08:13:23.423252Z 2 [Note] Aborted connection 2 to db: 'medsoft' user: 'root' host: 'localhost' (Got an error reading communication packets)
2022-12-14T08:13:23.423252Z 3 [Note] Aborted connection 3 to db: 'medsoft' user: 'root' host: 'localhost' (Got an error reading communication packets)
2022-12-14T08:13:23.423252Z 13 [Note] Aborted connection 13 to db: 'medsoft' user: 'root' host: 'localhost' (Got an error reading communication packets)
2022-12-14T08:13:23.979455Z 0 [Note] Z:\SAE_S3_WEB\bin\database\mysql-5.7.11\bin\mysqld.exe: Normal shutdown

2022-12-14T08:13:23.980452Z 0 [Note] Giving 0 client threads a chance to die gracefully
2022-12-14T08:13:23.981449Z 0 [Note] Shutting down slave threads
2022-12-14T08:13:23.981449Z 0 [Note] Forcefully disconnecting 0 remaining clients
2022-12-14T08:13:23.982446Z 0 [Note] Event Scheduler: Purging the queue. 0 events
2022-12-14T08:13:23.983444Z 0 [Note] Binlog end
2022-12-14T08:13:23.993298Z 0 [Note] Shutting down plugin 'ngram'
2022-12-14T08:13:23.993298Z 0 [Note] Shutting down plugin 'partition'
2022-12-14T08:13:23.993298Z 0 [Note] Shutting down plugin 'BLACKHOLE'
2022-12-14T08:13:23.994295Z 0 [Note] Shutting down plugin 'ARCHIVE'
2022-12-14T08:13:23.994295Z 0 [Note] Shutting down plugin 'PERFORMANCE_SCHEMA'
2022-12-14T08:13:23.995293Z 0 [Note] Shutting down plugin 'MRG_MYISAM'
2022-12-14T08:13:23.996326Z 0 [Note] Shutting down plugin 'MyISAM'
2022-12-14T08:13:23.996326Z 0 [Note] Shutting down plugin 'INNODB_SYS_VIRTUAL'
2022-12-14T08:13:23.997312Z 0 [Note] Shutting down plugin 'INNODB_SYS_DATAFILES'
2022-12-14T08:13:23.997312Z 0 [Note] Shutting down plugin 'INNODB_SYS_TABLESPACES'
2022-12-14T08:13:23.998314Z 0 [Note] Shutting down plugin 'INNODB_SYS_FOREIGN_COLS'
2022-12-14T08:13:23.998314Z 0 [Note] Shutting down plugin 'INNODB_SYS_FOREIGN'
2022-12-14T08:13:23.999316Z 0 [Note] Shutting down plugin 'INNODB_SYS_FIELDS'
2022-12-14T08:13:23.999316Z 0 [Note] Shutting down plugin 'INNODB_SYS_COLUMNS'
2022-12-14T08:13:24.000307Z 0 [Note] Shutting down plugin 'INNODB_SYS_INDEXES'
2022-12-14T08:13:24.000307Z 0 [Note] Shutting down plugin 'INNODB_SYS_TABLESTATS'
2022-12-14T08:13:24.001307Z 0 [Note] Shutting down plugin 'INNODB_SYS_TABLES'
2022-12-14T08:13:24.001307Z 0 [Note] Shutting down plugin 'INNODB_FT_INDEX_TABLE'
2022-12-14T08:13:24.002303Z 0 [Note] Shutting down plugin 'INNODB_FT_INDEX_CACHE'
2022-12-14T08:13:24.003271Z 0 [Note] Shutting down plugin 'INNODB_FT_CONFIG'
2022-12-14T08:13:24.003271Z 0 [Note] Shutting down plugin 'INNODB_FT_BEING_DELETED'
2022-12-14T08:13:24.004300Z 0 [Note] Shutting down plugin 'INNODB_FT_DELETED'
2022-12-14T08:13:24.004300Z 0 [Note] Shutting down plugin 'INNODB_FT_DEFAULT_STOPWORD'
2022-12-14T08:13:24.005297Z 0 [Note] Shutting down plugin 'INNODB_METRICS'
2022-12-14T08:13:24.005297Z 0 [Note] Shutting down plugin 'INNODB_TEMP_TABLE_INFO'
2022-12-14T08:13:24.006294Z 0 [Note] Shutting down plugin 'INNODB_BUFFER_POOL_STATS'
2022-12-14T08:13:24.006294Z 0 [Note] Shutting down plugin 'INNODB_BUFFER_PAGE_LRU'
2022-12-14T08:13:24.007291Z 0 [Note] Shutting down plugin 'INNODB_BUFFER_PAGE'
2022-12-14T08:13:24.007291Z 0 [Note] Shutting down plugin 'INNODB_CMP_PER_INDEX_RESET'
2022-12-14T08:13:24.008286Z 0 [Note] Shutting down plugin 'INNODB_CMP_PER_INDEX'
2022-12-14T08:13:24.008286Z 0 [Note] Shutting down plugin 'INNODB_CMPMEM_RESET'
2022-12-14T08:13:24.009284Z 0 [Note] Shutting down plugin 'INNODB_CMPMEM'
2022-12-14T08:13:24.009284Z 0 [Note] Shutting down plugin 'INNODB_CMP_RESET'
2022-12-14T08:13:24.010252Z 0 [Note] Shutting down plugin 'INNODB_CMP'
2022-12-14T08:13:24.010252Z 0 [Note] Shutting down plugin 'INNODB_LOCK_WAITS'
2022-12-14T08:13:24.011250Z 0 [Note] Shutting down plugin 'INNODB_LOCKS'
2022-12-14T08:13:24.012283Z 0 [Note] Shutting down plugin 'INNODB_TRX'
2022-12-14T08:13:24.012283Z 0 [Note] Shutting down plugin 'InnoDB'
2022-12-14T08:13:24.013287Z 0 [Note] InnoDB: FTS optimize thread exiting.
2022-12-14T08:13:24.013287Z 0 [Note] InnoDB: Starting shutdown...
2022-12-14T08:13:24.117086Z 0 [Note] InnoDB: Dumping buffer pool(s) to Z:\SAE_S3_WEB\bin\database\mysql-5.7.11\data\ib_buffer_pool
2022-12-14T08:13:24.128057Z 0 [Note] InnoDB: Buffer pool(s) dump completed at 221214  9:13:24
2022-12-14T08:13:25.668634Z 0 [Note] InnoDB: Shutdown completed; log sequence number 3214302
2022-12-14T08:13:25.676613Z 0 [Note] InnoDB: Removed temporary tablespace data file: "ibtmp1"
2022-12-14T08:13:25.678608Z 0 [Note] Shutting down plugin 'MEMORY'
2022-12-14T08:13:25.679605Z 0 [Note] Shutting down plugin 'CSV'
2022-12-14T08:13:25.680607Z 0 [Note] Shutting down plugin 'sha256_password'
2022-12-14T08:13:25.680607Z 0 [Note] Shutting down plugin 'mysql_native_password'
2022-12-14T08:13:25.682598Z 0 [Note] Shutting down plugin 'binlog'
2022-12-14T08:13:25.686586Z 0 [Note] Z:\SAE_S3_WEB\bin\database\mysql-5.7.11\bin\mysqld.exe: Shutdown complete

