2022-12-16T09:24:30.835637Z 0 [Warning] TIMESTAMP with implicit DEFAULT value is deprecated. Please use --explicit_defaults_for_timestamp server option (see documentation for more details).
2022-12-16T09:24:30.836608Z 0 [Warning] 'NO_ZERO_DATE', 'NO_ZERO_IN_DATE' and 'ERROR_FOR_DIVISION_BY_ZERO' sql modes should be used with strict mode. They will be merged with strict mode in a future release.
2022-12-16T09:24:30.836608Z 0 [Warning] 'NO_AUTO_CREATE_USER' sql mode was not set.
2022-12-16T09:24:30.836608Z 0 [Warning] Insecure configuration for --secure-file-priv: Current value does not restrict location of generated files. Consider setting it to a valid, non-empty path.
2022-12-16T09:24:30.836608Z 0 [ERROR] Cannot open Windows EventLog; check privileges, or start server with --log_syslog=0
2022-12-16T09:24:30.836608Z 0 [Note] Z:\SAE_S3_WEB\bin\database\mysql-5.7.11\bin\mysqld.exe (mysqld 5.7.11) starting as process 1224 ...
2022-12-16T09:24:30.897447Z 0 [ERROR] Can't open shared library 'Z:\SAE_S3_WEB\bin\database\mysql-5.7.11\lib\plugin\keyring_file.dll' (errno: 126 Le module spécifié est introuvable.)
2022-12-16T09:24:30.898472Z 0 [ERROR] Couldn't load plugin named 'keyring_file' with soname 'keyring_file.dll'.
2022-12-16T09:24:30.915427Z 0 [Note] InnoDB: Mutexes and rw_locks use Windows interlocked functions
2022-12-16T09:24:30.916406Z 0 [Note] InnoDB: Uses event mutexes
2022-12-16T09:24:30.916406Z 0 [Note] InnoDB: Memory barrier is not used
2022-12-16T09:24:30.916406Z 0 [Note] InnoDB: Compressed tables use zlib 1.2.3
2022-12-16T09:24:30.927391Z 0 [Note] InnoDB: Number of pools: 1
2022-12-16T09:24:30.932394Z 0 [Note] InnoDB: Not using CPU crc32 instructions
2022-12-16T09:24:30.977232Z 0 [Note] InnoDB: Initializing buffer pool, total size = 128M, instances = 1, chunk size = 128M
2022-12-16T09:24:30.985210Z 0 [Note] InnoDB: Completed initialization of buffer pool
2022-12-16T09:24:31.207999Z 0 [Note] InnoDB: Highest supported file format is Barracuda.
2022-12-16T09:24:31.213942Z 0 [Note] InnoDB: Log scan progressed past the checkpoint lsn 3217084
2022-12-16T09:24:31.213942Z 0 [Note] InnoDB: Doing recovery: scanned up to log sequence number 3217093
2022-12-16T09:24:31.216845Z 0 [Note] InnoDB: Doing recovery: scanned up to log sequence number 3217093
2022-12-16T09:24:31.216845Z 0 [Note] InnoDB: Database was not shutdown normally!
2022-12-16T09:24:31.217846Z 0 [Note] InnoDB: Starting crash recovery.
2022-12-16T09:24:33.029164Z 0 [Note] InnoDB: Removed temporary tablespace data file: "ibtmp1"
2022-12-16T09:24:33.030161Z 0 [Note] InnoDB: Creating shared tablespace for temporary tables
2022-12-16T09:24:33.032155Z 0 [Note] InnoDB: Setting file '.\ibtmp1' size to 12 MB. Physically writing the file full; Please wait ...
2022-12-16T09:24:33.358349Z 0 [Note] InnoDB: File '.\ibtmp1' size is now 12 MB.
2022-12-16T09:24:33.385958Z 0 [Note] InnoDB: 96 redo rollback segment(s) found. 96 redo rollback segment(s) are active.
2022-12-16T09:24:33.386957Z 0 [Note] InnoDB: 32 non-redo rollback segment(s) are active.
2022-12-16T09:24:33.386957Z 0 [Note] InnoDB: Waiting for purge to start
2022-12-16T09:24:33.443048Z 0 [Note] InnoDB: 5.7.11 started; log sequence number 3217093
2022-12-16T09:24:33.452024Z 0 [Note] Plugin 'FEDERATED' is disabled.
2022-12-16T09:24:33.452024Z 0 [Note] InnoDB: Loading buffer pool(s) from Z:\SAE_S3_WEB\bin\database\mysql-5.7.11\data\ib_buffer_pool
2022-12-16T09:24:33.537525Z 0 [Warning] Failed to set up SSL because of the following SSL library error: SSL context is not usable without certificate and private key
2022-12-16T09:24:33.539491Z 0 [Note] Server hostname (bind-address): '*'; port: 3306
2022-12-16T09:24:33.540488Z 0 [Note] IPv6 is available.
2022-12-16T09:24:33.540488Z 0 [Note]   - '::' resolves to '::';
2022-12-16T09:24:33.541513Z 0 [Note] Server socket created on IP: '::'.
2022-12-16T09:24:33.626504Z 0 [Note] InnoDB: Buffer pool(s) load completed at 221216 10:24:33
2022-12-16T09:24:33.990095Z 0 [Note] Event Scheduler: Loaded 0 events
2022-12-16T09:24:33.990095Z 0 [Note] Z:\SAE_S3_WEB\bin\database\mysql-5.7.11\bin\mysqld.exe: ready for connections.
Version: '5.7.11'  socket: ''  port: 3306  MySQL Community Server (GPL)
2022-12-16T09:31:49.414761Z 15 [Note] Aborted connection 15 to db: 'medsoft' user: 'root' host: 'localhost' (Got an error reading communication packets)
2022-12-16T09:31:49.671649Z 0 [Note] Z:\SAE_S3_WEB\bin\database\mysql-5.7.11\bin\mysqld.exe: Normal shutdown

2022-12-16T09:31:49.672647Z 0 [Note] Giving 0 client threads a chance to die gracefully
2022-12-16T09:31:49.672647Z 0 [Note] Shutting down slave threads
2022-12-16T09:31:49.673643Z 0 [Note] Forcefully disconnecting 0 remaining clients
2022-12-16T09:31:49.673643Z 0 [Note] Event Scheduler: Purging the queue. 0 events
2022-12-16T09:31:49.674641Z 0 [Note] Binlog end
2022-12-16T09:31:49.676636Z 0 [Note] Shutting down plugin 'ngram'
2022-12-16T09:31:49.676636Z 0 [Note] Shutting down plugin 'partition'
2022-12-16T09:31:49.677633Z 0 [Note] Shutting down plugin 'BLACKHOLE'
2022-12-16T09:31:49.677633Z 0 [Note] Shutting down plugin 'ARCHIVE'
2022-12-16T09:31:49.678630Z 0 [Note] Shutting down plugin 'PERFORMANCE_SCHEMA'
2022-12-16T09:31:49.678630Z 0 [Note] Shutting down plugin 'MRG_MYISAM'
2022-12-16T09:31:49.679628Z 0 [Note] Shutting down plugin 'MyISAM'
2022-12-16T09:31:49.679628Z 0 [Note] Shutting down plugin 'INNODB_SYS_VIRTUAL'
2022-12-16T09:31:49.679628Z 0 [Note] Shutting down plugin 'INNODB_SYS_DATAFILES'
2022-12-16T09:31:49.680625Z 0 [Note] Shutting down plugin 'INNODB_SYS_TABLESPACES'
2022-12-16T09:31:49.680625Z 0 [Note] Shutting down plugin 'INNODB_SYS_FOREIGN_COLS'
2022-12-16T09:31:49.681622Z 0 [Note] Shutting down plugin 'INNODB_SYS_FOREIGN'
2022-12-16T09:31:49.681622Z 0 [Note] Shutting down plugin 'INNODB_SYS_FIELDS'
2022-12-16T09:31:49.682649Z 0 [Note] Shutting down plugin 'INNODB_SYS_COLUMNS'
2022-12-16T09:31:49.682649Z 0 [Note] Shutting down plugin 'INNODB_SYS_INDEXES'
2022-12-16T09:31:49.683646Z 0 [Note] Shutting down plugin 'INNODB_SYS_TABLESTATS'
2022-12-16T09:31:49.683646Z 0 [Note] Shutting down plugin 'INNODB_SYS_TABLES'
2022-12-16T09:31:49.684644Z 0 [Note] Shutting down plugin 'INNODB_FT_INDEX_TABLE'
2022-12-16T09:31:49.684644Z 0 [Note] Shutting down plugin 'INNODB_FT_INDEX_CACHE'
2022-12-16T09:31:49.685648Z 0 [Note] Shutting down plugin 'INNODB_FT_CONFIG'
2022-12-16T09:31:49.686609Z 0 [Note] Shutting down plugin 'INNODB_FT_BEING_DELETED'
2022-12-16T09:31:49.686609Z 0 [Note] Shutting down plugin 'INNODB_FT_DELETED'
2022-12-16T09:31:49.687638Z 0 [Note] Shutting down plugin 'INNODB_FT_DEFAULT_STOPWORD'
2022-12-16T09:31:49.687638Z 0 [Note] Shutting down plugin 'INNODB_METRICS'
2022-12-16T09:31:49.688635Z 0 [Note] Shutting down plugin 'INNODB_TEMP_TABLE_INFO'
2022-12-16T09:31:49.688635Z 0 [Note] Shutting down plugin 'INNODB_BUFFER_POOL_STATS'
2022-12-16T09:31:49.689634Z 0 [Note] Shutting down plugin 'INNODB_BUFFER_PAGE_LRU'
2022-12-16T09:31:49.689634Z 0 [Note] Shutting down plugin 'INNODB_BUFFER_PAGE'
2022-12-16T09:31:49.689634Z 0 [Note] Shutting down plugin 'INNODB_CMP_PER_INDEX_RESET'
2022-12-16T09:31:49.690627Z 0 [Note] Shutting down plugin 'INNODB_CMP_PER_INDEX'
2022-12-16T09:31:49.690627Z 0 [Note] Shutting down plugin 'INNODB_CMPMEM_RESET'
2022-12-16T09:31:49.691626Z 0 [Note] Shutting down plugin 'INNODB_CMPMEM'
2022-12-16T09:31:49.691626Z 0 [Note] Shutting down plugin 'INNODB_CMP_RESET'
2022-12-16T09:31:49.692623Z 0 [Note] Shutting down plugin 'INNODB_CMP'
2022-12-16T09:31:49.692623Z 0 [Note] Shutting down plugin 'INNODB_LOCK_WAITS'
2022-12-16T09:31:49.693626Z 0 [Note] Shutting down plugin 'INNODB_LOCKS'
2022-12-16T09:31:49.693626Z 0 [Note] Shutting down plugin 'INNODB_TRX'
2022-12-16T09:31:49.694617Z 0 [Note] Shutting down plugin 'InnoDB'
2022-12-16T09:31:49.694617Z 0 [Note] InnoDB: FTS optimize thread exiting.
2022-12-16T09:31:49.695769Z 0 [Note] InnoDB: Starting shutdown...
2022-12-16T09:31:49.850050Z 0 [Note] InnoDB: Dumping buffer pool(s) to Z:\SAE_S3_WEB\bin\database\mysql-5.7.11\data\ib_buffer_pool
2022-12-16T09:31:49.865560Z 0 [Note] InnoDB: Buffer pool(s) dump completed at 221216 10:31:49
2022-12-16T09:31:51.163576Z 0 [Note] InnoDB: Shutdown completed; log sequence number 3259060
2022-12-16T09:31:51.167134Z 0 [Note] InnoDB: Removed temporary tablespace data file: "ibtmp1"
2022-12-16T09:31:51.168136Z 0 [Note] Shutting down plugin 'MEMORY'
2022-12-16T09:31:51.169132Z 0 [Note] Shutting down plugin 'CSV'
2022-12-16T09:31:51.169132Z 0 [Note] Shutting down plugin 'sha256_password'
2022-12-16T09:31:51.170160Z 0 [Note] Shutting down plugin 'mysql_native_password'
2022-12-16T09:31:51.170160Z 0 [Note] Shutting down plugin 'binlog'
2022-12-16T09:31:51.176838Z 0 [Note] Z:\SAE_S3_WEB\bin\database\mysql-5.7.11\bin\mysqld.exe: Shutdown complete

2022-12-16T09:31:52.223158Z 0 [Warning] TIMESTAMP with implicit DEFAULT value is deprecated. Please use --explicit_defaults_for_timestamp server option (see documentation for more details).
2022-12-16T09:31:52.224156Z 0 [Warning] 'NO_ZERO_DATE', 'NO_ZERO_IN_DATE' and 'ERROR_FOR_DIVISION_BY_ZERO' sql modes should be used with strict mode. They will be merged with strict mode in a future release.
2022-12-16T09:31:52.224156Z 0 [Warning] 'NO_AUTO_CREATE_USER' sql mode was not set.
2022-12-16T09:31:52.224156Z 0 [Warning] Insecure configuration for --secure-file-priv: Current value does not restrict location of generated files. Consider setting it to a valid, non-empty path.
2022-12-16T09:31:52.225153Z 0 [ERROR] Cannot open Windows EventLog; check privileges, or start server with --log_syslog=0
2022-12-16T09:31:52.225153Z 0 [Note] Z:\SAE_S3_WEB\bin\database\mysql-5.7.11\bin\mysqld.exe (mysqld 5.7.11) starting as process 6292 ...
2022-12-16T09:31:52.283996Z 0 [ERROR] Can't open shared library 'Z:\SAE_S3_WEB\bin\database\mysql-5.7.11\lib\plugin\keyring_file.dll' (errno: 126 Le module spécifié est introuvable.)
2022-12-16T09:31:52.284993Z 0 [ERROR] Couldn't load plugin named 'keyring_file' with soname 'keyring_file.dll'.
2022-12-16T09:31:52.300950Z 0 [Note] InnoDB: Mutexes and rw_locks use Windows interlocked functions
2022-12-16T09:31:52.301947Z 0 [Note] InnoDB: Uses event mutexes
2022-12-16T09:31:52.301947Z 0 [Note] InnoDB: Memory barrier is not used
2022-12-16T09:31:52.302945Z 0 [Note] InnoDB: Compressed tables use zlib 1.2.3
2022-12-16T09:31:52.311921Z 0 [Note] InnoDB: Number of pools: 1
2022-12-16T09:31:52.315910Z 0 [Note] InnoDB: Not using CPU crc32 instructions
2022-12-16T09:31:52.360820Z 0 [Note] InnoDB: Initializing buffer pool, total size = 128M, instances = 1, chunk size = 128M
2022-12-16T09:31:52.368769Z 0 [Note] InnoDB: Completed initialization of buffer pool
2022-12-16T09:31:52.558102Z 0 [Note] InnoDB: Highest supported file format is Barracuda.
2022-12-16T09:31:54.011688Z 0 [Note] InnoDB: Creating shared tablespace for temporary tables
2022-12-16T09:31:54.014679Z 0 [Note] InnoDB: Setting file '.\ibtmp1' size to 12 MB. Physically writing the file full; Please wait ...
2022-12-16T09:31:54.311312Z 0 [Note] InnoDB: File '.\ibtmp1' size is now 12 MB.
2022-12-16T09:31:54.341812Z 0 [Note] InnoDB: 96 redo rollback segment(s) found. 96 redo rollback segment(s) are active.
2022-12-16T09:31:54.342837Z 0 [Note] InnoDB: 32 non-redo rollback segment(s) are active.
2022-12-16T09:31:54.342837Z 0 [Note] InnoDB: Waiting for purge to start
2022-12-16T09:31:54.402009Z 0 [Note] InnoDB: 5.7.11 started; log sequence number 3259060
2022-12-16T09:31:54.409555Z 0 [Note] Plugin 'FEDERATED' is disabled.
2022-12-16T09:31:54.411119Z 0 [Note] InnoDB: Loading buffer pool(s) from Z:\SAE_S3_WEB\bin\database\mysql-5.7.11\data\ib_buffer_pool
2022-12-16T09:31:54.511483Z 0 [Warning] Failed to set up SSL because of the following SSL library error: SSL context is not usable without certificate and private key
2022-12-16T09:31:54.513510Z 0 [Note] Server hostname (bind-address): '*'; port: 3306
2022-12-16T09:31:54.514477Z 0 [Note] IPv6 is available.
2022-12-16T09:31:54.514477Z 0 [Note]   - '::' resolves to '::';
2022-12-16T09:31:54.515474Z 0 [Note] Server socket created on IP: '::'.
2022-12-16T09:31:54.614202Z 0 [Note] InnoDB: Buffer pool(s) load completed at 221216 10:31:54
2022-12-16T09:31:54.961319Z 0 [Note] Event Scheduler: Loaded 0 events
2022-12-16T09:31:54.962291Z 0 [Note] Z:\SAE_S3_WEB\bin\database\mysql-5.7.11\bin\mysqld.exe: ready for connections.
Version: '5.7.11'  socket: ''  port: 3306  MySQL Community Server (GPL)
2022-12-16T09:31:54.977469Z 0 [Note] Z:\SAE_S3_WEB\bin\database\mysql-5.7.11\bin\mysqld.exe: Normal shutdown

2022-12-16T09:31:54.977469Z 0 [Note] Giving 0 client threads a chance to die gracefully
2022-12-16T09:31:54.978468Z 0 [Note] Shutting down slave threads
2022-12-16T09:31:54.979465Z 0 [Note] Forcefully disconnecting 0 remaining clients
2022-12-16T09:31:54.979465Z 0 [Note] Event Scheduler: Purging the queue. 0 events
2022-12-16T09:31:54.980463Z 0 [Note] Binlog end
2022-12-16T09:31:54.981460Z 0 [Note] Shutting down plugin 'ngram'
2022-12-16T09:31:54.982457Z 0 [Note] Shutting down plugin 'partition'
2022-12-16T09:31:54.982457Z 0 [Note] Shutting down plugin 'BLACKHOLE'
2022-12-16T09:31:54.983454Z 0 [Note] Shutting down plugin 'ARCHIVE'
2022-12-16T09:31:54.983454Z 0 [Note] Shutting down plugin 'PERFORMANCE_SCHEMA'
2022-12-16T09:31:54.984452Z 0 [Note] Shutting down plugin 'MRG_MYISAM'
2022-12-16T09:31:54.984452Z 0 [Note] Shutting down plugin 'MyISAM'
2022-12-16T09:31:54.984452Z 0 [Note] Shutting down plugin 'INNODB_SYS_VIRTUAL'
2022-12-16T09:31:54.985480Z 0 [Note] Shutting down plugin 'INNODB_SYS_DATAFILES'
2022-12-16T09:31:54.985480Z 0 [Note] Shutting down plugin 'INNODB_SYS_TABLESPACES'
2022-12-16T09:31:54.986475Z 0 [Note] Shutting down plugin 'INNODB_SYS_FOREIGN_COLS'
2022-12-16T09:31:54.986475Z 0 [Note] Shutting down plugin 'INNODB_SYS_FOREIGN'
2022-12-16T09:31:54.987444Z 0 [Note] Shutting down plugin 'INNODB_SYS_FIELDS'
2022-12-16T09:31:54.987444Z 0 [Note] Shutting down plugin 'INNODB_SYS_COLUMNS'
2022-12-16T09:31:54.988469Z 0 [Note] Shutting down plugin 'INNODB_SYS_INDEXES'
2022-12-16T09:31:54.988469Z 0 [Note] Shutting down plugin 'INNODB_SYS_TABLESTATS'
2022-12-16T09:31:54.989467Z 0 [Note] Shutting down plugin 'INNODB_SYS_TABLES'
2022-12-16T09:31:54.989467Z 0 [Note] Shutting down plugin 'INNODB_FT_INDEX_TABLE'
2022-12-16T09:31:54.990469Z 0 [Note] Shutting down plugin 'INNODB_FT_INDEX_CACHE'
2022-12-16T09:31:54.990469Z 0 [Note] Shutting down plugin 'INNODB_FT_CONFIG'
2022-12-16T09:31:54.991464Z 0 [Note] Shutting down plugin 'INNODB_FT_BEING_DELETED'
2022-12-16T09:31:54.991464Z 0 [Note] Shutting down plugin 'INNODB_FT_DELETED'
2022-12-16T09:31:54.991464Z 0 [Note] Shutting down plugin 'INNODB_FT_DEFAULT_STOPWORD'
2022-12-16T09:31:54.992459Z 0 [Note] Shutting down plugin 'INNODB_METRICS'
2022-12-16T09:31:54.992459Z 0 [Note] Shutting down plugin 'INNODB_TEMP_TABLE_INFO'
2022-12-16T09:31:54.993457Z 0 [Note] Shutting down plugin 'INNODB_BUFFER_POOL_STATS'
2022-12-16T09:31:54.993457Z 0 [Note] Shutting down plugin 'INNODB_BUFFER_PAGE_LRU'
2022-12-16T09:31:54.994453Z 0 [Note] Shutting down plugin 'INNODB_BUFFER_PAGE'
2022-12-16T09:31:54.994453Z 0 [Note] Shutting down plugin 'INNODB_CMP_PER_INDEX_RESET'
2022-12-16T09:31:54.995451Z 0 [Note] Shutting down plugin 'INNODB_CMP_PER_INDEX'
2022-12-16T09:31:54.995451Z 0 [Note] Shutting down plugin 'INNODB_CMPMEM_RESET'
2022-12-16T09:31:54.996448Z 0 [Note] Shutting down plugin 'INNODB_CMPMEM'
2022-12-16T09:31:54.996448Z 0 [Note] Shutting down plugin 'INNODB_CMP_RESET'
2022-12-16T09:31:54.997447Z 0 [Note] Shutting down plugin 'INNODB_CMP'
2022-12-16T09:31:54.997447Z 0 [Note] Shutting down plugin 'INNODB_LOCK_WAITS'
2022-12-16T09:31:54.998445Z 0 [Note] Shutting down plugin 'INNODB_LOCKS'
2022-12-16T09:31:54.998445Z 0 [Note] Shutting down plugin 'INNODB_TRX'
2022-12-16T09:31:54.998445Z 0 [Note] Shutting down plugin 'InnoDB'
2022-12-16T09:31:54.999443Z 0 [Note] InnoDB: FTS optimize thread exiting.
2022-12-16T09:31:55.000419Z 0 [Note] InnoDB: Starting shutdown...
2022-12-16T09:31:55.114379Z 0 [Note] InnoDB: Dumping buffer pool(s) to Z:\SAE_S3_WEB\bin\database\mysql-5.7.11\data\ib_buffer_pool
2022-12-16T09:31:55.129677Z 0 [Note] InnoDB: Buffer pool(s) dump completed at 221216 10:31:55
2022-12-16T09:31:55.970359Z 0 [Note] InnoDB: Shutdown completed; log sequence number 3259079
2022-12-16T09:31:55.973321Z 0 [Note] InnoDB: Removed temporary tablespace data file: "ibtmp1"
2022-12-16T09:31:55.974354Z 0 [Note] Shutting down plugin 'MEMORY'
2022-12-16T09:31:55.974354Z 0 [Note] Shutting down plugin 'CSV'
2022-12-16T09:31:55.975342Z 0 [Note] Shutting down plugin 'sha256_password'
2022-12-16T09:31:55.975342Z 0 [Note] Shutting down plugin 'mysql_native_password'
2022-12-16T09:31:55.975342Z 0 [Note] Shutting down plugin 'binlog'
2022-12-16T09:31:55.982382Z 0 [Note] Z:\SAE_S3_WEB\bin\database\mysql-5.7.11\bin\mysqld.exe: Shutdown complete

2022-12-16T09:31:56.755420Z 0 [Warning] TIMESTAMP with implicit DEFAULT value is deprecated. Please use --explicit_defaults_for_timestamp server option (see documentation for more details).
2022-12-16T09:31:56.755420Z 0 [Warning] 'NO_ZERO_DATE', 'NO_ZERO_IN_DATE' and 'ERROR_FOR_DIVISION_BY_ZERO' sql modes should be used with strict mode. They will be merged with strict mode in a future release.
2022-12-16T09:31:56.755420Z 0 [Warning] 'NO_AUTO_CREATE_USER' sql mode was not set.
2022-12-16T09:31:56.755420Z 0 [Warning] Insecure configuration for --secure-file-priv: Current value does not restrict location of generated files. Consider setting it to a valid, non-empty path.
2022-12-16T09:31:56.755420Z 0 [ERROR] Cannot open Windows EventLog; check privileges, or start server with --log_syslog=0
2022-12-16T09:31:56.755420Z 0 [Note] Z:\SAE_S3_WEB\bin\database\mysql-5.7.11\bin\mysqld.exe (mysqld 5.7.11) starting as process 11816 ...
2022-12-16T09:31:56.778330Z 0 [ERROR] Can't open shared library 'Z:\SAE_S3_WEB\bin\database\mysql-5.7.11\lib\plugin\keyring_file.dll' (errno: 126 Le module spécifié est introuvable.)
2022-12-16T09:31:56.779327Z 0 [ERROR] Couldn't load plugin named 'keyring_file' with soname 'keyring_file.dll'.
2022-12-16T09:31:56.780324Z 0 [Note] InnoDB: Mutexes and rw_locks use Windows interlocked functions
2022-12-16T09:31:56.781350Z 0 [Note] InnoDB: Uses event mutexes
2022-12-16T09:31:56.781350Z 0 [Note] InnoDB: Memory barrier is not used
2022-12-16T09:31:56.781350Z 0 [Note] InnoDB: Compressed tables use zlib 1.2.3
2022-12-16T09:31:56.782348Z 0 [Note] InnoDB: Number of pools: 1
2022-12-16T09:31:56.783346Z 0 [Note] InnoDB: Not using CPU crc32 instructions
2022-12-16T09:31:56.825237Z 0 [Note] InnoDB: Initializing buffer pool, total size = 128M, instances = 1, chunk size = 128M
2022-12-16T09:31:56.831217Z 0 [Note] InnoDB: Completed initialization of buffer pool
2022-12-16T09:31:57.035642Z 0 [Note] InnoDB: Highest supported file format is Barracuda.
2022-12-16T09:31:58.351464Z 0 [Note] InnoDB: Creating shared tablespace for temporary tables
2022-12-16T09:31:58.354456Z 0 [Note] InnoDB: Setting file '.\ibtmp1' size to 12 MB. Physically writing the file full; Please wait ...
2022-12-16T09:31:58.707874Z 0 [Note] InnoDB: File '.\ibtmp1' size is now 12 MB.
2022-12-16T09:31:58.731202Z 0 [Note] InnoDB: 96 redo rollback segment(s) found. 96 redo rollback segment(s) are active.
2022-12-16T09:31:58.732201Z 0 [Note] InnoDB: 32 non-redo rollback segment(s) are active.
2022-12-16T09:31:58.733198Z 0 [Note] InnoDB: Waiting for purge to start
2022-12-16T09:31:58.786525Z 0 [Note] InnoDB: 5.7.11 started; log sequence number 3259079
2022-12-16T09:31:58.787523Z 0 [Note] Plugin 'FEDERATED' is disabled.
2022-12-16T09:31:58.794803Z 0 [Note] InnoDB: Loading buffer pool(s) from Z:\SAE_S3_WEB\bin\database\mysql-5.7.11\data\ib_buffer_pool
2022-12-16T09:31:58.846419Z 0 [Warning] Failed to set up SSL because of the following SSL library error: SSL context is not usable without certificate and private key
2022-12-16T09:31:58.848416Z 0 [Note] Server hostname (bind-address): '*'; port: 3306
2022-12-16T09:31:58.849413Z 0 [Note] IPv6 is available.
2022-12-16T09:31:58.849413Z 0 [Note]   - '::' resolves to '::';
2022-12-16T09:31:58.850411Z 0 [Note] Server socket created on IP: '::'.
2022-12-16T09:31:58.949143Z 0 [Note] InnoDB: Buffer pool(s) load completed at 221216 10:31:58
2022-12-16T09:31:59.068370Z 0 [Note] Event Scheduler: Loaded 0 events
2022-12-16T09:31:59.068370Z 0 [Note] Z:\SAE_S3_WEB\bin\database\mysql-5.7.11\bin\mysqld.exe: ready for connections.
Version: '5.7.11'  socket: ''  port: 3306  MySQL Community Server (GPL)
2022-12-16T09:32:55.750192Z 0 [Note] Z:\SAE_S3_WEB\bin\database\mysql-5.7.11\bin\mysqld.exe: Normal shutdown

2022-12-16T09:32:55.751226Z 0 [Note] Giving 0 client threads a chance to die gracefully
2022-12-16T09:32:55.751226Z 0 [Note] Shutting down slave threads
2022-12-16T09:32:55.752189Z 0 [Note] Forcefully disconnecting 0 remaining clients
2022-12-16T09:32:55.752189Z 0 [Note] Event Scheduler: Purging the queue. 0 events
2022-12-16T09:32:55.753186Z 0 [Note] Binlog end
2022-12-16T09:32:55.754184Z 0 [Note] Shutting down plugin 'ngram'
2022-12-16T09:32:55.754184Z 0 [Note] Shutting down plugin 'partition'
2022-12-16T09:32:55.755181Z 0 [Note] Shutting down plugin 'BLACKHOLE'
2022-12-16T09:32:55.755181Z 0 [Note] Shutting down plugin 'ARCHIVE'
2022-12-16T09:32:55.756178Z 0 [Note] Shutting down plugin 'PERFORMANCE_SCHEMA'
2022-12-16T09:32:55.756178Z 0 [Note] Shutting down plugin 'MRG_MYISAM'
2022-12-16T09:32:55.756178Z 0 [Note] Shutting down plugin 'MyISAM'
2022-12-16T09:32:55.757175Z 0 [Note] Shutting down plugin 'INNODB_SYS_VIRTUAL'
2022-12-16T09:32:55.757175Z 0 [Note] Shutting down plugin 'INNODB_SYS_DATAFILES'
2022-12-16T09:32:55.758201Z 0 [Note] Shutting down plugin 'INNODB_SYS_TABLESPACES'
2022-12-16T09:32:55.758201Z 0 [Note] Shutting down plugin 'INNODB_SYS_FOREIGN_COLS'
2022-12-16T09:32:55.759199Z 0 [Note] Shutting down plugin 'INNODB_SYS_FOREIGN'
2022-12-16T09:32:55.759199Z 0 [Note] Shutting down plugin 'INNODB_SYS_FIELDS'
2022-12-16T09:32:55.760167Z 0 [Note] Shutting down plugin 'INNODB_SYS_COLUMNS'
2022-12-16T09:32:55.760167Z 0 [Note] Shutting down plugin 'INNODB_SYS_INDEXES'
2022-12-16T09:32:55.761164Z 0 [Note] Shutting down plugin 'INNODB_SYS_TABLESTATS'
2022-12-16T09:32:55.761164Z 0 [Note] Shutting down plugin 'INNODB_SYS_TABLES'
2022-12-16T09:32:55.762161Z 0 [Note] Shutting down plugin 'INNODB_FT_INDEX_TABLE'
2022-12-16T09:32:55.762161Z 0 [Note] Shutting down plugin 'INNODB_FT_INDEX_CACHE'
2022-12-16T09:32:55.762161Z 0 [Note] Shutting down plugin 'INNODB_FT_CONFIG'
2022-12-16T09:32:55.763159Z 0 [Note] Shutting down plugin 'INNODB_FT_BEING_DELETED'
2022-12-16T09:32:55.763159Z 0 [Note] Shutting down plugin 'INNODB_FT_DELETED'
2022-12-16T09:32:55.764156Z 0 [Note] Shutting down plugin 'INNODB_FT_DEFAULT_STOPWORD'
2022-12-16T09:32:55.764156Z 0 [Note] Shutting down plugin 'INNODB_METRICS'
2022-12-16T09:32:55.765153Z 0 [Note] Shutting down plugin 'INNODB_TEMP_TABLE_INFO'
2022-12-16T09:32:55.765153Z 0 [Note] Shutting down plugin 'INNODB_BUFFER_POOL_STATS'
2022-12-16T09:32:55.766164Z 0 [Note] Shutting down plugin 'INNODB_BUFFER_PAGE_LRU'
2022-12-16T09:32:55.766164Z 0 [Note] Shutting down plugin 'INNODB_BUFFER_PAGE'
2022-12-16T09:32:55.767148Z 0 [Note] Shutting down plugin 'INNODB_CMP_PER_INDEX_RESET'
2022-12-16T09:32:55.767148Z 0 [Note] Shutting down plugin 'INNODB_CMP_PER_INDEX'
2022-12-16T09:32:55.768145Z 0 [Note] Shutting down plugin 'INNODB_CMPMEM_RESET'
2022-12-16T09:32:55.768145Z 0 [Note] Shutting down plugin 'INNODB_CMPMEM'
2022-12-16T09:32:55.769143Z 0 [Note] Shutting down plugin 'INNODB_CMP_RESET'
2022-12-16T09:32:55.769143Z 0 [Note] Shutting down plugin 'INNODB_CMP'
2022-12-16T09:32:55.770140Z 0 [Note] Shutting down plugin 'INNODB_LOCK_WAITS'
2022-12-16T09:32:55.770140Z 0 [Note] Shutting down plugin 'INNODB_LOCKS'
2022-12-16T09:32:55.770140Z 0 [Note] Shutting down plugin 'INNODB_TRX'
2022-12-16T09:32:55.771137Z 0 [Note] Shutting down plugin 'InnoDB'
2022-12-16T09:32:55.771904Z 0 [Note] InnoDB: FTS optimize thread exiting.
2022-12-16T09:32:55.772449Z 0 [Note] InnoDB: Starting shutdown...
2022-12-16T09:32:55.923695Z 0 [Note] InnoDB: Dumping buffer pool(s) to Z:\SAE_S3_WEB\bin\database\mysql-5.7.11\data\ib_buffer_pool
2022-12-16T09:32:55.944900Z 0 [Note] InnoDB: Buffer pool(s) dump completed at 221216 10:32:55
2022-12-16T09:32:56.867372Z 0 [Note] InnoDB: Shutdown completed; log sequence number 3259107
2022-12-16T09:32:56.870955Z 0 [Note] InnoDB: Removed temporary tablespace data file: "ibtmp1"
2022-12-16T09:32:56.870955Z 0 [Note] Shutting down plugin 'MEMORY'
2022-12-16T09:32:56.871955Z 0 [Note] Shutting down plugin 'CSV'
2022-12-16T09:32:56.871955Z 0 [Note] Shutting down plugin 'sha256_password'
2022-12-16T09:32:56.871955Z 0 [Note] Shutting down plugin 'mysql_native_password'
2022-12-16T09:32:56.872951Z 0 [Note] Shutting down plugin 'binlog'
2022-12-16T09:32:56.878123Z 0 [Note] Z:\SAE_S3_WEB\bin\database\mysql-5.7.11\bin\mysqld.exe: Shutdown complete

2022-12-16T09:32:57.847558Z 0 [Warning] TIMESTAMP with implicit DEFAULT value is deprecated. Please use --explicit_defaults_for_timestamp server option (see documentation for more details).
2022-12-16T09:32:57.848556Z 0 [Warning] 'NO_ZERO_DATE', 'NO_ZERO_IN_DATE' and 'ERROR_FOR_DIVISION_BY_ZERO' sql modes should be used with strict mode. They will be merged with strict mode in a future release.
2022-12-16T09:32:57.848556Z 0 [Warning] 'NO_AUTO_CREATE_USER' sql mode was not set.
2022-12-16T09:32:57.848556Z 0 [Warning] Insecure configuration for --secure-file-priv: Current value does not restrict location of generated files. Consider setting it to a valid, non-empty path.
2022-12-16T09:32:57.849553Z 0 [ERROR] Cannot open Windows EventLog; check privileges, or start server with --log_syslog=0
2022-12-16T09:32:57.849553Z 0 [Note] Z:\SAE_S3_WEB\bin\database\mysql-5.7.11\bin\mysqld.exe (mysqld 5.7.11) starting as process 6604 ...
2022-12-16T09:32:57.906415Z 0 [ERROR] Can't open shared library 'Z:\SAE_S3_WEB\bin\database\mysql-5.7.11\lib\plugin\keyring_file.dll' (errno: 126 Le module spécifié est introuvable.)
2022-12-16T09:32:57.908396Z 0 [ERROR] Couldn't load plugin named 'keyring_file' with soname 'keyring_file.dll'.
2022-12-16T09:32:57.924353Z 0 [Note] InnoDB: Mutexes and rw_locks use Windows interlocked functions
2022-12-16T09:32:57.925350Z 0 [Note] InnoDB: Uses event mutexes
2022-12-16T09:32:57.925350Z 0 [Note] InnoDB: Memory barrier is not used
2022-12-16T09:32:57.926348Z 0 [Note] InnoDB: Compressed tables use zlib 1.2.3
2022-12-16T09:32:57.935324Z 0 [Note] InnoDB: Number of pools: 1
2022-12-16T09:32:57.939313Z 0 [Note] InnoDB: Not using CPU crc32 instructions
2022-12-16T09:32:57.983196Z 0 [Note] InnoDB: Initializing buffer pool, total size = 128M, instances = 1, chunk size = 128M
2022-12-16T09:32:57.991203Z 0 [Note] InnoDB: Completed initialization of buffer pool
2022-12-16T09:32:58.185968Z 0 [Note] InnoDB: Highest supported file format is Barracuda.
