2022-12-09T07:33:35.127014Z 0 [Warning] TIMESTAMP with implicit DEFAULT value is deprecated. Please use --explicit_defaults_for_timestamp server option (see documentation for more details).
2022-12-09T07:33:35.128011Z 0 [Warning] 'NO_ZERO_DATE', 'NO_ZERO_IN_DATE' and 'ERROR_FOR_DIVISION_BY_ZERO' sql modes should be used with strict mode. They will be merged with strict mode in a future release.
2022-12-09T07:33:35.128011Z 0 [Warning] 'NO_AUTO_CREATE_USER' sql mode was not set.
2022-12-09T07:33:35.128011Z 0 [Warning] Insecure configuration for --secure-file-priv: Current value does not restrict location of generated files. Consider setting it to a valid, non-empty path.
2022-12-09T07:33:35.129008Z 0 [ERROR] Cannot open Windows EventLog; check privileges, or start server with --log_syslog=0
2022-12-09T07:33:35.129008Z 0 [Note] Z:\SAE_S3_WEB\bin\database\mysql-5.7.11\bin\mysqld.exe (mysqld 5.7.11) starting as process 7220 ...
2022-12-09T07:33:35.180870Z 0 [ERROR] Can't open shared library 'Z:\SAE_S3_WEB\bin\database\mysql-5.7.11\lib\plugin\keyring_file.dll' (errno: 126 Le module spécifié est introuvable.)
2022-12-09T07:33:35.181867Z 0 [ERROR] Couldn't load plugin named 'keyring_file' with soname 'keyring_file.dll'.
2022-12-09T07:33:35.195829Z 0 [Note] InnoDB: Mutexes and rw_locks use Windows interlocked functions
2022-12-09T07:33:35.196827Z 0 [Note] InnoDB: Uses event mutexes
2022-12-09T07:33:35.196827Z 0 [Note] InnoDB: Memory barrier is not used
2022-12-09T07:33:35.197824Z 0 [Note] InnoDB: Compressed tables use zlib 1.2.3
2022-12-09T07:33:35.205803Z 0 [Note] InnoDB: Number of pools: 1
2022-12-09T07:33:35.209792Z 0 [Note] InnoDB: Not using CPU crc32 instructions
2022-12-09T07:33:35.255672Z 0 [Note] InnoDB: Initializing buffer pool, total size = 128M, instances = 1, chunk size = 128M
2022-12-09T07:33:35.263648Z 0 [Note] InnoDB: Completed initialization of buffer pool
2022-12-09T07:33:35.455137Z 0 [Note] InnoDB: Highest supported file format is Barracuda.
2022-12-09T07:33:35.467119Z 0 [Note] InnoDB: Log scan progressed past the checkpoint lsn 3212396
2022-12-09T07:33:35.467119Z 0 [Note] InnoDB: Doing recovery: scanned up to log sequence number 3212405
2022-12-09T07:33:35.468999Z 0 [Note] InnoDB: Doing recovery: scanned up to log sequence number 3212405
2022-12-09T07:33:35.469998Z 0 [Note] InnoDB: Database was not shutdown normally!
2022-12-09T07:33:35.469998Z 0 [Note] InnoDB: Starting crash recovery.
2022-12-09T07:33:36.915464Z 0 [Note] InnoDB: Removed temporary tablespace data file: "ibtmp1"
2022-12-09T07:33:36.916462Z 0 [Note] InnoDB: Creating shared tablespace for temporary tables
2022-12-09T07:33:36.918456Z 0 [Note] InnoDB: Setting file '.\ibtmp1' size to 12 MB. Physically writing the file full; Please wait ...
2022-12-09T07:33:37.109797Z 0 [Note] InnoDB: File '.\ibtmp1' size is now 12 MB.
2022-12-09T07:33:37.131645Z 0 [Note] InnoDB: 96 redo rollback segment(s) found. 96 redo rollback segment(s) are active.
2022-12-09T07:33:37.132644Z 0 [Note] InnoDB: 32 non-redo rollback segment(s) are active.
2022-12-09T07:33:37.133641Z 0 [Note] InnoDB: Waiting for purge to start
2022-12-09T07:33:37.188276Z 0 [Note] InnoDB: 5.7.11 started; log sequence number 3212405
2022-12-09T07:33:37.194899Z 0 [Note] Plugin 'FEDERATED' is disabled.
2022-12-09T07:33:37.194899Z 0 [Note] InnoDB: Loading buffer pool(s) from Z:\SAE_S3_WEB\bin\database\mysql-5.7.11\data\ib_buffer_pool
2022-12-09T07:33:37.264325Z 0 [Note] InnoDB: Buffer pool(s) load completed at 221209  8:33:37
2022-12-09T07:33:37.274299Z 0 [Warning] Failed to set up SSL because of the following SSL library error: SSL context is not usable without certificate and private key
2022-12-09T07:33:37.277321Z 0 [Note] Server hostname (bind-address): '*'; port: 3306
2022-12-09T07:33:37.277321Z 0 [Note] IPv6 is available.
2022-12-09T07:33:37.278288Z 0 [Note]   - '::' resolves to '::';
2022-12-09T07:33:37.278288Z 0 [Note] Server socket created on IP: '::'.
2022-12-09T07:33:37.690312Z 0 [Note] Event Scheduler: Loaded 0 events
2022-12-09T07:33:37.690312Z 0 [Note] Z:\SAE_S3_WEB\bin\database\mysql-5.7.11\bin\mysqld.exe: ready for connections.
Version: '5.7.11'  socket: ''  port: 3306  MySQL Community Server (GPL)
2022-12-09T08:14:51.228833Z 0 [Note] Z:\SAE_S3_WEB\bin\database\mysql-5.7.11\bin\mysqld.exe: Normal shutdown

2022-12-09T08:14:51.229832Z 0 [Note] Giving 0 client threads a chance to die gracefully
2022-12-09T08:14:51.229832Z 0 [Note] Shutting down slave threads
2022-12-09T08:14:51.230829Z 0 [Note] Forcefully disconnecting 0 remaining clients
2022-12-09T08:14:51.230829Z 0 [Note] Event Scheduler: Purging the queue. 0 events
2022-12-09T08:14:51.231830Z 0 [Note] Binlog end
2022-12-09T08:14:51.233942Z 0 [Note] Shutting down plugin 'ngram'
2022-12-09T08:14:51.233942Z 0 [Note] Shutting down plugin 'partition'
2022-12-09T08:14:51.234939Z 0 [Note] Shutting down plugin 'BLACKHOLE'
2022-12-09T08:14:51.234939Z 0 [Note] Shutting down plugin 'ARCHIVE'
2022-12-09T08:14:51.234939Z 0 [Note] Shutting down plugin 'PERFORMANCE_SCHEMA'
2022-12-09T08:14:51.235936Z 0 [Note] Shutting down plugin 'MRG_MYISAM'
2022-12-09T08:14:51.235936Z 0 [Note] Shutting down plugin 'MyISAM'
2022-12-09T08:14:51.236933Z 0 [Note] Shutting down plugin 'INNODB_SYS_VIRTUAL'
2022-12-09T08:14:51.236933Z 0 [Note] Shutting down plugin 'INNODB_SYS_DATAFILES'
2022-12-09T08:14:51.237930Z 0 [Note] Shutting down plugin 'INNODB_SYS_TABLESPACES'
2022-12-09T08:14:51.237930Z 0 [Note] Shutting down plugin 'INNODB_SYS_FOREIGN_COLS'
2022-12-09T08:14:51.238928Z 0 [Note] Shutting down plugin 'INNODB_SYS_FOREIGN'
2022-12-09T08:14:51.238928Z 0 [Note] Shutting down plugin 'INNODB_SYS_FIELDS'
2022-12-09T08:14:51.239925Z 0 [Note] Shutting down plugin 'INNODB_SYS_COLUMNS'
2022-12-09T08:14:51.239925Z 0 [Note] Shutting down plugin 'INNODB_SYS_INDEXES'
2022-12-09T08:14:51.240922Z 0 [Note] Shutting down plugin 'INNODB_SYS_TABLESTATS'
2022-12-09T08:14:51.240922Z 0 [Note] Shutting down plugin 'INNODB_SYS_TABLES'
2022-12-09T08:14:51.241949Z 0 [Note] Shutting down plugin 'INNODB_FT_INDEX_TABLE'
2022-12-09T08:14:51.241949Z 0 [Note] Shutting down plugin 'INNODB_FT_INDEX_CACHE'
2022-12-09T08:14:51.242946Z 0 [Note] Shutting down plugin 'INNODB_FT_CONFIG'
2022-12-09T08:14:51.242946Z 0 [Note] Shutting down plugin 'INNODB_FT_BEING_DELETED'
2022-12-09T08:14:51.243943Z 0 [Note] Shutting down plugin 'INNODB_FT_DELETED'
2022-12-09T08:14:51.243943Z 0 [Note] Shutting down plugin 'INNODB_FT_DEFAULT_STOPWORD'
2022-12-09T08:14:51.244941Z 0 [Note] Shutting down plugin 'INNODB_METRICS'
2022-12-09T08:14:51.244941Z 0 [Note] Shutting down plugin 'INNODB_TEMP_TABLE_INFO'
2022-12-09T08:14:51.244941Z 0 [Note] Shutting down plugin 'INNODB_BUFFER_POOL_STATS'
2022-12-09T08:14:51.245938Z 0 [Note] Shutting down plugin 'INNODB_BUFFER_PAGE_LRU'
2022-12-09T08:14:51.246906Z 0 [Note] Shutting down plugin 'INNODB_BUFFER_PAGE'
2022-12-09T08:14:51.246906Z 0 [Note] Shutting down plugin 'INNODB_CMP_PER_INDEX_RESET'
2022-12-09T08:14:51.246906Z 0 [Note] Shutting down plugin 'INNODB_CMP_PER_INDEX'
2022-12-09T08:14:51.247933Z 0 [Note] Shutting down plugin 'INNODB_CMPMEM_RESET'
2022-12-09T08:14:51.248933Z 0 [Note] Shutting down plugin 'INNODB_CMPMEM'
2022-12-09T08:14:51.248933Z 0 [Note] Shutting down plugin 'INNODB_CMP_RESET'
2022-12-09T08:14:51.248933Z 0 [Note] Shutting down plugin 'INNODB_CMP'
2022-12-09T08:14:51.249930Z 0 [Note] Shutting down plugin 'INNODB_LOCK_WAITS'
2022-12-09T08:14:51.249930Z 0 [Note] Shutting down plugin 'INNODB_LOCKS'
2022-12-09T08:14:51.250927Z 0 [Note] Shutting down plugin 'INNODB_TRX'
2022-12-09T08:14:51.250927Z 0 [Note] Shutting down plugin 'InnoDB'
2022-12-09T08:14:51.251922Z 0 [Note] InnoDB: FTS optimize thread exiting.
2022-12-09T08:14:51.251922Z 0 [Note] InnoDB: Starting shutdown...
2022-12-09T08:14:51.370487Z 0 [Note] InnoDB: Dumping buffer pool(s) to Z:\SAE_S3_WEB\bin\database\mysql-5.7.11\data\ib_buffer_pool
2022-12-09T08:14:51.392390Z 0 [Note] InnoDB: Buffer pool(s) dump completed at 221209  9:14:51
2022-12-09T08:14:52.534535Z 0 [Note] InnoDB: Shutdown completed; log sequence number 3212433
2022-12-09T08:14:52.539372Z 0 [Note] InnoDB: Removed temporary tablespace data file: "ibtmp1"
2022-12-09T08:14:52.539372Z 0 [Note] Shutting down plugin 'MEMORY'
2022-12-09T08:14:52.539372Z 0 [Note] Shutting down plugin 'CSV'
2022-12-09T08:14:52.540372Z 0 [Note] Shutting down plugin 'sha256_password'
2022-12-09T08:14:52.540372Z 0 [Note] Shutting down plugin 'mysql_native_password'
2022-12-09T08:14:52.541368Z 0 [Note] Shutting down plugin 'binlog'
2022-12-09T08:14:52.546469Z 0 [Note] Z:\SAE_S3_WEB\bin\database\mysql-5.7.11\bin\mysqld.exe: Shutdown complete

