2022-12-12T10:08:53.962837Z 0 [Warning] TIMESTAMP with implicit DEFAULT value is deprecated. Please use --explicit_defaults_for_timestamp server option (see documentation for more details).
2022-12-12T10:08:53.963834Z 0 [Warning] 'NO_ZERO_DATE', 'NO_ZERO_IN_DATE' and 'ERROR_FOR_DIVISION_BY_ZERO' sql modes should be used with strict mode. They will be merged with strict mode in a future release.
2022-12-12T10:08:53.963834Z 0 [Warning] 'NO_AUTO_CREATE_USER' sql mode was not set.
2022-12-12T10:08:53.963834Z 0 [Warning] Insecure configuration for --secure-file-priv: Current value does not restrict location of generated files. Consider setting it to a valid, non-empty path.
2022-12-12T10:08:53.963834Z 0 [ERROR] Cannot open Windows EventLog; check privileges, or start server with --log_syslog=0
2022-12-12T10:08:53.963834Z 0 [Note] Z:\SAE_S3_WEB\bin\database\mysql-5.7.11\bin\mysqld.exe (mysqld 5.7.11) starting as process 9768 ...
2022-12-12T10:08:54.019685Z 0 [ERROR] Can't open shared library 'Z:\SAE_S3_WEB\bin\database\mysql-5.7.11\lib\plugin\keyring_file.dll' (errno: 126 Le module spécifié est introuvable.)
2022-12-12T10:08:54.020683Z 0 [ERROR] Couldn't load plugin named 'keyring_file' with soname 'keyring_file.dll'.
2022-12-12T10:08:54.036639Z 0 [Note] InnoDB: Mutexes and rw_locks use Windows interlocked functions
2022-12-12T10:08:54.036639Z 0 [Note] InnoDB: Uses event mutexes
2022-12-12T10:08:54.037637Z 0 [Note] InnoDB: Memory barrier is not used
2022-12-12T10:08:54.037637Z 0 [Note] InnoDB: Compressed tables use zlib 1.2.3
2022-12-12T10:08:54.047610Z 0 [Note] InnoDB: Number of pools: 1
2022-12-12T10:08:54.051599Z 0 [Note] InnoDB: Not using CPU crc32 instructions
2022-12-12T10:08:54.289962Z 0 [Note] InnoDB: Initializing buffer pool, total size = 128M, instances = 1, chunk size = 128M
2022-12-12T10:08:54.298938Z 0 [Note] InnoDB: Completed initialization of buffer pool
2022-12-12T10:08:54.526459Z 0 [Note] InnoDB: Highest supported file format is Barracuda.
2022-12-12T10:08:55.976188Z 0 [Note] InnoDB: Creating shared tablespace for temporary tables
2022-12-12T10:08:55.979180Z 0 [Note] InnoDB: Setting file '.\ibtmp1' size to 12 MB. Physically writing the file full; Please wait ...
2022-12-12T10:08:56.114532Z 0 [Note] InnoDB: File '.\ibtmp1' size is now 12 MB.
2022-12-12T10:08:56.137471Z 0 [Note] InnoDB: 96 redo rollback segment(s) found. 96 redo rollback segment(s) are active.
2022-12-12T10:08:56.138468Z 0 [Note] InnoDB: 32 non-redo rollback segment(s) are active.
2022-12-12T10:08:56.139465Z 0 [Note] InnoDB: Waiting for purge to start
2022-12-12T10:08:56.198307Z 0 [Note] InnoDB: 5.7.11 started; log sequence number 3212461
2022-12-12T10:08:56.201300Z 0 [Note] Plugin 'FEDERATED' is disabled.
2022-12-12T10:08:56.203294Z 0 [Note] InnoDB: Loading buffer pool(s) from Z:\SAE_S3_WEB\bin\database\mysql-5.7.11\data\ib_buffer_pool
2022-12-12T10:08:56.300037Z 0 [Warning] Failed to set up SSL because of the following SSL library error: SSL context is not usable without certificate and private key
2022-12-12T10:08:56.302031Z 0 [Note] Server hostname (bind-address): '*'; port: 3306
2022-12-12T10:08:56.303027Z 0 [Note] IPv6 is available.
2022-12-12T10:08:56.303027Z 0 [Note]   - '::' resolves to '::';
2022-12-12T10:08:56.304025Z 0 [Note] Server socket created on IP: '::'.
2022-12-12T10:08:56.618333Z 0 [Note] InnoDB: Buffer pool(s) load completed at 221212 11:08:56
2022-12-12T10:08:56.786882Z 0 [Note] Event Scheduler: Loaded 0 events
2022-12-12T10:08:56.786882Z 0 [Note] Z:\SAE_S3_WEB\bin\database\mysql-5.7.11\bin\mysqld.exe: ready for connections.
Version: '5.7.11'  socket: ''  port: 3306  MySQL Community Server (GPL)
2022-12-12T10:54:28.558500Z 0 [Note] Z:\SAE_S3_WEB\bin\database\mysql-5.7.11\bin\mysqld.exe: Normal shutdown

2022-12-12T10:54:28.594614Z 0 [Note] Giving 0 client threads a chance to die gracefully
2022-12-12T10:54:28.624029Z 0 [Note] Shutting down slave threads
2022-12-12T10:54:28.646554Z 0 [Note] Forcefully disconnecting 0 remaining clients
2022-12-12T10:54:28.672299Z 0 [Note] Event Scheduler: Purging the queue. 0 events
2022-12-12T10:54:28.698471Z 0 [Note] Binlog end
2022-12-12T10:54:28.720374Z 0 [Note] Shutting down plugin 'ngram'
2022-12-12T10:54:28.741835Z 0 [Note] Shutting down plugin 'partition'
2022-12-12T10:54:28.765080Z 0 [Note] Shutting down plugin 'BLACKHOLE'
2022-12-12T10:54:28.787895Z 0 [Note] Shutting down plugin 'ARCHIVE'
2022-12-12T10:54:28.809500Z 0 [Note] Shutting down plugin 'PERFORMANCE_SCHEMA'
2022-12-12T10:54:28.835310Z 0 [Note] Shutting down plugin 'MRG_MYISAM'
2022-12-12T10:54:28.862165Z 0 [Note] Shutting down plugin 'MyISAM'
2022-12-12T10:54:28.889530Z 0 [Note] Shutting down plugin 'INNODB_SYS_VIRTUAL'
2022-12-12T10:54:28.916864Z 0 [Note] Shutting down plugin 'INNODB_SYS_DATAFILES'
2022-12-12T10:54:28.942967Z 0 [Note] Shutting down plugin 'INNODB_SYS_TABLESPACES'
2022-12-12T10:54:28.970604Z 0 [Note] Shutting down plugin 'INNODB_SYS_FOREIGN_COLS'
2022-12-12T10:54:28.998505Z 0 [Note] Shutting down plugin 'INNODB_SYS_FOREIGN'
2022-12-12T10:54:29.024303Z 0 [Note] Shutting down plugin 'INNODB_SYS_FIELDS'
2022-12-12T10:54:29.049484Z 0 [Note] Shutting down plugin 'INNODB_SYS_COLUMNS'
2022-12-12T10:54:29.074462Z 0 [Note] Shutting down plugin 'INNODB_SYS_INDEXES'
2022-12-12T10:54:29.099393Z 0 [Note] Shutting down plugin 'INNODB_SYS_TABLESTATS'
2022-12-12T10:54:29.127082Z 0 [Note] Shutting down plugin 'INNODB_SYS_TABLES'
2022-12-12T10:54:29.153167Z 0 [Note] Shutting down plugin 'INNODB_FT_INDEX_TABLE'
2022-12-12T10:54:29.180531Z 0 [Note] Shutting down plugin 'INNODB_FT_INDEX_CACHE'
2022-12-12T10:54:29.207707Z 0 [Note] Shutting down plugin 'INNODB_FT_CONFIG'
2022-12-12T10:54:29.233025Z 0 [Note] Shutting down plugin 'INNODB_FT_BEING_DELETED'
2022-12-12T10:54:29.297265Z 0 [Note] Shutting down plugin 'INNODB_FT_DELETED'
2022-12-12T10:54:29.348130Z 0 [Note] Shutting down plugin 'INNODB_FT_DEFAULT_STOPWORD'
2022-12-12T10:54:29.395003Z 0 [Note] Shutting down plugin 'INNODB_METRICS'
2022-12-12T10:54:29.439883Z 0 [Note] Shutting down plugin 'INNODB_TEMP_TABLE_INFO'
2022-12-12T10:54:29.468757Z 0 [Note] Shutting down plugin 'INNODB_BUFFER_POOL_STATS'
2022-12-12T10:54:29.503911Z 0 [Note] Shutting down plugin 'INNODB_BUFFER_PAGE_LRU'
2022-12-12T10:54:29.531083Z 0 [Note] Shutting down plugin 'INNODB_BUFFER_PAGE'
2022-12-12T10:54:29.557487Z 0 [Note] Shutting down plugin 'INNODB_CMP_PER_INDEX_RESET'
2022-12-12T10:54:29.585877Z 0 [Note] Shutting down plugin 'INNODB_CMP_PER_INDEX'
2022-12-12T10:54:29.610985Z 0 [Note] Shutting down plugin 'INNODB_CMPMEM_RESET'
2022-12-12T10:54:29.637511Z 0 [Note] Shutting down plugin 'INNODB_CMPMEM'
2022-12-12T10:54:29.663158Z 0 [Note] Shutting down plugin 'INNODB_CMP_RESET'
2022-12-12T10:54:29.687994Z 0 [Note] Shutting down plugin 'INNODB_CMP'
2022-12-12T10:54:29.711495Z 0 [Note] Shutting down plugin 'INNODB_LOCK_WAITS'
2022-12-12T10:54:29.735996Z 0 [Note] Shutting down plugin 'INNODB_LOCKS'
2022-12-12T10:54:29.759180Z 0 [Note] Shutting down plugin 'INNODB_TRX'
2022-12-12T10:54:29.783927Z 0 [Note] Shutting down plugin 'InnoDB'
2022-12-12T10:54:29.811499Z 0 [Note] InnoDB: FTS optimize thread exiting.
2022-12-12T10:54:29.837248Z 0 [Note] InnoDB: Starting shutdown...
2022-12-12T10:54:29.999415Z 0 [Note] InnoDB: Dumping buffer pool(s) to Z:\SAE_S3_WEB\bin\database\mysql-5.7.11\data\ib_buffer_pool
2022-12-12T10:54:30.061765Z 0 [Note] InnoDB: Buffer pool(s) dump completed at 221212 11:54:30
2022-12-12T10:54:31.033594Z 0 [Note] InnoDB: Shutdown completed; log sequence number 3212489
2022-12-12T10:54:31.071578Z 0 [Note] InnoDB: Removed temporary tablespace data file: "ibtmp1"
2022-12-12T10:54:31.103778Z 0 [Note] Shutting down plugin 'MEMORY'
2022-12-12T10:54:31.126398Z 0 [Note] Shutting down plugin 'CSV'
2022-12-12T10:54:31.147624Z 0 [Note] Shutting down plugin 'sha256_password'
2022-12-12T10:54:31.172037Z 0 [Note] Shutting down plugin 'mysql_native_password'
2022-12-12T10:54:31.198698Z 0 [Note] Shutting down plugin 'binlog'
2022-12-12T10:54:31.223304Z 0 [Note] Z:\SAE_S3_WEB\bin\database\mysql-5.7.11\bin\mysqld.exe: Shutdown complete

2022-12-13T12:20:15.668262Z 0 [Warning] TIMESTAMP with implicit DEFAULT value is deprecated. Please use --explicit_defaults_for_timestamp server option (see documentation for more details).
2022-12-13T12:20:15.668262Z 0 [Warning] 'NO_ZERO_DATE', 'NO_ZERO_IN_DATE' and 'ERROR_FOR_DIVISION_BY_ZERO' sql modes should be used with strict mode. They will be merged with strict mode in a future release.
2022-12-13T12:20:15.668262Z 0 [Warning] 'NO_AUTO_CREATE_USER' sql mode was not set.
2022-12-13T12:20:15.668262Z 0 [Warning] Insecure configuration for --secure-file-priv: Current value does not restrict location of generated files. Consider setting it to a valid, non-empty path.
2022-12-13T12:20:15.669259Z 0 [ERROR] Cannot open Windows EventLog; check privileges, or start server with --log_syslog=0
2022-12-13T12:20:15.669259Z 0 [Note] Z:\SAE_S3_WEB\bin\database\mysql-5.7.11\bin\mysqld.exe (mysqld 5.7.11) starting as process 11424 ...
2022-12-13T12:20:15.728101Z 0 [ERROR] Can't open shared library 'Z:\SAE_S3_WEB\bin\database\mysql-5.7.11\lib\plugin\keyring_file.dll' (errno: 126 Le module spécifié est introuvable.)
2022-12-13T12:20:15.729099Z 0 [ERROR] Couldn't load plugin named 'keyring_file' with soname 'keyring_file.dll'.
2022-12-13T12:20:15.745089Z 0 [Note] InnoDB: Mutexes and rw_locks use Windows interlocked functions
2022-12-13T12:20:15.745089Z 0 [Note] InnoDB: Uses event mutexes
2022-12-13T12:20:15.746055Z 0 [Note] InnoDB: Memory barrier is not used
2022-12-13T12:20:15.746055Z 0 [Note] InnoDB: Compressed tables use zlib 1.2.3
2022-12-13T12:20:15.756028Z 0 [Note] InnoDB: Number of pools: 1
2022-12-13T12:20:15.761014Z 0 [Note] InnoDB: Not using CPU crc32 instructions
2022-12-13T12:20:15.855760Z 0 [Note] InnoDB: Initializing buffer pool, total size = 128M, instances = 1, chunk size = 128M
2022-12-13T12:20:15.862742Z 0 [Note] InnoDB: Completed initialization of buffer pool
2022-12-13T12:20:16.095835Z 0 [Note] InnoDB: Highest supported file format is Barracuda.
2022-12-13T12:20:16.120319Z 0 [Note] InnoDB: Log scan progressed past the checkpoint lsn 3214237
2022-12-13T12:20:16.120319Z 0 [Note] InnoDB: Doing recovery: scanned up to log sequence number 3214246
2022-12-13T12:20:16.123337Z 0 [Note] InnoDB: Doing recovery: scanned up to log sequence number 3214246
2022-12-13T12:20:16.123337Z 0 [Note] InnoDB: Database was not shutdown normally!
2022-12-13T12:20:16.124310Z 0 [Note] InnoDB: Starting crash recovery.
2022-12-13T12:20:18.758081Z 0 [Note] InnoDB: Removed temporary tablespace data file: "ibtmp1"
2022-12-13T12:20:18.758081Z 0 [Note] InnoDB: Creating shared tablespace for temporary tables
2022-12-13T12:20:18.761049Z 0 [Note] InnoDB: Setting file '.\ibtmp1' size to 12 MB. Physically writing the file full; Please wait ...
2022-12-13T12:20:18.957822Z 0 [Note] InnoDB: File '.\ibtmp1' size is now 12 MB.
2022-12-13T12:20:18.982915Z 0 [Note] InnoDB: 96 redo rollback segment(s) found. 96 redo rollback segment(s) are active.
2022-12-13T12:20:18.983913Z 0 [Note] InnoDB: 32 non-redo rollback segment(s) are active.
2022-12-13T12:20:18.984910Z 0 [Note] InnoDB: Waiting for purge to start
2022-12-13T12:20:19.052253Z 0 [Note] InnoDB: 5.7.11 started; log sequence number 3214246
2022-12-13T12:20:19.054471Z 0 [Note] Plugin 'FEDERATED' is disabled.
2022-12-13T12:20:19.054471Z 0 [Note] InnoDB: Loading buffer pool(s) from Z:\SAE_S3_WEB\bin\database\mysql-5.7.11\data\ib_buffer_pool
2022-12-13T12:20:19.151300Z 0 [Warning] Failed to set up SSL because of the following SSL library error: SSL context is not usable without certificate and private key
2022-12-13T12:20:19.154294Z 0 [Note] Server hostname (bind-address): '*'; port: 3306
2022-12-13T12:20:19.155290Z 0 [Note] IPv6 is available.
2022-12-13T12:20:19.155290Z 0 [Note]   - '::' resolves to '::';
2022-12-13T12:20:19.156288Z 0 [Note] Server socket created on IP: '::'.
2022-12-13T12:20:19.414230Z 0 [Note] InnoDB: Buffer pool(s) load completed at 221213 13:20:19
2022-12-13T12:20:19.636636Z 0 [Note] Event Scheduler: Loaded 0 events
2022-12-13T12:20:19.637633Z 0 [Note] Z:\SAE_S3_WEB\bin\database\mysql-5.7.11\bin\mysqld.exe: ready for connections.
Version: '5.7.11'  socket: ''  port: 3306  MySQL Community Server (GPL)
